Assembler report for ballplayer
<<<<<<< HEAD
Sat May 31 00:14:39 2025
=======
<<<<<<< HEAD
Fri May 30 19:56:36 2025
=======
Fri May 30 17:42:18 2025
>>>>>>> 6b28b45a61759ce77558bd97fecf8558ff25d14d
>>>>>>> 189f981f78451014fa3c4d5720550765f304b9ef
Quartus Prime Version 18.1.0 Build 625 09/12/2018 SJ Lite Edition


---------------------
; Table of Contents ;
---------------------
  1. Legal Notice
  2. Assembler Summary
  3. Assembler Settings
  4. Assembler Generated Files
  5. Assembler Device Options: D:/Quartus_Project/ballplayer/output_files/ballplayer.sof
  6. Assembler Messages



----------------
; Legal Notice ;
----------------
Copyright (C) 2018  Intel Corporation. All rights reserved.
Your use of Intel Corporation's design tools, logic functions 
and other software and tools, and its AMPP partner logic 
functions, and any output files from any of the foregoing 
(including device programming or simulation files), and any 
associated documentation or information are expressly subject 
to the terms and conditions of the Intel Program License 
Subscription Agreement, the Intel Quartus Prime License Agreement,
the Intel FPGA IP License Agreement, or other applicable license
agreement, including, without limitation, that your use is for
the sole purpose of programming logic devices manufactured by
Intel and sold by Intel or its authorized distributors.  Please
refer to the applicable agreement for further details.



+---------------------------------------------------------------+
; Assembler Summary                                             ;
+-----------------------+---------------------------------------+
<<<<<<< HEAD
; Assembler Status      ; Successful - Sat May 31 00:14:39 2025 ;
=======
<<<<<<< HEAD
; Assembler Status      ; Successful - Fri May 30 19:56:36 2025 ;
=======
; Assembler Status      ; Successful - Fri May 30 17:42:18 2025 ;
>>>>>>> 6b28b45a61759ce77558bd97fecf8558ff25d14d
>>>>>>> 189f981f78451014fa3c4d5720550765f304b9ef
; Revision Name         ; ballplayer                            ;
; Top-level Entity Name ; ballplayer_multi_image_test           ;
; Family                ; MAX 10                                ;
; Device                ; 10M08SAM153C8G                        ;
+-----------------------+---------------------------------------+


+----------------------------------+
; Assembler Settings               ;
+--------+---------+---------------+
; Option ; Setting ; Default Value ;
+--------+---------+---------------+


+-----------------------------------------------------------+
; Assembler Generated Files                                 ;
+-----------------------------------------------------------+
; File Name                                                 ;
+-----------------------------------------------------------+
; D:/Quartus_Project/ballplayer/output_files/ballplayer.sof ;
+-----------------------------------------------------------+


+-------------------------------------------------------------------------------------+
; Assembler Device Options: D:/Quartus_Project/ballplayer/output_files/ballplayer.sof ;
+----------------+--------------------------------------------------------------------+
; Option         ; Setting                                                            ;
+----------------+--------------------------------------------------------------------+
; JTAG usercode  ; 0x004AD2C7                                                         ;
; Checksum       ; 0x004AD2C7                                                         ;
+----------------+--------------------------------------------------------------------+


+--------------------+
; Assembler Messages ;
+--------------------+
Info: *******************************************************************
Info: Running Quartus Prime Assembler
    Info: Version 18.1.0 Build 625 09/12/2018 SJ Lite Edition
<<<<<<< HEAD
    Info: Processing started: Sat May 31 00:14:37 2025
=======
<<<<<<< HEAD
    Info: Processing started: Fri May 30 19:56:35 2025
=======
    Info: Processing started: Fri May 30 17:42:17 2025
>>>>>>> 6b28b45a61759ce77558bd97fecf8558ff25d14d
>>>>>>> 189f981f78451014fa3c4d5720550765f304b9ef
Info: Command: quartus_asm --read_settings_files=off --write_settings_files=off ballplayer -c ballplayer
Info (115031): Writing out detailed assembly data for power analysis
Info (115030): Assembler is generating device programming files
Info: Quartus Prime Assembler was successful. 0 errors, 0 warnings
<<<<<<< HEAD
    Info: Peak virtual memory: 4693 megabytes
    Info: Processing ended: Sat May 31 00:14:40 2025
    Info: Elapsed time: 00:00:03
=======
<<<<<<< HEAD
    Info: Peak virtual memory: 4680 megabytes
    Info: Processing ended: Fri May 30 19:56:36 2025
=======
    Info: Peak virtual memory: 4685 megabytes
    Info: Processing ended: Fri May 30 17:42:18 2025
>>>>>>> 6b28b45a61759ce77558bd97fecf8558ff25d14d
    Info: Elapsed time: 00:00:01
>>>>>>> 189f981f78451014fa3c4d5720550765f304b9ef
    Info: Total CPU time (on all processors): 00:00:01


