Flow report for ballplayer
<<<<<<< HEAD
Fri May 30 19:56:41 2025
=======
Fri May 30 17:42:25 2025
>>>>>>> 6b28b45a61759ce77558bd97fecf8558ff25d14d
Quartus Prime Version 18.1.0 Build 625 09/12/2018 SJ Lite Edition


---------------------
; Table of Contents ;
---------------------
  1. Legal Notice
  2. Flow Summary
  3. Flow Settings
  4. Flow Non-Default Global Settings
  5. Flow Elapsed Time
  6. Flow OS Summary
  7. Flow Log
  8. Flow Messages
  9. Flow Suppressed Messages



----------------
; Legal Notice ;
----------------
Copyright (C) 2018  Intel Corporation. All rights reserved.
Your use of Intel Corporation's design tools, logic functions 
and other software and tools, and its AMPP partner logic 
functions, and any output files from any of the foregoing 
(including device programming or simulation files), and any 
associated documentation or information are expressly subject 
to the terms and conditions of the Intel Program License 
Subscription Agreement, the Intel Quartus Prime License Agreement,
the Intel FPGA IP License Agreement, or other applicable license
agreement, including, without limitation, that your use is for
the sole purpose of programming logic devices manufactured by
Intel and sold by Intel or its authorized distributors.  Please
refer to the applicable agreement for further details.



+----------------------------------------------------------------------------------+
; Flow Summary                                                                     ;
+------------------------------------+---------------------------------------------+
<<<<<<< HEAD
; Flow Status                        ; Successful - Fri May 30 19:56:38 2025       ;
=======
; Flow Status                        ; Successful - Fri May 30 17:42:21 2025       ;
>>>>>>> 6b28b45a61759ce77558bd97fecf8558ff25d14d
; Quartus Prime Version              ; 18.1.0 Build 625 09/12/2018 SJ Lite Edition ;
; Revision Name                      ; ballplayer                                  ;
; Top-level Entity Name              ; ballplayer_top_test                         ;
; Family                             ; MAX 10                                      ;
; Device                             ; 10M08SAM153C8G                              ;
; Timing Models                      ; Final                                       ;
; Total logic elements               ; 811 / 8,064 ( 10 % )                        ;
;     Total combinational functions  ; 806 / 8,064 ( 10 % )                        ;
;     Dedicated logic registers      ; 136 / 8,064 ( 2 % )                         ;
; Total registers                    ; 136                                         ;
; Total pins                         ; 29 / 112 ( 26 % )                           ;
; Total virtual pins                 ; 0                                           ;
; Total memory bits                  ; 65,536 / 387,072 ( 17 % )                   ;
; Embedded Multiplier 9-bit elements ; 0 / 48 ( 0 % )                              ;
; Total PLLs                         ; 1 / 1 ( 100 % )                             ;
; UFM blocks                         ; 0 / 1 ( 0 % )                               ;
; ADC blocks                         ; 0 / 1 ( 0 % )                               ;
+------------------------------------+---------------------------------------------+


+-----------------------------------------+
; Flow Settings                           ;
+-------------------+---------------------+
; Option            ; Setting             ;
+-------------------+---------------------+
<<<<<<< HEAD
; Start date & time ; 05/30/2025 19:56:18 ;
=======
; Start date & time ; 05/30/2025 17:40:46 ;
>>>>>>> 6b28b45a61759ce77558bd97fecf8558ff25d14d
; Main task         ; Compilation         ;
; Revision Name     ; ballplayer          ;
+-------------------+---------------------+


+---------------------------------------------------------------------------------------------------------------------------------+
; Flow Non-Default Global Settings                                                                                                ;
+-------------------------------------+----------------------------------------+---------------+---------------------+------------+
; Assignment Name                     ; Value                                  ; Default Value ; Entity Name         ; Section Id ;
+-------------------------------------+----------------------------------------+---------------+---------------------+------------+
<<<<<<< HEAD
; COMPILER_SIGNATURE_ID               ; 5415294603552.174860617843236          ; --            ; --                  ; --         ;
=======
; COMPILER_SIGNATURE_ID               ; 5415294603552.174859804610316          ; --            ; --                  ; --         ;
>>>>>>> 6b28b45a61759ce77558bd97fecf8558ff25d14d
; MAX_CORE_JUNCTION_TEMP              ; 85                                     ; --            ; --                  ; --         ;
; MIN_CORE_JUNCTION_TEMP              ; 0                                      ; --            ; --                  ; --         ;
; NUM_PARALLEL_PROCESSORS             ; 4                                      ; --            ; --                  ; --         ;
; OUTPUT_IO_TIMING_FAR_END_VMEAS      ; Half Vccio                             ; --            ; --                  ; --         ;
; OUTPUT_IO_TIMING_FAR_END_VMEAS      ; Half Vccio                             ; --            ; --                  ; --         ;
; OUTPUT_IO_TIMING_NEAR_END_VMEAS     ; Half Vccio                             ; --            ; --                  ; --         ;
; OUTPUT_IO_TIMING_NEAR_END_VMEAS     ; Half Vccio                             ; --            ; --                  ; --         ;
; PARTITION_COLOR                     ; -- (Not supported for targeted family) ; --            ; ballplayer_top_test ; Top        ;
; PARTITION_FITTER_PRESERVATION_LEVEL ; -- (Not supported for targeted family) ; --            ; ballplayer_top_test ; Top        ;
; PARTITION_NETLIST_TYPE              ; -- (Not supported for targeted family) ; --            ; ballplayer_top_test ; Top        ;
; PROJECT_OUTPUT_DIRECTORY            ; output_files                           ; --            ; --                  ; --         ;
; TOP_LEVEL_ENTITY                    ; ballplayer_top_test                    ; ballplayer    ; --                  ; --         ;
+-------------------------------------+----------------------------------------+---------------+---------------------+------------+


+--------------------------------------------------------------------------------------------------------------------------+
; Flow Elapsed Time                                                                                                        ;
+----------------------+--------------+-------------------------+---------------------+------------------------------------+
; Module Name          ; Elapsed Time ; Average Processors Used ; Peak Virtual Memory ; Total CPU Time (on all processors) ;
+----------------------+--------------+-------------------------+---------------------+------------------------------------+
<<<<<<< HEAD
; Analysis & Synthesis ; 00:00:11     ; 1.0                     ; 4806 MB             ; 00:00:18                           ;
; Fitter               ; 00:00:05     ; 1.2                     ; 5567 MB             ; 00:00:06                           ;
; Assembler            ; 00:00:01     ; 1.0                     ; 4679 MB             ; 00:00:01                           ;
; Power Analyzer       ; 00:00:01     ; 1.2                     ; 4827 MB             ; 00:00:02                           ;
; Timing Analyzer      ; 00:00:02     ; 1.2                     ; 4795 MB             ; 00:00:02                           ;
; Total                ; 00:00:20     ; --                      ; --                  ; 00:00:29                           ;
=======
; Analysis & Synthesis ; 00:00:43     ; 1.0                     ; 4839 MB             ; 00:00:50                           ;
; Fitter               ; 00:00:46     ; 1.2                     ; 5670 MB             ; 00:00:57                           ;
; Assembler            ; 00:00:01     ; 1.0                     ; 4685 MB             ; 00:00:01                           ;
; Power Analyzer       ; 00:00:02     ; 2.0                     ; 4845 MB             ; 00:00:05                           ;
; Timing Analyzer      ; 00:00:03     ; 2.1                     ; 4808 MB             ; 00:00:05                           ;
; Total                ; 00:01:35     ; --                      ; --                  ; 00:01:58                           ;
>>>>>>> 6b28b45a61759ce77558bd97fecf8558ff25d14d
+----------------------+--------------+-------------------------+---------------------+------------------------------------+


+------------------------------------------------------------------------------------+
; Flow OS Summary                                                                    ;
+----------------------+------------------+------------+------------+----------------+
; Module Name          ; Machine Hostname ; OS Name    ; OS Version ; Processor type ;
+----------------------+------------------+------------+------------+----------------+
; Analysis & Synthesis ; scientist        ; Windows 10 ; 10.0       ; x86_64         ;
; Fitter               ; scientist        ; Windows 10 ; 10.0       ; x86_64         ;
; Assembler            ; scientist        ; Windows 10 ; 10.0       ; x86_64         ;
; Power Analyzer       ; scientist        ; Windows 10 ; 10.0       ; x86_64         ;
; Timing Analyzer      ; scientist        ; Windows 10 ; 10.0       ; x86_64         ;
+----------------------+------------------+------------+------------+----------------+


------------
; Flow Log ;
------------
quartus_map --read_settings_files=on --write_settings_files=off ballplayer -c ballplayer
quartus_fit --read_settings_files=off --write_settings_files=off ballplayer -c ballplayer
quartus_asm --read_settings_files=off --write_settings_files=off ballplayer -c ballplayer
quartus_pow --read_settings_files=off --write_settings_files=off ballplayer -c ballplayer
quartus_sta ballplayer -c ballplayer



