Timing Analyzer report for ballplayer
<<<<<<< HEAD
Tue Jun 10 15:55:38 2025
=======
Sat May 31 22:44:15 2025
>>>>>>> c3fbae9fd3fc06595eebe143e494726885096efe
Quartus Prime Version 18.1.0 Build 625 09/12/2018 SJ Lite Edition


---------------------
; Table of Contents ;
---------------------
  1. Legal Notice
  2. Timing Analyzer Summary
  3. Parallel Compilation
  4. SDC File List
  5. Clocks
  6. Slow 1200mV 85C Model Fmax Summary
  7. Slow 1200mV 85C Model Setup Summary
  8. Slow 1200mV 85C Model Hold Summary
  9. Slow 1200mV 85C Model Recovery Summary
 10. Slow 1200mV 85C Model Removal Summary
 11. Slow 1200mV 85C Model Minimum Pulse Width Summary
 12. Slow 1200mV 85C Model Metastability Summary
 13. Slow 1200mV 0C Model Fmax Summary
 14. Slow 1200mV 0C Model Setup Summary
 15. Slow 1200mV 0C Model Hold Summary
 16. Slow 1200mV 0C Model Recovery Summary
 17. Slow 1200mV 0C Model Removal Summary
 18. Slow 1200mV 0C Model Minimum Pulse Width Summary
 19. Slow 1200mV 0C Model Metastability Summary
 20. Fast 1200mV 0C Model Setup Summary
 21. Fast 1200mV 0C Model Hold Summary
 22. Fast 1200mV 0C Model Recovery Summary
 23. Fast 1200mV 0C Model Removal Summary
 24. Fast 1200mV 0C Model Minimum Pulse Width Summary
 25. Fast 1200mV 0C Model Metastability Summary
 26. Multicorner Timing Analysis Summary
 27. Board Trace Model Assignments
 28. Input Transition Times
 29. Signal Integrity Metrics (Slow 1200mv 0c Model)
 30. Signal Integrity Metrics (Slow 1200mv 85c Model)
 31. Signal Integrity Metrics (Fast 1200mv 0c Model)
 32. Setup Transfers
 33. Hold Transfers
 34. Recovery Transfers
 35. Removal Transfers
 36. Report TCCS
 37. Report RSKM
 38. Unconstrained Paths Summary
 39. Clock Status Summary
 40. Unconstrained Output Ports
 41. Unconstrained Output Ports
 42. Timing Analyzer Messages



----------------
; Legal Notice ;
----------------
Copyright (C) 2018  Intel Corporation. All rights reserved.
Your use of Intel Corporation's design tools, logic functions 
and other software and tools, and its AMPP partner logic 
functions, and any output files from any of the foregoing 
(including device programming or simulation files), and any 
associated documentation or information are expressly subject 
to the terms and conditions of the Intel Program License 
Subscription Agreement, the Intel Quartus Prime License Agreement,
the Intel FPGA IP License Agreement, or other applicable license
agreement, including, without limitation, that your use is for
the sole purpose of programming logic devices manufactured by
Intel and sold by Intel or its authorized distributors.  Please
refer to the applicable agreement for further details.



+-----------------------------------------------------------------------------+
; Timing Analyzer Summary                                                     ;
+-----------------------+-----------------------------------------------------+
; Quartus Prime Version ; Version 18.1.0 Build 625 09/12/2018 SJ Lite Edition ;
; Timing Analyzer       ; Legacy Timing Analyzer                              ;
; Revision Name         ; ballplayer                                          ;
; Device Family         ; MAX 10                                              ;
; Device Name           ; 10M08SAM153C8G                                      ;
; Timing Models         ; Final                                               ;
; Delay Model           ; Combined                                            ;
; Rise/Fall Delays      ; Enabled                                             ;
+-----------------------+-----------------------------------------------------+


+------------------------------------------+
; Parallel Compilation                     ;
+----------------------------+-------------+
; Processors                 ; Number      ;
+----------------------------+-------------+
; Number detected on machine ; 20          ;
; Maximum allowed            ; 4           ;
;                            ;             ;
<<<<<<< HEAD
; Average used               ; 2.61        ;
=======
; Average used               ; 1.69        ;
>>>>>>> c3fbae9fd3fc06595eebe143e494726885096efe
; Maximum used               ; 4           ;
;                            ;             ;
; Usage by Processor         ; % Time Used ;
;     Processor 1            ; 100.0%      ;
<<<<<<< HEAD
;     Processor 2            ;  55.0%      ;
;     Processors 3-4         ;  53.2%      ;
=======
;     Processor 2            ;  23.3%      ;
;     Processors 3-4         ;  23.0%      ;
>>>>>>> c3fbae9fd3fc06595eebe143e494726885096efe
+----------------------------+-------------+


+----------------------------------------------------------------+
; SDC File List                                                  ;
+----------------------------+--------+--------------------------+
; SDC File Path              ; Status ; Read at                  ;
+----------------------------+--------+--------------------------+
<<<<<<< HEAD
; ballplayer_multi_image.sdc ; OK     ; Tue Jun 10 15:55:34 2025 ;
=======
; ballplayer_multi_image.sdc ; OK     ; Sat May 31 22:44:08 2025 ;
>>>>>>> c3fbae9fd3fc06595eebe143e494726885096efe
+----------------------------+--------+--------------------------+


+---------------------------------------------------------------------------------------------------------------------------------------------------------------------------------------------------------------------------------------+
; Clocks                                                                                                                                                                                                                                ;
+------------+-----------+--------+-----------+-------+--------+------------+-----------+-------------+-------+--------+-----------+------------+----------+--------+--------+----------------------------------------------------------+
; Clock Name ; Type      ; Period ; Frequency ; Rise  ; Fall   ; Duty Cycle ; Divide by ; Multiply by ; Phase ; Offset ; Edge List ; Edge Shift ; Inverted ; Master ; Source ; Targets                                                  ;
+------------+-----------+--------+-----------+-------+--------+------------+-----------+-------------+-------+--------+-----------+------------+----------+--------+--------+----------------------------------------------------------+
; clk        ; Base      ; 40.000 ; 25.0 MHz  ; 0.000 ; 20.000 ;            ;           ;             ;       ;        ;           ;            ;          ;        ;        ; { clk }                                                  ;
; clk_25mhz  ; Generated ; 19.200 ; 52.08 MHz ; 0.000 ; 9.600  ;            ; 12        ; 25          ;       ;        ;           ;            ; false    ; clk    ; clk    ; { pll_inst|altpll_component|auto_generated|pll1|clk[1] } ;
+------------+-----------+--------+-----------+-------+--------+------------+-----------+-------------+-------+--------+-----------+------------+----------+--------+--------+----------------------------------------------------------+


+-------------------------------------------------+
; Slow 1200mV 85C Model Fmax Summary              ;
+-----------+-----------------+------------+------+
; Fmax      ; Restricted Fmax ; Clock Name ; Note ;
+-----------+-----------------+------------+------+
; 14.74 MHz ; 14.74 MHz       ; clk_25mhz  ;      ;
+-----------+-----------------+------------+------+
This panel reports FMAX for every clock in the design, regardless of the user-specified clock periods.  FMAX is only computed for paths where the source and destination registers or ports are driven by the same clock.  Paths of different clocks, including generated clocks, are ignored.  For paths between a clock and its inversion, FMAX is computed as if the rising and falling edges are scaled along with FMAX, such that the duty cycle (in terms of a percentage) is maintained. Altera recommends that you always use clock constraints and other slack reports for sign-off analysis.


+-------------------------------------+
; Slow 1200mV 85C Model Setup Summary ;
+-----------+---------+---------------+
; Clock     ; Slack   ; End Point TNS ;
+-----------+---------+---------------+
; clk_25mhz ; -48.660 ; -1111.639     ;
+-----------+---------+---------------+


+------------------------------------+
; Slow 1200mV 85C Model Hold Summary ;
+-----------+-------+----------------+
; Clock     ; Slack ; End Point TNS  ;
+-----------+-------+----------------+
; clk_25mhz ; 0.362 ; 0.000          ;
+-----------+-------+----------------+


------------------------------------------
; Slow 1200mV 85C Model Recovery Summary ;
------------------------------------------
No paths to report.


-----------------------------------------
; Slow 1200mV 85C Model Removal Summary ;
-----------------------------------------
No paths to report.


+---------------------------------------------------+
; Slow 1200mV 85C Model Minimum Pulse Width Summary ;
+-----------+--------+------------------------------+
; Clock     ; Slack  ; End Point TNS                ;
+-----------+--------+------------------------------+
; clk_25mhz ; 9.318  ; 0.000                        ;
; clk       ; 19.860 ; 0.000                        ;
+-----------+--------+------------------------------+


-----------------------------------------------
; Slow 1200mV 85C Model Metastability Summary ;
-----------------------------------------------
No synchronizer chains to report.


+-------------------------------------------------+
; Slow 1200mV 0C Model Fmax Summary               ;
+-----------+-----------------+------------+------+
; Fmax      ; Restricted Fmax ; Clock Name ; Note ;
+-----------+-----------------+------------+------+
; 15.69 MHz ; 15.69 MHz       ; clk_25mhz  ;      ;
+-----------+-----------------+------------+------+
This panel reports FMAX for every clock in the design, regardless of the user-specified clock periods.  FMAX is only computed for paths where the source and destination registers or ports are driven by the same clock.  Paths of different clocks, including generated clocks, are ignored.  For paths between a clock and its inversion, FMAX is computed as if the rising and falling edges are scaled along with FMAX, such that the duty cycle (in terms of a percentage) is maintained. Altera recommends that you always use clock constraints and other slack reports for sign-off analysis.


+-------------------------------------+
; Slow 1200mV 0C Model Setup Summary  ;
+-----------+---------+---------------+
; Clock     ; Slack   ; End Point TNS ;
+-----------+---------+---------------+
; clk_25mhz ; -44.533 ; -1008.680     ;
+-----------+---------+---------------+


+-----------------------------------+
; Slow 1200mV 0C Model Hold Summary ;
+-----------+-------+---------------+
; Clock     ; Slack ; End Point TNS ;
+-----------+-------+---------------+
; clk_25mhz ; 0.325 ; 0.000         ;
+-----------+-------+---------------+


-----------------------------------------
; Slow 1200mV 0C Model Recovery Summary ;
-----------------------------------------
No paths to report.


----------------------------------------
; Slow 1200mV 0C Model Removal Summary ;
----------------------------------------
No paths to report.


+--------------------------------------------------+
; Slow 1200mV 0C Model Minimum Pulse Width Summary ;
+-----------+--------+-----------------------------+
; Clock     ; Slack  ; End Point TNS               ;
+-----------+--------+-----------------------------+
; clk_25mhz ; 9.290  ; 0.000                       ;
; clk       ; 19.856 ; 0.000                       ;
+-----------+--------+-----------------------------+


----------------------------------------------
; Slow 1200mV 0C Model Metastability Summary ;
----------------------------------------------
No synchronizer chains to report.


+------------------------------------+
; Fast 1200mV 0C Model Setup Summary ;
+-----------+--------+---------------+
; Clock     ; Slack  ; End Point TNS ;
+-----------+--------+---------------+
; clk_25mhz ; -7.203 ; -147.106      ;
+-----------+--------+---------------+


+-----------------------------------+
; Fast 1200mV 0C Model Hold Summary ;
+-----------+-------+---------------+
; Clock     ; Slack ; End Point TNS ;
+-----------+-------+---------------+
; clk_25mhz ; 0.152 ; 0.000         ;
+-----------+-------+---------------+


-----------------------------------------
; Fast 1200mV 0C Model Recovery Summary ;
-----------------------------------------
No paths to report.


----------------------------------------
; Fast 1200mV 0C Model Removal Summary ;
----------------------------------------
No paths to report.


+--------------------------------------------------+
; Fast 1200mV 0C Model Minimum Pulse Width Summary ;
+-----------+--------+-----------------------------+
; Clock     ; Slack  ; End Point TNS               ;
+-----------+--------+-----------------------------+
; clk_25mhz ; 9.355  ; 0.000                       ;
; clk       ; 19.512 ; 0.000                       ;
+-----------+--------+-----------------------------+


----------------------------------------------
; Fast 1200mV 0C Model Metastability Summary ;
----------------------------------------------
No synchronizer chains to report.


+---------------------------------------------------------------------------------+
; Multicorner Timing Analysis Summary                                             ;
+------------------+-----------+-------+----------+---------+---------------------+
; Clock            ; Setup     ; Hold  ; Recovery ; Removal ; Minimum Pulse Width ;
+------------------+-----------+-------+----------+---------+---------------------+
; Worst-case Slack ; -48.660   ; 0.152 ; N/A      ; N/A     ; 9.290               ;
;  clk             ; N/A       ; N/A   ; N/A      ; N/A     ; 19.512              ;
;  clk_25mhz       ; -48.660   ; 0.152 ; N/A      ; N/A     ; 9.290               ;
; Design-wide TNS  ; -1111.639 ; 0.0   ; 0.0      ; 0.0     ; 0.0                 ;
;  clk             ; N/A       ; N/A   ; N/A      ; N/A     ; 0.000               ;
;  clk_25mhz       ; -1111.639 ; 0.000 ; N/A      ; N/A     ; 0.000               ;
+------------------+-----------+-------+----------+---------+---------------------+


+-----------------------------------------------------------------------------------------------------------------------------------------------------------------------------------------------------------------------------------------------------------------------------------------------------------------------------------------------------------------------------------------------------------------+
; Board Trace Model Assignments                                                                                                                                                                                                                                                                                                                                                                                   ;
+--------------+--------------+-------------------+-------------------------+-------------------------+---------------+---------------------+----------------+------------------+--------+------------------+------------------------+------------------------+--------------+---------------+-----------------+-------+---------------------+--------------------+---------------+-----------------+-------------+
; Pin          ; I/O Standard ; Near Tline Length ; Near Tline L per Length ; Near Tline C per Length ; Near Series R ; Near Differential R ; Near Pull-up R ; Near Pull-down R ; Near C ; Far Tline Length ; Far Tline L per Length ; Far Tline C per Length ; Far Series R ; Far Pull-up R ; Far Pull-down R ; Far C ; Termination Voltage ; Far Differential R ; EBD File Name ; EBD Signal Name ; EBD Far-end ;
+--------------+--------------+-------------------+-------------------------+-------------------------+---------------+---------------------+----------------+------------------+--------+------------------+------------------------+------------------------+--------------+---------------+-----------------+-------+---------------------+--------------------+---------------+-----------------+-------------+
; lcd_rst      ; 3.3-V LVTTL  ; 0 in              ; 0 H/in                  ; 0 F/in                  ; short         ; -                   ; open           ; open             ; open   ; 0 in             ; 0 H/in                 ; 0 F/in                 ; short        ; open          ; open            ; open  ; 0 V                 ; -                  ; n/a           ; n/a             ; n/a         ;
; lcd_blk      ; 3.3-V LVTTL  ; 0 in              ; 0 H/in                  ; 0 F/in                  ; short         ; -                   ; open           ; open             ; open   ; 0 in             ; 0 H/in                 ; 0 F/in                 ; short        ; open          ; open            ; open  ; 0 V                 ; -                  ; n/a           ; n/a             ; n/a         ;
; lcd_dc       ; 3.3-V LVTTL  ; 0 in              ; 0 H/in                  ; 0 F/in                  ; short         ; -                   ; open           ; open             ; open   ; 0 in             ; 0 H/in                 ; 0 F/in                 ; short        ; open          ; open            ; open  ; 0 V                 ; -                  ; n/a           ; n/a             ; n/a         ;
; lcd_sclk     ; 3.3-V LVTTL  ; 0 in              ; 0 H/in                  ; 0 F/in                  ; short         ; -                   ; open           ; open             ; open   ; 0 in             ; 0 H/in                 ; 0 F/in                 ; short        ; open          ; open            ; open  ; 0 V                 ; -                  ; n/a           ; n/a             ; n/a         ;
; lcd_mosi     ; 3.3-V LVTTL  ; 0 in              ; 0 H/in                  ; 0 F/in                  ; short         ; -                   ; open           ; open             ; open   ; 0 in             ; 0 H/in                 ; 0 F/in                 ; short        ; open          ; open            ; open  ; 0 V                 ; -                  ; n/a           ; n/a             ; n/a         ;
; lcd_cs       ; 3.3-V LVTTL  ; 0 in              ; 0 H/in                  ; 0 F/in                  ; short         ; -                   ; open           ; open             ; open   ; 0 in             ; 0 H/in                 ; 0 F/in                 ; short        ; open          ; open            ; open  ; 0 V                 ; -                  ; n/a           ; n/a             ; n/a         ;
; led[0]       ; 3.3-V LVTTL  ; 0 in              ; 0 H/in                  ; 0 F/in                  ; short         ; -                   ; open           ; open             ; open   ; 0 in             ; 0 H/in                 ; 0 F/in                 ; short        ; open          ; open            ; open  ; 0 V                 ; -                  ; n/a           ; n/a             ; n/a         ;
; led[1]       ; 3.3-V LVTTL  ; 0 in              ; 0 H/in                  ; 0 F/in                  ; short         ; -                   ; open           ; open             ; open   ; 0 in             ; 0 H/in                 ; 0 F/in                 ; short        ; open          ; open            ; open  ; 0 V                 ; -                  ; n/a           ; n/a             ; n/a         ;
; led[2]       ; 3.3-V LVTTL  ; 0 in              ; 0 H/in                  ; 0 F/in                  ; short         ; -                   ; open           ; open             ; open   ; 0 in             ; 0 H/in                 ; 0 F/in                 ; short        ; open          ; open            ; open  ; 0 V                 ; -                  ; n/a           ; n/a             ; n/a         ;
; led[3]       ; 3.3-V LVTTL  ; 0 in              ; 0 H/in                  ; 0 F/in                  ; short         ; -                   ; open           ; open             ; open   ; 0 in             ; 0 H/in                 ; 0 F/in                 ; short        ; open          ; open            ; open  ; 0 V                 ; -                  ; n/a           ; n/a             ; n/a         ;
; led[4]       ; 3.3-V LVTTL  ; 0 in              ; 0 H/in                  ; 0 F/in                  ; short         ; -                   ; open           ; open             ; open   ; 0 in             ; 0 H/in                 ; 0 F/in                 ; short        ; open          ; open            ; open  ; 0 V                 ; -                  ; n/a           ; n/a             ; n/a         ;
; led[5]       ; 3.3-V LVTTL  ; 0 in              ; 0 H/in                  ; 0 F/in                  ; short         ; -                   ; open           ; open             ; open   ; 0 in             ; 0 H/in                 ; 0 F/in                 ; short        ; open          ; open            ; open  ; 0 V                 ; -                  ; n/a           ; n/a             ; n/a         ;
; led[6]       ; 3.3-V LVTTL  ; 0 in              ; 0 H/in                  ; 0 F/in                  ; short         ; -                   ; open           ; open             ; open   ; 0 in             ; 0 H/in                 ; 0 F/in                 ; short        ; open          ; open            ; open  ; 0 V                 ; -                  ; n/a           ; n/a             ; n/a         ;
; led[7]       ; 3.3-V LVTTL  ; 0 in              ; 0 H/in                  ; 0 F/in                  ; short         ; -                   ; open           ; open             ; open   ; 0 in             ; 0 H/in                 ; 0 F/in                 ; short        ; open          ; open            ; open  ; 0 V                 ; -                  ; n/a           ; n/a             ; n/a         ;
; ~ALTERA_TDO~ ; 3.3-V LVTTL  ; 0 in              ; 0 H/in                  ; 0 F/in                  ; short         ; -                   ; open           ; open             ; open   ; 0 in             ; 0 H/in                 ; 0 F/in                 ; short        ; open          ; open            ; open  ; 0 V                 ; -                  ; n/a           ; n/a             ; n/a         ;
+--------------+--------------+-------------------+-------------------------+-------------------------+---------------+---------------------+----------------+------------------+--------+------------------+------------------------+------------------------+--------------+---------------+-----------------+-------+---------------------+--------------------+---------------+-----------------+-------------+


+---------------------------------------------------------------------------------+
; Input Transition Times                                                          ;
+---------------------+-----------------------+-----------------+-----------------+
; Pin                 ; I/O Standard          ; 10-90 Rise Time ; 90-10 Fall Time ;
+---------------------+-----------------------+-----------------+-----------------+
; rst_n               ; 3.3-V LVTTL           ; 2640 ps         ; 2640 ps         ;
; clk                 ; 3.3-V LVTTL           ; 2640 ps         ; 2640 ps         ;
; ~ALTERA_TMS~        ; 3.3 V Schmitt Trigger ; 2640 ps         ; 2640 ps         ;
; ~ALTERA_TCK~        ; 3.3 V Schmitt Trigger ; 2640 ps         ; 2640 ps         ;
; ~ALTERA_TDI~        ; 3.3 V Schmitt Trigger ; 2640 ps         ; 2640 ps         ;
; ~ALTERA_CONFIG_SEL~ ; 3.3-V LVTTL           ; 2640 ps         ; 2640 ps         ;
; ~ALTERA_nCONFIG~    ; 3.3 V Schmitt Trigger ; 2640 ps         ; 2640 ps         ;
; ~ALTERA_nSTATUS~    ; 3.3 V Schmitt Trigger ; 2640 ps         ; 2640 ps         ;
; ~ALTERA_CONF_DONE~  ; 3.3 V Schmitt Trigger ; 2640 ps         ; 2640 ps         ;
+---------------------+-----------------------+-----------------+-----------------+


+-------------------------------------------------------------------------------------------------------------------------------------------------------------------------------------------------------------------------------------------------------------------------------------------------------------------------------------------------------------------------------------------------------------------------------------------------------------------------------------------------------------------------------------------------------------------------------------------------------------------------------------------------------------------------------------------+
; Signal Integrity Metrics (Slow 1200mv 0c Model)                                                                                                                                                                                                                                                                                                                                                                                                                                                                                                                                                                                                                                           ;
+--------------+--------------+---------------------+---------------------+------------------------------+------------------------------+---------------------+---------------------+--------------------------------------+--------------------------------------+-----------------------------+-----------------------------+----------------------------+----------------------------+-----------------------------+-----------------------------+--------------------+--------------------+-------------------------------------+-------------------------------------+----------------------------+----------------------------+---------------------------+---------------------------+
; Pin          ; I/O Standard ; Board Delay on Rise ; Board Delay on Fall ; Steady State Voh at FPGA Pin ; Steady State Vol at FPGA Pin ; Voh Max at FPGA Pin ; Vol Min at FPGA Pin ; Ringback Voltage on Rise at FPGA Pin ; Ringback Voltage on Fall at FPGA Pin ; 10-90 Rise Time at FPGA Pin ; 90-10 Fall Time at FPGA Pin ; Monotonic Rise at FPGA Pin ; Monotonic Fall at FPGA Pin ; Steady State Voh at Far-end ; Steady State Vol at Far-end ; Voh Max at Far-end ; Vol Min at Far-end ; Ringback Voltage on Rise at Far-end ; Ringback Voltage on Fall at Far-end ; 10-90 Rise Time at Far-end ; 90-10 Fall Time at Far-end ; Monotonic Rise at Far-end ; Monotonic Fall at Far-end ;
+--------------+--------------+---------------------+---------------------+------------------------------+------------------------------+---------------------+---------------------+--------------------------------------+--------------------------------------+-----------------------------+-----------------------------+----------------------------+----------------------------+-----------------------------+-----------------------------+--------------------+--------------------+-------------------------------------+-------------------------------------+----------------------------+----------------------------+---------------------------+---------------------------+
; lcd_rst      ; 3.3-V LVTTL  ; 0 s                 ; 0 s                 ; 3.08 V                       ; 2.08e-08 V                   ; 3.18 V              ; -0.116 V            ; 0.265 V                              ; 0.229 V                              ; 4.69e-10 s                  ; 6.38e-10 s                  ; No                         ; No                         ; 3.08 V                      ; 2.08e-08 V                  ; 3.18 V             ; -0.116 V           ; 0.265 V                             ; 0.229 V                             ; 4.69e-10 s                 ; 6.38e-10 s                 ; No                        ; No                        ;
; lcd_blk      ; 3.3-V LVTTL  ; 0 s                 ; 0 s                 ; 3.08 V                       ; 2.08e-08 V                   ; 3.19 V              ; -0.127 V            ; 0.217 V                              ; 0.38 V                               ; 4.51e-10 s                  ; 4.73e-10 s                  ; No                         ; No                         ; 3.08 V                      ; 2.08e-08 V                  ; 3.19 V             ; -0.127 V           ; 0.217 V                             ; 0.38 V                              ; 4.51e-10 s                 ; 4.73e-10 s                 ; No                        ; No                        ;
; lcd_dc       ; 3.3-V LVTTL  ; 0 s                 ; 0 s                 ; 3.08 V                       ; 2.07e-08 V                   ; 3.18 V              ; -0.116 V            ; 0.266 V                              ; 0.227 V                              ; 4.7e-10 s                   ; 6.38e-10 s                  ; No                         ; No                         ; 3.08 V                      ; 2.07e-08 V                  ; 3.18 V             ; -0.116 V           ; 0.266 V                             ; 0.227 V                             ; 4.7e-10 s                  ; 6.38e-10 s                 ; No                        ; No                        ;
; lcd_sclk     ; 3.3-V LVTTL  ; 0 s                 ; 0 s                 ; 3.08 V                       ; 2.08e-08 V                   ; 3.09 V              ; -0.0046 V           ; 0.291 V                              ; 0.287 V                              ; 4.58e-09 s                  ; 4.9e-09 s                   ; No                         ; No                         ; 3.08 V                      ; 2.08e-08 V                  ; 3.09 V             ; -0.0046 V          ; 0.291 V                             ; 0.287 V                             ; 4.58e-09 s                 ; 4.9e-09 s                  ; No                        ; No                        ;
; lcd_mosi     ; 3.3-V LVTTL  ; 0 s                 ; 0 s                 ; 3.08 V                       ; 2.08e-08 V                   ; 3.19 V              ; -0.127 V            ; 0.217 V                              ; 0.38 V                               ; 4.51e-10 s                  ; 4.73e-10 s                  ; No                         ; No                         ; 3.08 V                      ; 2.08e-08 V                  ; 3.19 V             ; -0.127 V           ; 0.217 V                             ; 0.38 V                              ; 4.51e-10 s                 ; 4.73e-10 s                 ; No                        ; No                        ;
; lcd_cs       ; 3.3-V LVTTL  ; 0 s                 ; 0 s                 ; 3.08 V                       ; 2.08e-08 V                   ; 3.19 V              ; -0.127 V            ; 0.217 V                              ; 0.38 V                               ; 4.51e-10 s                  ; 4.73e-10 s                  ; No                         ; No                         ; 3.08 V                      ; 2.08e-08 V                  ; 3.19 V             ; -0.127 V           ; 0.217 V                             ; 0.38 V                              ; 4.51e-10 s                 ; 4.73e-10 s                 ; No                        ; No                        ;
; led[0]       ; 3.3-V LVTTL  ; 0 s                 ; 0 s                 ; 3.08 V                       ; 2.08e-08 V                   ; 3.19 V              ; -0.127 V            ; 0.217 V                              ; 0.38 V                               ; 4.51e-10 s                  ; 4.73e-10 s                  ; No                         ; No                         ; 3.08 V                      ; 2.08e-08 V                  ; 3.19 V             ; -0.127 V           ; 0.217 V                             ; 0.38 V                              ; 4.51e-10 s                 ; 4.73e-10 s                 ; No                        ; No                        ;
; led[1]       ; 3.3-V LVTTL  ; 0 s                 ; 0 s                 ; 3.08 V                       ; 2.08e-08 V                   ; 3.19 V              ; -0.128 V            ; 0.217 V                              ; 0.382 V                              ; 4.51e-10 s                  ; 4.73e-10 s                  ; No                         ; No                         ; 3.08 V                      ; 2.08e-08 V                  ; 3.19 V             ; -0.128 V           ; 0.217 V                             ; 0.382 V                             ; 4.51e-10 s                 ; 4.73e-10 s                 ; No                        ; No                        ;
; led[2]       ; 3.3-V LVTTL  ; 0 s                 ; 0 s                 ; 3.08 V                       ; 2.08e-08 V                   ; 3.19 V              ; -0.127 V            ; 0.217 V                              ; 0.38 V                               ; 4.51e-10 s                  ; 4.73e-10 s                  ; No                         ; No                         ; 3.08 V                      ; 2.08e-08 V                  ; 3.19 V             ; -0.127 V           ; 0.217 V                             ; 0.38 V                              ; 4.51e-10 s                 ; 4.73e-10 s                 ; No                        ; No                        ;
; led[3]       ; 3.3-V LVTTL  ; 0 s                 ; 0 s                 ; 3.08 V                       ; 2.08e-08 V                   ; 3.19 V              ; -0.127 V            ; 0.217 V                              ; 0.38 V                               ; 4.51e-10 s                  ; 4.73e-10 s                  ; No                         ; No                         ; 3.08 V                      ; 2.08e-08 V                  ; 3.19 V             ; -0.127 V           ; 0.217 V                             ; 0.38 V                              ; 4.51e-10 s                 ; 4.73e-10 s                 ; No                        ; No                        ;
; led[4]       ; 3.3-V LVTTL  ; 0 s                 ; 0 s                 ; 3.08 V                       ; 2.08e-08 V                   ; 3.09 V              ; -0.0046 V           ; 0.291 V                              ; 0.287 V                              ; 4.58e-09 s                  ; 4.9e-09 s                   ; No                         ; No                         ; 3.08 V                      ; 2.08e-08 V                  ; 3.09 V             ; -0.0046 V          ; 0.291 V                             ; 0.287 V                             ; 4.58e-09 s                 ; 4.9e-09 s                  ; No                        ; No                        ;
; led[5]       ; 3.3-V LVTTL  ; 0 s                 ; 0 s                 ; 3.08 V                       ; 2.08e-08 V                   ; 3.19 V              ; -0.128 V            ; 0.217 V                              ; 0.382 V                              ; 4.51e-10 s                  ; 4.73e-10 s                  ; No                         ; No                         ; 3.08 V                      ; 2.08e-08 V                  ; 3.19 V             ; -0.128 V           ; 0.217 V                             ; 0.382 V                             ; 4.51e-10 s                 ; 4.73e-10 s                 ; No                        ; No                        ;
; led[6]       ; 3.3-V LVTTL  ; 0 s                 ; 0 s                 ; 3.08 V                       ; 2.08e-08 V                   ; 3.19 V              ; -0.128 V            ; 0.217 V                              ; 0.382 V                              ; 4.51e-10 s                  ; 4.73e-10 s                  ; No                         ; No                         ; 3.08 V                      ; 2.08e-08 V                  ; 3.19 V             ; -0.128 V           ; 0.217 V                             ; 0.382 V                             ; 4.51e-10 s                 ; 4.73e-10 s                 ; No                        ; No                        ;
; led[7]       ; 3.3-V LVTTL  ; 0 s                 ; 0 s                 ; 3.08 V                       ; 2.08e-08 V                   ; 3.19 V              ; -0.127 V            ; 0.217 V                              ; 0.38 V                               ; 4.51e-10 s                  ; 4.73e-10 s                  ; No                         ; No                         ; 3.08 V                      ; 2.08e-08 V                  ; 3.19 V             ; -0.127 V           ; 0.217 V                             ; 0.38 V                              ; 4.51e-10 s                 ; 4.73e-10 s                 ; No                        ; No                        ;
; ~ALTERA_TDO~ ; 3.3-V LVTTL  ; 0 s                 ; 0 s                 ; 3.08 V                       ; 2.08e-08 V                   ; 3.19 V              ; -0.127 V            ; 0.217 V                              ; 0.38 V                               ; 4.51e-10 s                  ; 4.73e-10 s                  ; No                         ; No                         ; 3.08 V                      ; 2.08e-08 V                  ; 3.19 V             ; -0.127 V           ; 0.217 V                             ; 0.38 V                              ; 4.51e-10 s                 ; 4.73e-10 s                 ; No                        ; No                        ;
+--------------+--------------+---------------------+---------------------+------------------------------+------------------------------+---------------------+---------------------+--------------------------------------+--------------------------------------+-----------------------------+-----------------------------+----------------------------+----------------------------+-----------------------------+-----------------------------+--------------------+--------------------+-------------------------------------+-------------------------------------+----------------------------+----------------------------+---------------------------+---------------------------+


+-------------------------------------------------------------------------------------------------------------------------------------------------------------------------------------------------------------------------------------------------------------------------------------------------------------------------------------------------------------------------------------------------------------------------------------------------------------------------------------------------------------------------------------------------------------------------------------------------------------------------------------------------------------------------------------------+
; Signal Integrity Metrics (Slow 1200mv 85c Model)                                                                                                                                                                                                                                                                                                                                                                                                                                                                                                                                                                                                                                          ;
+--------------+--------------+---------------------+---------------------+------------------------------+------------------------------+---------------------+---------------------+--------------------------------------+--------------------------------------+-----------------------------+-----------------------------+----------------------------+----------------------------+-----------------------------+-----------------------------+--------------------+--------------------+-------------------------------------+-------------------------------------+----------------------------+----------------------------+---------------------------+---------------------------+
; Pin          ; I/O Standard ; Board Delay on Rise ; Board Delay on Fall ; Steady State Voh at FPGA Pin ; Steady State Vol at FPGA Pin ; Voh Max at FPGA Pin ; Vol Min at FPGA Pin ; Ringback Voltage on Rise at FPGA Pin ; Ringback Voltage on Fall at FPGA Pin ; 10-90 Rise Time at FPGA Pin ; 90-10 Fall Time at FPGA Pin ; Monotonic Rise at FPGA Pin ; Monotonic Fall at FPGA Pin ; Steady State Voh at Far-end ; Steady State Vol at Far-end ; Voh Max at Far-end ; Vol Min at Far-end ; Ringback Voltage on Rise at Far-end ; Ringback Voltage on Fall at Far-end ; 10-90 Rise Time at Far-end ; 90-10 Fall Time at Far-end ; Monotonic Rise at Far-end ; Monotonic Fall at Far-end ;
+--------------+--------------+---------------------+---------------------+------------------------------+------------------------------+---------------------+---------------------+--------------------------------------+--------------------------------------+-----------------------------+-----------------------------+----------------------------+----------------------------+-----------------------------+-----------------------------+--------------------+--------------------+-------------------------------------+-------------------------------------+----------------------------+----------------------------+---------------------------+---------------------------+
; lcd_rst      ; 3.3-V LVTTL  ; 0 s                 ; 0 s                 ; 3.08 V                       ; 1.3e-06 V                    ; 3.15 V              ; -0.0633 V           ; 0.176 V                              ; 0.311 V                              ; 6.41e-10 s                  ; 6.7e-10 s                   ; No                         ; No                         ; 3.08 V                      ; 1.3e-06 V                   ; 3.15 V             ; -0.0633 V          ; 0.176 V                             ; 0.311 V                             ; 6.41e-10 s                 ; 6.7e-10 s                  ; No                        ; No                        ;
; lcd_blk      ; 3.3-V LVTTL  ; 0 s                 ; 0 s                 ; 3.08 V                       ; 1.3e-06 V                    ; 3.15 V              ; -0.0683 V           ; 0.28 V                               ; 0.237 V                              ; 4.81e-10 s                  ; 6.41e-10 s                  ; Yes                        ; No                         ; 3.08 V                      ; 1.3e-06 V                   ; 3.15 V             ; -0.0683 V          ; 0.28 V                              ; 0.237 V                             ; 4.81e-10 s                 ; 6.41e-10 s                 ; Yes                       ; No                        ;
; lcd_dc       ; 3.3-V LVTTL  ; 0 s                 ; 0 s                 ; 3.08 V                       ; 1.3e-06 V                    ; 3.15 V              ; -0.0637 V           ; 0.176 V                              ; 0.31 V                               ; 6.43e-10 s                  ; 6.7e-10 s                   ; No                         ; No                         ; 3.08 V                      ; 1.3e-06 V                   ; 3.15 V             ; -0.0637 V          ; 0.176 V                             ; 0.31 V                              ; 6.43e-10 s                 ; 6.7e-10 s                  ; No                        ; No                        ;
; lcd_sclk     ; 3.3-V LVTTL  ; 0 s                 ; 0 s                 ; 3.08 V                       ; 1.3e-06 V                    ; 3.09 V              ; -0.0026 V           ; 0.276 V                              ; 0.251 V                              ; 5.46e-09 s                  ; 6.08e-09 s                  ; No                         ; Yes                        ; 3.08 V                      ; 1.3e-06 V                   ; 3.09 V             ; -0.0026 V          ; 0.276 V                             ; 0.251 V                             ; 5.46e-09 s                 ; 6.08e-09 s                 ; No                        ; Yes                       ;
; lcd_mosi     ; 3.3-V LVTTL  ; 0 s                 ; 0 s                 ; 3.08 V                       ; 1.3e-06 V                    ; 3.15 V              ; -0.0683 V           ; 0.28 V                               ; 0.237 V                              ; 4.81e-10 s                  ; 6.41e-10 s                  ; Yes                        ; No                         ; 3.08 V                      ; 1.3e-06 V                   ; 3.15 V             ; -0.0683 V          ; 0.28 V                              ; 0.237 V                             ; 4.81e-10 s                 ; 6.41e-10 s                 ; Yes                       ; No                        ;
; lcd_cs       ; 3.3-V LVTTL  ; 0 s                 ; 0 s                 ; 3.08 V                       ; 1.3e-06 V                    ; 3.15 V              ; -0.0683 V           ; 0.28 V                               ; 0.237 V                              ; 4.81e-10 s                  ; 6.41e-10 s                  ; Yes                        ; No                         ; 3.08 V                      ; 1.3e-06 V                   ; 3.15 V             ; -0.0683 V          ; 0.28 V                              ; 0.237 V                             ; 4.81e-10 s                 ; 6.41e-10 s                 ; Yes                       ; No                        ;
; led[0]       ; 3.3-V LVTTL  ; 0 s                 ; 0 s                 ; 3.08 V                       ; 1.3e-06 V                    ; 3.15 V              ; -0.0683 V           ; 0.28 V                               ; 0.237 V                              ; 4.81e-10 s                  ; 6.41e-10 s                  ; Yes                        ; No                         ; 3.08 V                      ; 1.3e-06 V                   ; 3.15 V             ; -0.0683 V          ; 0.28 V                              ; 0.237 V                             ; 4.81e-10 s                 ; 6.41e-10 s                 ; Yes                       ; No                        ;
; led[1]       ; 3.3-V LVTTL  ; 0 s                 ; 0 s                 ; 3.08 V                       ; 1.3e-06 V                    ; 3.15 V              ; -0.0683 V           ; 0.28 V                               ; 0.237 V                              ; 4.82e-10 s                  ; 6.4e-10 s                   ; Yes                        ; No                         ; 3.08 V                      ; 1.3e-06 V                   ; 3.15 V             ; -0.0683 V          ; 0.28 V                              ; 0.237 V                             ; 4.82e-10 s                 ; 6.4e-10 s                  ; Yes                       ; No                        ;
; led[2]       ; 3.3-V LVTTL  ; 0 s                 ; 0 s                 ; 3.08 V                       ; 1.3e-06 V                    ; 3.15 V              ; -0.0683 V           ; 0.28 V                               ; 0.237 V                              ; 4.81e-10 s                  ; 6.41e-10 s                  ; Yes                        ; No                         ; 3.08 V                      ; 1.3e-06 V                   ; 3.15 V             ; -0.0683 V          ; 0.28 V                              ; 0.237 V                             ; 4.81e-10 s                 ; 6.41e-10 s                 ; Yes                       ; No                        ;
; led[3]       ; 3.3-V LVTTL  ; 0 s                 ; 0 s                 ; 3.08 V                       ; 1.3e-06 V                    ; 3.15 V              ; -0.0683 V           ; 0.28 V                               ; 0.237 V                              ; 4.81e-10 s                  ; 6.41e-10 s                  ; Yes                        ; No                         ; 3.08 V                      ; 1.3e-06 V                   ; 3.15 V             ; -0.0683 V          ; 0.28 V                              ; 0.237 V                             ; 4.81e-10 s                 ; 6.41e-10 s                 ; Yes                       ; No                        ;
; led[4]       ; 3.3-V LVTTL  ; 0 s                 ; 0 s                 ; 3.08 V                       ; 1.3e-06 V                    ; 3.09 V              ; -0.0026 V           ; 0.276 V                              ; 0.251 V                              ; 5.46e-09 s                  ; 6.08e-09 s                  ; No                         ; Yes                        ; 3.08 V                      ; 1.3e-06 V                   ; 3.09 V             ; -0.0026 V          ; 0.276 V                             ; 0.251 V                             ; 5.46e-09 s                 ; 6.08e-09 s                 ; No                        ; Yes                       ;
; led[5]       ; 3.3-V LVTTL  ; 0 s                 ; 0 s                 ; 3.08 V                       ; 1.3e-06 V                    ; 3.15 V              ; -0.0683 V           ; 0.28 V                               ; 0.237 V                              ; 4.82e-10 s                  ; 6.4e-10 s                   ; Yes                        ; No                         ; 3.08 V                      ; 1.3e-06 V                   ; 3.15 V             ; -0.0683 V          ; 0.28 V                              ; 0.237 V                             ; 4.82e-10 s                 ; 6.4e-10 s                  ; Yes                       ; No                        ;
; led[6]       ; 3.3-V LVTTL  ; 0 s                 ; 0 s                 ; 3.08 V                       ; 1.3e-06 V                    ; 3.15 V              ; -0.0683 V           ; 0.28 V                               ; 0.237 V                              ; 4.82e-10 s                  ; 6.4e-10 s                   ; Yes                        ; No                         ; 3.08 V                      ; 1.3e-06 V                   ; 3.15 V             ; -0.0683 V          ; 0.28 V                              ; 0.237 V                             ; 4.82e-10 s                 ; 6.4e-10 s                  ; Yes                       ; No                        ;
; led[7]       ; 3.3-V LVTTL  ; 0 s                 ; 0 s                 ; 3.08 V                       ; 1.3e-06 V                    ; 3.15 V              ; -0.0683 V           ; 0.28 V                               ; 0.237 V                              ; 4.81e-10 s                  ; 6.41e-10 s                  ; Yes                        ; No                         ; 3.08 V                      ; 1.3e-06 V                   ; 3.15 V             ; -0.0683 V          ; 0.28 V                              ; 0.237 V                             ; 4.81e-10 s                 ; 6.41e-10 s                 ; Yes                       ; No                        ;
; ~ALTERA_TDO~ ; 3.3-V LVTTL  ; 0 s                 ; 0 s                 ; 3.08 V                       ; 1.3e-06 V                    ; 3.15 V              ; -0.0683 V           ; 0.28 V                               ; 0.237 V                              ; 4.81e-10 s                  ; 6.41e-10 s                  ; Yes                        ; No                         ; 3.08 V                      ; 1.3e-06 V                   ; 3.15 V             ; -0.0683 V          ; 0.28 V                              ; 0.237 V                             ; 4.81e-10 s                 ; 6.41e-10 s                 ; Yes                       ; No                        ;
+--------------+--------------+---------------------+---------------------+------------------------------+------------------------------+---------------------+---------------------+--------------------------------------+--------------------------------------+-----------------------------+-----------------------------+----------------------------+----------------------------+-----------------------------+-----------------------------+--------------------+--------------------+-------------------------------------+-------------------------------------+----------------------------+----------------------------+---------------------------+---------------------------+


+-------------------------------------------------------------------------------------------------------------------------------------------------------------------------------------------------------------------------------------------------------------------------------------------------------------------------------------------------------------------------------------------------------------------------------------------------------------------------------------------------------------------------------------------------------------------------------------------------------------------------------------------------------------------------------------------+
; Signal Integrity Metrics (Fast 1200mv 0c Model)                                                                                                                                                                                                                                                                                                                                                                                                                                                                                                                                                                                                                                           ;
+--------------+--------------+---------------------+---------------------+------------------------------+------------------------------+---------------------+---------------------+--------------------------------------+--------------------------------------+-----------------------------+-----------------------------+----------------------------+----------------------------+-----------------------------+-----------------------------+--------------------+--------------------+-------------------------------------+-------------------------------------+----------------------------+----------------------------+---------------------------+---------------------------+
; Pin          ; I/O Standard ; Board Delay on Rise ; Board Delay on Fall ; Steady State Voh at FPGA Pin ; Steady State Vol at FPGA Pin ; Voh Max at FPGA Pin ; Vol Min at FPGA Pin ; Ringback Voltage on Rise at FPGA Pin ; Ringback Voltage on Fall at FPGA Pin ; 10-90 Rise Time at FPGA Pin ; 90-10 Fall Time at FPGA Pin ; Monotonic Rise at FPGA Pin ; Monotonic Fall at FPGA Pin ; Steady State Voh at Far-end ; Steady State Vol at Far-end ; Voh Max at Far-end ; Vol Min at Far-end ; Ringback Voltage on Rise at Far-end ; Ringback Voltage on Fall at Far-end ; 10-90 Rise Time at Far-end ; 90-10 Fall Time at Far-end ; Monotonic Rise at Far-end ; Monotonic Fall at Far-end ;
+--------------+--------------+---------------------+---------------------+------------------------------+------------------------------+---------------------+---------------------+--------------------------------------+--------------------------------------+-----------------------------+-----------------------------+----------------------------+----------------------------+-----------------------------+-----------------------------+--------------------+--------------------+-------------------------------------+-------------------------------------+----------------------------+----------------------------+---------------------------+---------------------------+
; lcd_rst      ; 3.3-V LVTTL  ; 0 s                 ; 0 s                 ; 3.46 V                       ; 5.04e-07 V                   ; 3.63 V              ; -0.0262 V           ; 0.47 V                               ; 0.143 V                              ; 3.02e-10 s                  ; 4.42e-10 s                  ; No                         ; Yes                        ; 3.46 V                      ; 5.04e-07 V                  ; 3.63 V             ; -0.0262 V          ; 0.47 V                              ; 0.143 V                             ; 3.02e-10 s                 ; 4.42e-10 s                 ; No                        ; Yes                       ;
; lcd_blk      ; 3.3-V LVTTL  ; 0 s                 ; 0 s                 ; 3.46 V                       ; 5.04e-07 V                   ; 3.64 V              ; -0.0209 V           ; 0.388 V                              ; 0.087 V                              ; 2.79e-10 s                  ; 3.95e-10 s                  ; No                         ; Yes                        ; 3.46 V                      ; 5.04e-07 V                  ; 3.64 V             ; -0.0209 V          ; 0.388 V                             ; 0.087 V                             ; 2.79e-10 s                 ; 3.95e-10 s                 ; No                        ; Yes                       ;
; lcd_dc       ; 3.3-V LVTTL  ; 0 s                 ; 0 s                 ; 3.46 V                       ; 5.04e-07 V                   ; 3.62 V              ; -0.0254 V           ; 0.47 V                               ; 0.142 V                              ; 3.02e-10 s                  ; 4.43e-10 s                  ; No                         ; Yes                        ; 3.46 V                      ; 5.04e-07 V                  ; 3.62 V             ; -0.0254 V          ; 0.47 V                              ; 0.142 V                             ; 3.02e-10 s                 ; 4.43e-10 s                 ; No                        ; Yes                       ;
; lcd_sclk     ; 3.3-V LVTTL  ; 0 s                 ; 0 s                 ; 3.46 V                       ; 5.04e-07 V                   ; 3.48 V              ; -0.00721 V          ; 0.333 V                              ; 0.329 V                              ; 3.62e-09 s                  ; 4.03e-09 s                  ; No                         ; Yes                        ; 3.46 V                      ; 5.04e-07 V                  ; 3.48 V             ; -0.00721 V         ; 0.333 V                             ; 0.329 V                             ; 3.62e-09 s                 ; 4.03e-09 s                 ; No                        ; Yes                       ;
; lcd_mosi     ; 3.3-V LVTTL  ; 0 s                 ; 0 s                 ; 3.46 V                       ; 5.04e-07 V                   ; 3.64 V              ; -0.0209 V           ; 0.388 V                              ; 0.087 V                              ; 2.79e-10 s                  ; 3.95e-10 s                  ; No                         ; Yes                        ; 3.46 V                      ; 5.04e-07 V                  ; 3.64 V             ; -0.0209 V          ; 0.388 V                             ; 0.087 V                             ; 2.79e-10 s                 ; 3.95e-10 s                 ; No                        ; Yes                       ;
; lcd_cs       ; 3.3-V LVTTL  ; 0 s                 ; 0 s                 ; 3.46 V                       ; 5.04e-07 V                   ; 3.64 V              ; -0.0209 V           ; 0.388 V                              ; 0.087 V                              ; 2.79e-10 s                  ; 3.95e-10 s                  ; No                         ; Yes                        ; 3.46 V                      ; 5.04e-07 V                  ; 3.64 V             ; -0.0209 V          ; 0.388 V                             ; 0.087 V                             ; 2.79e-10 s                 ; 3.95e-10 s                 ; No                        ; Yes                       ;
; led[0]       ; 3.3-V LVTTL  ; 0 s                 ; 0 s                 ; 3.46 V                       ; 5.04e-07 V                   ; 3.64 V              ; -0.0209 V           ; 0.388 V                              ; 0.087 V                              ; 2.79e-10 s                  ; 3.95e-10 s                  ; No                         ; Yes                        ; 3.46 V                      ; 5.04e-07 V                  ; 3.64 V             ; -0.0209 V          ; 0.388 V                             ; 0.087 V                             ; 2.79e-10 s                 ; 3.95e-10 s                 ; No                        ; Yes                       ;
; led[1]       ; 3.3-V LVTTL  ; 0 s                 ; 0 s                 ; 3.46 V                       ; 5.04e-07 V                   ; 3.64 V              ; -0.0217 V           ; 0.39 V                               ; 0.089 V                              ; 2.79e-10 s                  ; 3.95e-10 s                  ; No                         ; Yes                        ; 3.46 V                      ; 5.04e-07 V                  ; 3.64 V             ; -0.0217 V          ; 0.39 V                              ; 0.089 V                             ; 2.79e-10 s                 ; 3.95e-10 s                 ; No                        ; Yes                       ;
; led[2]       ; 3.3-V LVTTL  ; 0 s                 ; 0 s                 ; 3.46 V                       ; 5.04e-07 V                   ; 3.64 V              ; -0.0209 V           ; 0.388 V                              ; 0.087 V                              ; 2.79e-10 s                  ; 3.95e-10 s                  ; No                         ; Yes                        ; 3.46 V                      ; 5.04e-07 V                  ; 3.64 V             ; -0.0209 V          ; 0.388 V                             ; 0.087 V                             ; 2.79e-10 s                 ; 3.95e-10 s                 ; No                        ; Yes                       ;
; led[3]       ; 3.3-V LVTTL  ; 0 s                 ; 0 s                 ; 3.46 V                       ; 5.04e-07 V                   ; 3.64 V              ; -0.0209 V           ; 0.388 V                              ; 0.087 V                              ; 2.79e-10 s                  ; 3.95e-10 s                  ; No                         ; Yes                        ; 3.46 V                      ; 5.04e-07 V                  ; 3.64 V             ; -0.0209 V          ; 0.388 V                             ; 0.087 V                             ; 2.79e-10 s                 ; 3.95e-10 s                 ; No                        ; Yes                       ;
; led[4]       ; 3.3-V LVTTL  ; 0 s                 ; 0 s                 ; 3.46 V                       ; 5.04e-07 V                   ; 3.48 V              ; -0.00721 V          ; 0.333 V                              ; 0.329 V                              ; 3.62e-09 s                  ; 4.03e-09 s                  ; No                         ; Yes                        ; 3.46 V                      ; 5.04e-07 V                  ; 3.48 V             ; -0.00721 V         ; 0.333 V                             ; 0.329 V                             ; 3.62e-09 s                 ; 4.03e-09 s                 ; No                        ; Yes                       ;
; led[5]       ; 3.3-V LVTTL  ; 0 s                 ; 0 s                 ; 3.46 V                       ; 5.04e-07 V                   ; 3.64 V              ; -0.0217 V           ; 0.39 V                               ; 0.089 V                              ; 2.79e-10 s                  ; 3.95e-10 s                  ; No                         ; Yes                        ; 3.46 V                      ; 5.04e-07 V                  ; 3.64 V             ; -0.0217 V          ; 0.39 V                              ; 0.089 V                             ; 2.79e-10 s                 ; 3.95e-10 s                 ; No                        ; Yes                       ;
; led[6]       ; 3.3-V LVTTL  ; 0 s                 ; 0 s                 ; 3.46 V                       ; 5.04e-07 V                   ; 3.64 V              ; -0.0217 V           ; 0.39 V                               ; 0.089 V                              ; 2.79e-10 s                  ; 3.95e-10 s                  ; No                         ; Yes                        ; 3.46 V                      ; 5.04e-07 V                  ; 3.64 V             ; -0.0217 V          ; 0.39 V                              ; 0.089 V                             ; 2.79e-10 s                 ; 3.95e-10 s                 ; No                        ; Yes                       ;
; led[7]       ; 3.3-V LVTTL  ; 0 s                 ; 0 s                 ; 3.46 V                       ; 5.04e-07 V                   ; 3.64 V              ; -0.0209 V           ; 0.388 V                              ; 0.087 V                              ; 2.79e-10 s                  ; 3.95e-10 s                  ; No                         ; Yes                        ; 3.46 V                      ; 5.04e-07 V                  ; 3.64 V             ; -0.0209 V          ; 0.388 V                             ; 0.087 V                             ; 2.79e-10 s                 ; 3.95e-10 s                 ; No                        ; Yes                       ;
; ~ALTERA_TDO~ ; 3.3-V LVTTL  ; 0 s                 ; 0 s                 ; 3.46 V                       ; 5.04e-07 V                   ; 3.64 V              ; -0.0209 V           ; 0.388 V                              ; 0.087 V                              ; 2.79e-10 s                  ; 3.95e-10 s                  ; No                         ; Yes                        ; 3.46 V                      ; 5.04e-07 V                  ; 3.64 V             ; -0.0209 V          ; 0.388 V                             ; 0.087 V                             ; 2.79e-10 s                 ; 3.95e-10 s                 ; No                        ; Yes                       ;
+--------------+--------------+---------------------+---------------------+------------------------------+------------------------------+---------------------+---------------------+--------------------------------------+--------------------------------------+-----------------------------+-----------------------------+----------------------------+----------------------------+-----------------------------+-----------------------------+--------------------+--------------------+-------------------------------------+-------------------------------------+----------------------------+----------------------------+---------------------------+---------------------------+


+------------------------------------------------------------------------+
; Setup Transfers                                                        ;
+------------+-----------+--------------+----------+----------+----------+
; From Clock ; To Clock  ; RR Paths     ; FR Paths ; RF Paths ; FF Paths ;
+------------+-----------+--------------+----------+----------+----------+
; clk_25mhz  ; clk       ; false path   ; 0        ; 0        ; 0        ;
; clk_25mhz  ; clk_25mhz ; > 2147483647 ; 0        ; 0        ; 0        ;
+------------+-----------+--------------+----------+----------+----------+
Entries labeled "false path" only account for clock-to-clock false paths and not path-based false paths. As a result, actual path counts may be lower than reported.


+------------------------------------------------------------------------+
; Hold Transfers                                                         ;
+------------+-----------+--------------+----------+----------+----------+
; From Clock ; To Clock  ; RR Paths     ; FR Paths ; RF Paths ; FF Paths ;
+------------+-----------+--------------+----------+----------+----------+
; clk_25mhz  ; clk       ; false path   ; 0        ; 0        ; 0        ;
; clk_25mhz  ; clk_25mhz ; > 2147483647 ; 0        ; 0        ; 0        ;
+------------+-----------+--------------+----------+----------+----------+
Entries labeled "false path" only account for clock-to-clock false paths and not path-based false paths. As a result, actual path counts may be lower than reported.


+----------------------------------------------------------------------+
; Recovery Transfers                                                   ;
+------------+-----------+------------+----------+----------+----------+
; From Clock ; To Clock  ; RR Paths   ; FR Paths ; RF Paths ; FF Paths ;
+------------+-----------+------------+----------+----------+----------+
; clk        ; clk_25mhz ; false path ; 0        ; 0        ; 0        ;
+------------+-----------+------------+----------+----------+----------+
Entries labeled "false path" only account for clock-to-clock false paths and not path-based false paths. As a result, actual path counts may be lower than reported.


+----------------------------------------------------------------------+
; Removal Transfers                                                    ;
+------------+-----------+------------+----------+----------+----------+
; From Clock ; To Clock  ; RR Paths   ; FR Paths ; RF Paths ; FF Paths ;
+------------+-----------+------------+----------+----------+----------+
; clk        ; clk_25mhz ; false path ; 0        ; 0        ; 0        ;
+------------+-----------+------------+----------+----------+----------+
Entries labeled "false path" only account for clock-to-clock false paths and not path-based false paths. As a result, actual path counts may be lower than reported.


---------------
; Report TCCS ;
---------------
No dedicated SERDES Transmitter circuitry present in device or used in design


---------------
; Report RSKM ;
---------------
No non-DPA dedicated SERDES Receiver circuitry present in device or used in design


+------------------------------------------------+
; Unconstrained Paths Summary                    ;
+---------------------------------+-------+------+
; Property                        ; Setup ; Hold ;
+---------------------------------+-------+------+
; Illegal Clocks                  ; 0     ; 0    ;
; Unconstrained Clocks            ; 1     ; 1    ;
; Unconstrained Input Ports       ; 1     ; 1    ;
; Unconstrained Input Port Paths  ; 1     ; 1    ;
; Unconstrained Output Ports      ; 5     ; 5    ;
; Unconstrained Output Port Paths ; 5     ; 5    ;
+---------------------------------+-------+------+


+------------------------------------------------------------------------------------------------------------------------------+
; Clock Status Summary                                                                                                         ;
+--------------------------------------------------------------------------------------+-----------+-----------+---------------+
; Target                                                                               ; Clock     ; Type      ; Status        ;
+--------------------------------------------------------------------------------------+-----------+-----------+---------------+
; clk                                                                                  ; clk       ; Base      ; Constrained   ;
; lcd_multi_image_display_160x240_portrait:lcd_portrait_display_inst|pixel_counter[10] ;           ; Base      ; Unconstrained ;
; pll_inst|altpll_component|auto_generated|pll1|clk[1]                                 ; clk_25mhz ; Generated ; Constrained   ;
+--------------------------------------------------------------------------------------+-----------+-----------+---------------+


+-----------------------------------------------------------------------------------------------------+
; Unconstrained Output Ports                                                                          ;
+-------------+---------------------------------------------------------------------------------------+
; Output Port ; Comment                                                                               ;
+-------------+---------------------------------------------------------------------------------------+
; led[0]      ; No output delay, min/max delays, false-path exceptions, or max skew assignments found ;
; led[1]      ; No output delay, min/max delays, false-path exceptions, or max skew assignments found ;
; led[2]      ; No output delay, min/max delays, false-path exceptions, or max skew assignments found ;
; led[3]      ; No output delay, min/max delays, false-path exceptions, or max skew assignments found ;
; led[4]      ; No output delay, min/max delays, false-path exceptions, or max skew assignments found ;
+-------------+---------------------------------------------------------------------------------------+


+-----------------------------------------------------------------------------------------------------+
; Unconstrained Output Ports                                                                          ;
+-------------+---------------------------------------------------------------------------------------+
; Output Port ; Comment                                                                               ;
+-------------+---------------------------------------------------------------------------------------+
; led[0]      ; No output delay, min/max delays, false-path exceptions, or max skew assignments found ;
; led[1]      ; No output delay, min/max delays, false-path exceptions, or max skew assignments found ;
; led[2]      ; No output delay, min/max delays, false-path exceptions, or max skew assignments found ;
; led[3]      ; No output delay, min/max delays, false-path exceptions, or max skew assignments found ;
; led[4]      ; No output delay, min/max delays, false-path exceptions, or max skew assignments found ;
+-------------+---------------------------------------------------------------------------------------+


+--------------------------+
; Timing Analyzer Messages ;
+--------------------------+
Info: *******************************************************************
Info: Running Quartus Prime Timing Analyzer
    Info: Version 18.1.0 Build 625 09/12/2018 SJ Lite Edition
<<<<<<< HEAD
    Info: Processing started: Tue Jun 10 15:55:33 2025
=======
    Info: Processing started: Sat May 31 22:44:07 2025
>>>>>>> c3fbae9fd3fc06595eebe143e494726885096efe
Info: Command: quartus_sta ballplayer -c ballplayer
Info: qsta_default_script.tcl version: #1
Info (20032): Parallel compilation is enabled and will use up to 4 processors
Info (21077): Low junction temperature is 0 degrees C
Info (21077): High junction temperature is 85 degrees C
Warning (335093): The Timing Analyzer is analyzing 8 combinational loops as latches. For more details, run the Check Timing command in the Timing Analyzer or view the "User-Specified and Inferred Latches" table in the Analysis & Synthesis report.
Info (332104): Reading SDC File: 'ballplayer_multi_image.sdc'
Warning (332174): Ignored filter at ballplayer_multi_image.sdc(15): led_status[*] could not be matched with a port File: D:/Quartus_Project/ballplayer/ballplayer_multi_image.sdc Line: 15
Warning (332049): Ignored set_output_delay at ballplayer_multi_image.sdc(15): Argument <targets> is an empty collection File: D:/Quartus_Project/ballplayer/ballplayer_multi_image.sdc Line: 15
    Info (332050): set_output_delay -clock "clk" -max 2.0 [get_ports {led_status[*]}] File: D:/Quartus_Project/ballplayer/ballplayer_multi_image.sdc Line: 15
Warning (332049): Ignored set_output_delay at ballplayer_multi_image.sdc(16): Argument <targets> is an empty collection File: D:/Quartus_Project/ballplayer/ballplayer_multi_image.sdc Line: 16
    Info (332050): set_output_delay -clock "clk" -min 0.5 [get_ports {led_status[*]}] File: D:/Quartus_Project/ballplayer/ballplayer_multi_image.sdc Line: 16
Warning (332174): Ignored filter at ballplayer_multi_image.sdc(22): *rom* could not be matched with a cell File: D:/Quartus_Project/ballplayer/ballplayer_multi_image.sdc Line: 22
Warning (332049): Ignored set_multicycle_path at ballplayer_multi_image.sdc(22): Argument <from> is an empty collection File: D:/Quartus_Project/ballplayer/ballplayer_multi_image.sdc Line: 22
    Info (332050): set_multicycle_path -setup -end 2 -from [get_cells {*rom*}] -to [get_cells {*lcd*}] File: D:/Quartus_Project/ballplayer/ballplayer_multi_image.sdc Line: 22
Warning (332049): Ignored set_multicycle_path at ballplayer_multi_image.sdc(23): Argument <from> is an empty collection File: D:/Quartus_Project/ballplayer/ballplayer_multi_image.sdc Line: 23
    Info (332050): set_multicycle_path -hold -end 1 -from [get_cells {*rom*}] -to [get_cells {*lcd*}] File: D:/Quartus_Project/ballplayer/ballplayer_multi_image.sdc Line: 23
Warning (332174): Ignored filter at ballplayer_multi_image.sdc(26): *image_timer* could not be matched with a cell File: D:/Quartus_Project/ballplayer/ballplayer_multi_image.sdc Line: 26
Warning (332174): Ignored filter at ballplayer_multi_image.sdc(26): *current_image* could not be matched with a cell File: D:/Quartus_Project/ballplayer/ballplayer_multi_image.sdc Line: 26
Warning (332049): Ignored set_multicycle_path at ballplayer_multi_image.sdc(26): Argument <from> is an empty collection File: D:/Quartus_Project/ballplayer/ballplayer_multi_image.sdc Line: 26
    Info (332050): set_multicycle_path -setup -end 5 -from [get_cells {*image_timer*}] -to [get_cells {*current_image*}] File: D:/Quartus_Project/ballplayer/ballplayer_multi_image.sdc Line: 26
Warning (332049): Ignored set_multicycle_path at ballplayer_multi_image.sdc(26): Argument <to> is an empty collection File: D:/Quartus_Project/ballplayer/ballplayer_multi_image.sdc Line: 26
Warning (332049): Ignored set_multicycle_path at ballplayer_multi_image.sdc(27): Argument <from> is an empty collection File: D:/Quartus_Project/ballplayer/ballplayer_multi_image.sdc Line: 27
    Info (332050): set_multicycle_path -hold -end 4 -from [get_cells {*image_timer*}] -to [get_cells {*current_image*}] File: D:/Quartus_Project/ballplayer/ballplayer_multi_image.sdc Line: 27
Warning (332049): Ignored set_multicycle_path at ballplayer_multi_image.sdc(27): Argument <to> is an empty collection File: D:/Quartus_Project/ballplayer/ballplayer_multi_image.sdc Line: 27
Warning (332049): Ignored set_multicycle_path at ballplayer_multi_image.sdc(36): Argument <from> is an empty collection File: D:/Quartus_Project/ballplayer/ballplayer_multi_image.sdc Line: 36
    Info (332050): set_multicycle_path -setup -end 3 -from [get_cells {*rom*}] -to [get_cells {*lcd*}] File: D:/Quartus_Project/ballplayer/ballplayer_multi_image.sdc Line: 36
Warning (332049): Ignored set_multicycle_path at ballplayer_multi_image.sdc(37): Argument <from> is an empty collection File: D:/Quartus_Project/ballplayer/ballplayer_multi_image.sdc Line: 37
    Info (332050): set_multicycle_path -hold -end 2 -from [get_cells {*rom*}] -to [get_cells {*lcd*}] File: D:/Quartus_Project/ballplayer/ballplayer_multi_image.sdc Line: 37
Warning (332060): Node: lcd_multi_image_display_160x240_portrait:lcd_portrait_display_inst|pixel_counter[10] was determined to be a clock but was found without an associated clock assignment.
    Info (13166): Latch lcd_multi_image_display_160x240_portrait:lcd_portrait_display_inst|image_y[5] is being clocked by lcd_multi_image_display_160x240_portrait:lcd_portrait_display_inst|pixel_counter[10]
Warning (332056): PLL cross checking found inconsistent PLL clock settings:
    Warning (332056): Clock: clk_25mhz with master clock period: 40.000 found on PLL node: pll_inst|altpll_component|auto_generated|pll1|clk[1] does not match the master clock period requirement: 83.333
Critical Warning (332168): The following clock transfers have no clock uncertainty assignment. For more accurate results, apply clock uncertainty assignments or use the derive_clock_uncertainty command.
    Critical Warning (332169): From clk_25mhz (Rise) to clk_25mhz (Rise) (setup and hold)
Info: Found TIMING_ANALYZER_REPORT_SCRIPT_INCLUDE_DEFAULT_ANALYSIS = ON
Info: Analyzing Slow 1200mV 85C Model
Info: Can't run Report Timing Closure Recommendations. The current device family is not supported.
Critical Warning (332148): Timing requirements not met
Info (332146): Worst-case setup slack is -48.660
    Info (332119):     Slack       End Point TNS Clock 
    Info (332119): ========= =================== =====================
    Info (332119):   -48.660           -1111.639 clk_25mhz 
Info (332146): Worst-case hold slack is 0.362
    Info (332119):     Slack       End Point TNS Clock 
    Info (332119): ========= =================== =====================
    Info (332119):     0.362               0.000 clk_25mhz 
Info (332140): No Recovery paths to report
Info (332140): No Removal paths to report
Info (332146): Worst-case minimum pulse width slack is 9.318
    Info (332119):     Slack       End Point TNS Clock 
    Info (332119): ========= =================== =====================
    Info (332119):     9.318               0.000 clk_25mhz 
    Info (332119):    19.860               0.000 clk 
Info: Analyzing Slow 1200mV 0C Model
Info (334003): Started post-fitting delay annotation
Info (334004): Delay annotation completed successfully
Warning (332060): Node: lcd_multi_image_display_160x240_portrait:lcd_portrait_display_inst|pixel_counter[10] was determined to be a clock but was found without an associated clock assignment.
    Info (13166): Latch lcd_multi_image_display_160x240_portrait:lcd_portrait_display_inst|image_y[5] is being clocked by lcd_multi_image_display_160x240_portrait:lcd_portrait_display_inst|pixel_counter[10]
Warning (332056): PLL cross checking found inconsistent PLL clock settings:
    Warning (332056): Clock: clk_25mhz with master clock period: 40.000 found on PLL node: pll_inst|altpll_component|auto_generated|pll1|clk[1] does not match the master clock period requirement: 83.333
Critical Warning (332168): The following clock transfers have no clock uncertainty assignment. For more accurate results, apply clock uncertainty assignments or use the derive_clock_uncertainty command.
    Critical Warning (332169): From clk_25mhz (Rise) to clk_25mhz (Rise) (setup and hold)
Critical Warning (332148): Timing requirements not met
Info (332146): Worst-case setup slack is -44.533
    Info (332119):     Slack       End Point TNS Clock 
    Info (332119): ========= =================== =====================
    Info (332119):   -44.533           -1008.680 clk_25mhz 
Info (332146): Worst-case hold slack is 0.325
    Info (332119):     Slack       End Point TNS Clock 
    Info (332119): ========= =================== =====================
    Info (332119):     0.325               0.000 clk_25mhz 
Info (332140): No Recovery paths to report
Info (332140): No Removal paths to report
Info (332146): Worst-case minimum pulse width slack is 9.290
    Info (332119):     Slack       End Point TNS Clock 
    Info (332119): ========= =================== =====================
    Info (332119):     9.290               0.000 clk_25mhz 
    Info (332119):    19.856               0.000 clk 
Info: Analyzing Fast 1200mV 0C Model
Warning (332060): Node: lcd_multi_image_display_160x240_portrait:lcd_portrait_display_inst|pixel_counter[10] was determined to be a clock but was found without an associated clock assignment.
    Info (13166): Latch lcd_multi_image_display_160x240_portrait:lcd_portrait_display_inst|image_y[5] is being clocked by lcd_multi_image_display_160x240_portrait:lcd_portrait_display_inst|pixel_counter[10]
Warning (332056): PLL cross checking found inconsistent PLL clock settings:
    Warning (332056): Clock: clk_25mhz with master clock period: 40.000 found on PLL node: pll_inst|altpll_component|auto_generated|pll1|clk[1] does not match the master clock period requirement: 83.333
Critical Warning (332168): The following clock transfers have no clock uncertainty assignment. For more accurate results, apply clock uncertainty assignments or use the derive_clock_uncertainty command.
    Critical Warning (332169): From clk_25mhz (Rise) to clk_25mhz (Rise) (setup and hold)
Critical Warning (332148): Timing requirements not met
Info (332146): Worst-case setup slack is -7.203
    Info (332119):     Slack       End Point TNS Clock 
    Info (332119): ========= =================== =====================
    Info (332119):    -7.203            -147.106 clk_25mhz 
Info (332146): Worst-case hold slack is 0.152
    Info (332119):     Slack       End Point TNS Clock 
    Info (332119): ========= =================== =====================
    Info (332119):     0.152               0.000 clk_25mhz 
Info (332140): No Recovery paths to report
Info (332140): No Removal paths to report
Info (332146): Worst-case minimum pulse width slack is 9.355
    Info (332119):     Slack       End Point TNS Clock 
    Info (332119): ========= =================== =====================
    Info (332119):     9.355               0.000 clk_25mhz 
    Info (332119):    19.512               0.000 clk 
Info (332102): Design is not fully constrained for setup requirements
Info (332102): Design is not fully constrained for hold requirements
<<<<<<< HEAD
Info: Quartus Prime Timing Analyzer was successful. 0 errors, 33 warnings
    Info: Peak virtual memory: 4837 megabytes
    Info: Processing ended: Tue Jun 10 15:55:38 2025
    Info: Elapsed time: 00:00:05
    Info: Total CPU time (on all processors): 00:00:10
=======
Info: Quartus Prime Timing Analyzer was successful. 0 errors, 29 warnings
    Info: Peak virtual memory: 4830 megabytes
    Info: Processing ended: Sat May 31 22:44:15 2025
    Info: Elapsed time: 00:00:08
    Info: Total CPU time (on all processors): 00:00:12
>>>>>>> c3fbae9fd3fc06595eebe143e494726885096efe


