Analysis & Synthesis report for audio_spectrum_analyzer
Sun May 25 19:25:26 2025
Quartus Prime Version 18.1.0 Build 625 09/12/2018 SJ Lite Edition


---------------------
; Table of Contents ;
---------------------
  1. Legal Notice
  2. Analysis & Synthesis Summary
  3. Analysis & Synthesis Settings
  4. Parallel Compilation
  5. Analysis & Synthesis Source Files Read
  6. Analysis & Synthesis Resource Usage Summary
  7. Analysis & Synthesis Resource Utilization by Entity
  8. General Register Statistics
  9. Inverted Register Statistics
 10. Parameter Settings for User Entity Instance: Top-level Entity: |audio_spectrum_analyzer
 11. Post-Synthesis Netlist Statistics for Top Partition
 12. Elapsed Time Per Partition
 13. Analysis & Synthesis Messages



----------------
; Legal Notice ;
----------------
Copyright (C) 2018  Intel Corporation. All rights reserved.
Your use of Intel Corporation's design tools, logic functions 
and other software and tools, and its AMPP partner logic 
functions, and any output files from any of the foregoing 
(including device programming or simulation files), and any 
associated documentation or information are expressly subject 
to the terms and conditions of the Intel Program License 
Subscription Agreement, the Intel Quartus Prime License Agreement,
the Intel FPGA IP License Agreement, or other applicable license
agreement, including, without limitation, that your use is for
the sole purpose of programming logic devices manufactured by
Intel and sold by Intel or its authorized distributors.  Please
refer to the applicable agreement for further details.



+----------------------------------------------------------------------------------+
; Analysis & Synthesis Summary                                                     ;
+------------------------------------+---------------------------------------------+
; Analysis & Synthesis Status        ; Successful - Sun May 25 19:25:26 2025       ;
; Quartus Prime Version              ; 18.1.0 Build 625 09/12/2018 SJ Lite Edition ;
; Revision Name                      ; audio_spectrum_analyzer                     ;
; Top-level Entity Name              ; audio_spectrum_analyzer                     ;
; Family                             ; MAX 10                                      ;
; Total logic elements               ; 63                                          ;
;     Total combinational functions  ; 57                                          ;
;     Dedicated logic registers      ; 49                                          ;
; Total registers                    ; 49                                          ;
; Total pins                         ; 11                                          ;
; Total virtual pins                 ; 0                                           ;
; Total memory bits                  ; 0                                           ;
; Embedded Multiplier 9-bit elements ; 0                                           ;
; Total PLLs                         ; 0                                           ;
; UFM blocks                         ; 0                                           ;
; ADC blocks                         ; 0                                           ;
+------------------------------------+---------------------------------------------+


+----------------------------------------------------------------------------------------------------------------------+
; Analysis & Synthesis Settings                                                                                        ;
+------------------------------------------------------------------+-------------------------+-------------------------+
; Option                                                           ; Setting                 ; Default Value           ;
+------------------------------------------------------------------+-------------------------+-------------------------+
; Device                                                           ; 10M08SAM153C8G          ;                         ;
; Top-level entity name                                            ; audio_spectrum_analyzer ; audio_spectrum_analyzer ;
; Family name                                                      ; MAX 10                  ; Cyclone V               ;
; Use smart compilation                                            ; Off                     ; Off                     ;
; Enable parallel Assembler and Timing Analyzer during compilation ; On                      ; On                      ;
; Enable compact report table                                      ; Off                     ; Off                     ;
; Restructure Multiplexers                                         ; Auto                    ; Auto                    ;
; Create Debugging Nodes for IP Cores                              ; Off                     ; Off                     ;
; Preserve fewer node names                                        ; On                      ; On                      ;
; Intel FPGA IP Evaluation Mode                                    ; Enable                  ; Enable                  ;
; Verilog Version                                                  ; Verilog_2001            ; Verilog_2001            ;
; VHDL Version                                                     ; VHDL_1993               ; VHDL_1993               ;
; State Machine Processing                                         ; Auto                    ; Auto                    ;
; Safe State Machine                                               ; Off                     ; Off                     ;
; Extract Verilog State Machines                                   ; On                      ; On                      ;
; Extract VHDL State Machines                                      ; On                      ; On                      ;
; Ignore Verilog initial constructs                                ; Off                     ; Off                     ;
; Iteration limit for constant Verilog loops                       ; 5000                    ; 5000                    ;
; Iteration limit for non-constant Verilog loops                   ; 250                     ; 250                     ;
; Add Pass-Through Logic to Inferred RAMs                          ; On                      ; On                      ;
; Infer RAMs from Raw Logic                                        ; On                      ; On                      ;
; Parallel Synthesis                                               ; On                      ; On                      ;
; DSP Block Balancing                                              ; Auto                    ; Auto                    ;
; NOT Gate Push-Back                                               ; On                      ; On                      ;
; Power-Up Don't Care                                              ; On                      ; On                      ;
; Remove Redundant Logic Cells                                     ; Off                     ; Off                     ;
; Remove Duplicate Registers                                       ; On                      ; On                      ;
; Ignore CARRY Buffers                                             ; Off                     ; Off                     ;
; Ignore CASCADE Buffers                                           ; Off                     ; Off                     ;
; Ignore GLOBAL Buffers                                            ; Off                     ; Off                     ;
; Ignore ROW GLOBAL Buffers                                        ; Off                     ; Off                     ;
; Ignore LCELL Buffers                                             ; Off                     ; Off                     ;
; Ignore SOFT Buffers                                              ; On                      ; On                      ;
; Limit AHDL Integers to 32 Bits                                   ; Off                     ; Off                     ;
; Optimization Technique                                           ; Balanced                ; Balanced                ;
; Carry Chain Length                                               ; 70                      ; 70                      ;
; Auto Carry Chains                                                ; On                      ; On                      ;
; Auto Open-Drain Pins                                             ; On                      ; On                      ;
; Perform WYSIWYG Primitive Resynthesis                            ; Off                     ; Off                     ;
; Auto ROM Replacement                                             ; On                      ; On                      ;
; Auto RAM Replacement                                             ; On                      ; On                      ;
; Auto DSP Block Replacement                                       ; On                      ; On                      ;
; Auto Shift Register Replacement                                  ; Auto                    ; Auto                    ;
; Allow Shift Register Merging across Hierarchies                  ; Auto                    ; Auto                    ;
; Auto Clock Enable Replacement                                    ; On                      ; On                      ;
; Strict RAM Replacement                                           ; Off                     ; Off                     ;
; Allow Synchronous Control Signals                                ; On                      ; On                      ;
; Force Use of Synchronous Clear Signals                           ; Off                     ; Off                     ;
; Auto RAM Block Balancing                                         ; On                      ; On                      ;
; Auto RAM to Logic Cell Conversion                                ; Off                     ; Off                     ;
; Auto Resource Sharing                                            ; Off                     ; Off                     ;
; Allow Any RAM Size For Recognition                               ; Off                     ; Off                     ;
; Allow Any ROM Size For Recognition                               ; Off                     ; Off                     ;
; Allow Any Shift Register Size For Recognition                    ; Off                     ; Off                     ;
; Use LogicLock Constraints during Resource Balancing              ; On                      ; On                      ;
; Ignore translate_off and synthesis_off directives                ; Off                     ; Off                     ;
; Timing-Driven Synthesis                                          ; On                      ; On                      ;
; Report Parameter Settings                                        ; On                      ; On                      ;
; Report Source Assignments                                        ; On                      ; On                      ;
; Report Connectivity Checks                                       ; On                      ; On                      ;
; Ignore Maximum Fan-Out Assignments                               ; Off                     ; Off                     ;
; Synchronization Register Chain Length                            ; 2                       ; 2                       ;
; Power Optimization During Synthesis                              ; Normal compilation      ; Normal compilation      ;
; HDL message level                                                ; Level2                  ; Level2                  ;
; Suppress Register Optimization Related Messages                  ; Off                     ; Off                     ;
; Number of Removed Registers Reported in Synthesis Report         ; 5000                    ; 5000                    ;
; Number of Swept Nodes Reported in Synthesis Report               ; 5000                    ; 5000                    ;
; Number of Inverted Registers Reported in Synthesis Report        ; 100                     ; 100                     ;
; Clock MUX Protection                                             ; On                      ; On                      ;
; Auto Gated Clock Conversion                                      ; Off                     ; Off                     ;
; Block Design Naming                                              ; Auto                    ; Auto                    ;
; SDC constraint protection                                        ; Off                     ; Off                     ;
; Synthesis Effort                                                 ; Auto                    ; Auto                    ;
; Shift Register Replacement - Allow Asynchronous Clear Signal     ; On                      ; On                      ;
; Pre-Mapping Resynthesis Optimization                             ; Off                     ; Off                     ;
; Analysis & Synthesis Message Level                               ; Medium                  ; Medium                  ;
; Disable Register Merging Across Hierarchies                      ; Auto                    ; Auto                    ;
; Resource Aware Inference For Block RAM                           ; On                      ; On                      ;
+------------------------------------------------------------------+-------------------------+-------------------------+


+------------------------------------------+
; Parallel Compilation                     ;
+----------------------------+-------------+
; Processors                 ; Number      ;
+----------------------------+-------------+
; Number detected on machine ; 20          ;
; Maximum allowed            ; 14          ;
;                            ;             ;
; Average used               ; 1.00        ;
; Maximum used               ; 1           ;
;                            ;             ;
; Usage by Processor         ; % Time Used ;
;     Processor 1            ; 100.0%      ;
+----------------------------+-------------+


+--------------------------------------------------------------------------------------------------------------------------------------------------------------+
; Analysis & Synthesis Source Files Read                                                                                                                       ;
+----------------------------------+-----------------+------------------------+----------------------------------------------------------------------+---------+
; File Name with User-Entered Path ; Used in Netlist ; File Type              ; File Name with Absolute Path                                         ; Library ;
+----------------------------------+-----------------+------------------------+----------------------------------------------------------------------+---------+
; audio_spectrum_analyzer.v        ; yes             ; User Verilog HDL File  ; D:/Quartus_Project/audio_spectrum_analyzer/audio_spectrum_analyzer.v ;         ;
+----------------------------------+-----------------+------------------------+----------------------------------------------------------------------+---------+


+---------------------------------------------------------+
; Analysis & Synthesis Resource Usage Summary             ;
+---------------------------------------------+-----------+
; Resource                                    ; Usage     ;
+---------------------------------------------+-----------+
; Estimated Total logic elements              ; 63        ;
;                                             ;           ;
; Total combinational functions               ; 57        ;
; Logic element usage by number of LUT inputs ;           ;
;     -- 4 input functions                    ; 12        ;
;     -- 3 input functions                    ; 2         ;
;     -- <=2 input functions                  ; 43        ;
;                                             ;           ;
; Logic elements by mode                      ;           ;
;     -- normal mode                          ; 19        ;
;     -- arithmetic mode                      ; 38        ;
;                                             ;           ;
; Total registers                             ; 49        ;
;     -- Dedicated logic registers            ; 49        ;
;     -- I/O registers                        ; 0         ;
;                                             ;           ;
; I/O pins                                    ; 11        ;
;                                             ;           ;
; Embedded Multiplier 9-bit elements          ; 0         ;
;                                             ;           ;
; Maximum fan-out node                        ; clk~input ;
; Maximum fan-out                             ; 49        ;
; Total fan-out                               ; 351       ;
; Average fan-out                             ; 2.74      ;
+---------------------------------------------+-----------+


+-----------------------------------------------------------------------------------------------------------------------------------------------------------------------------------------------------------------------------------------------------+
; Analysis & Synthesis Resource Utilization by Entity                                                                                                                                                                                                 ;
+----------------------------+---------------------+---------------------------+-------------+------------+--------------+---------+-----------+------+--------------+------------+--------------------------+-------------------------+--------------+
; Compilation Hierarchy Node ; Combinational ALUTs ; Dedicated Logic Registers ; Memory Bits ; UFM Blocks ; DSP Elements ; DSP 9x9 ; DSP 18x18 ; Pins ; Virtual Pins ; ADC blocks ; Full Hierarchy Name      ; Entity Name             ; Library Name ;
+----------------------------+---------------------+---------------------------+-------------+------------+--------------+---------+-----------+------+--------------+------------+--------------------------+-------------------------+--------------+
; |audio_spectrum_analyzer   ; 57 (57)             ; 49 (49)                   ; 0           ; 0          ; 0            ; 0       ; 0         ; 11   ; 0            ; 0          ; |audio_spectrum_analyzer ; audio_spectrum_analyzer ; work         ;
+----------------------------+---------------------+---------------------------+-------------+------------+--------------+---------+-----------+------+--------------+------------+--------------------------+-------------------------+--------------+
Note: For table entries with two numbers listed, the numbers in parentheses indicate the number of resources of the given type used by the specific entity alone. The numbers listed outside of parentheses indicate the total resources of the given type used by the specific entity and all of its sub-entities in the hierarchy.


+------------------------------------------------------+
; General Register Statistics                          ;
+----------------------------------------------+-------+
; Statistic                                    ; Value ;
+----------------------------------------------+-------+
; Total registers                              ; 49    ;
; Number of registers using Synchronous Clear  ; 40    ;
; Number of registers using Synchronous Load   ; 0     ;
; Number of registers using Asynchronous Clear ; 49    ;
; Number of registers using Asynchronous Load  ; 0     ;
; Number of registers using Clock Enable       ; 8     ;
; Number of registers using Preset             ; 0     ;
+----------------------------------------------+-------+


+--------------------------------------------------+
; Inverted Register Statistics                     ;
+----------------------------------------+---------+
; Inverted Register                      ; Fan out ;
+----------------------------------------+---------+
; led[0]~reg0                            ; 2       ;
; Total number of inverted registers = 1 ;         ;
+----------------------------------------+---------+


+-----------------------------------------------------------------------------------------+
; Parameter Settings for User Entity Instance: Top-level Entity: |audio_spectrum_analyzer ;
+----------------+----------+-------------------------------------------------------------+
; Parameter Name ; Value    ; Type                                                        ;
+----------------+----------+-------------------------------------------------------------+
; CLK_FREQ       ; 12000000 ; Signed Integer                                              ;
+----------------+----------+-------------------------------------------------------------+
Note: In order to hide this table in the UI and the text report file, please set the "Show Parameter Settings in Synthesis Report" option in "Analysis and Synthesis Settings -> More Settings" to "Off".


+-----------------------------------------------------+
; Post-Synthesis Netlist Statistics for Top Partition ;
+-----------------------+-----------------------------+
; Type                  ; Count                       ;
+-----------------------+-----------------------------+
; boundary_port         ; 11                          ;
; cycloneiii_ff         ; 49                          ;
;     CLR               ; 1                           ;
;     CLR SCLR          ; 40                          ;
;     ENA CLR           ; 8                           ;
; cycloneiii_lcell_comb ; 58                          ;
;     arith             ; 38                          ;
;         2 data inputs ; 38                          ;
;     normal            ; 20                          ;
;         1 data inputs ; 5                           ;
;         2 data inputs ; 1                           ;
;         3 data inputs ; 2                           ;
;         4 data inputs ; 12                          ;
;                       ;                             ;
; Max LUT depth         ; 4.00                        ;
; Average LUT depth     ; 2.48                        ;
+-----------------------+-----------------------------+


+-------------------------------+
; Elapsed Time Per Partition    ;
+----------------+--------------+
; Partition Name ; Elapsed Time ;
+----------------+--------------+
; Top            ; 00:00:00     ;
+----------------+--------------+


+-------------------------------+
; Analysis & Synthesis Messages ;
+-------------------------------+
Info: *******************************************************************
Info: Running Quartus Prime Analysis & Synthesis
    Info: Version 18.1.0 Build 625 09/12/2018 SJ Lite Edition
    Info: Processing started: Sun May 25 19:25:20 2025
Info: Command: quartus_map --read_settings_files=on --write_settings_files=off audio_spectrum_analyzer -c audio_spectrum_analyzer
Warning (18236): Number of processors has not been specified which may cause overloading on shared machines.  Set the global assignment NUM_PARALLEL_PROCESSORS in your QSF to an appropriate value for best performance.
Info (20030): Parallel compilation is enabled and will use 14 of the 14 processors detected
Info (12021): Found 1 design units, including 1 entities, in source file audio_spectrum_analyzer.v
    Info (12023): Found entity 1: audio_spectrum_analyzer File: D:/Quartus_Project/audio_spectrum_analyzer/audio_spectrum_analyzer.v Line: 1
Info (12127): Elaborating entity "audio_spectrum_analyzer" for the top level hierarchy
Warning (10036): Verilog HDL or VHDL warning at audio_spectrum_analyzer.v(38): object "led_pattern_cnt" assigned a value but never read File: D:/Quartus_Project/audio_spectrum_analyzer/audio_spectrum_analyzer.v Line: 38
Warning (330000): Timing-Driven Synthesis is skipped because it could not initialize the timing netlist
Info (13000): Registers with preset signals will power-up high File: D:/Quartus_Project/audio_spectrum_analyzer/audio_spectrum_analyzer.v Line: 47
Info (13003): DEV_CLRn pin will set, and not reset, register with preset signal due to NOT Gate Push-Back
Info (16010): Generating hard_block partition "hard_block:auto_generated_inst"
    Info (16011): Adding 0 node(s), including 0 DDIO, 0 PLL, 0 transceiver and 0 LCELL
Info (21057): Implemented 74 device resources after synthesis - the final resource count might be different
    Info (21058): Implemented 2 input pins
    Info (21059): Implemented 9 output pins
    Info (21061): Implemented 63 logic cells
Info: Quartus Prime Analysis & Synthesis was successful. 0 errors, 3 warnings
    Info: Peak virtual memory: 4742 megabytes
    Info: Processing ended: Sun May 25 19:25:26 2025
    Info: Elapsed time: 00:00:06
    Info: Total CPU time (on all processors): 00:00:14


