Analysis & Synthesis report for Music_Box
Mon May 26 00:49:35 2025
Quartus Prime Version 18.1.0 Build 625 09/12/2018 SJ Lite Edition


---------------------
; Table of Contents ;
---------------------
  1. Legal Notice
  2. Analysis & Synthesis Summary
  3. Analysis & Synthesis Settings
  4. Parallel Compilation
  5. Analysis & Synthesis Source Files Read
  6. Analysis & Synthesis Resource Usage Summary
  7. Analysis & Synthesis Resource Utilization by Entity
  8. State Machine - |Music_Box|Song_Player_V2:u_player|state
  9. Registers Removed During Synthesis
 10. General Register Statistics
 11. Inverted Register Statistics
 12. Multiplexer Restructuring Statistics (Restructuring Performed)
 13. Parameter Settings for User Entity Instance: Array_KeyBoard:u_keyboard
 14. Parameter Settings for User Entity Instance: Note_Generator:u_generator|PWM_Gen:u_pwm_gen
 15. Port Connectivity Checks: "Note_Generator:u_generator|PWM_Gen:u_pwm_gen"
 16. Port Connectivity Checks: "Array_KeyBoard:u_keyboard"
 17. Post-Synthesis Netlist Statistics for Top Partition
 18. Elapsed Time Per Partition
 19. Analysis & Synthesis Messages
 20. Analysis & Synthesis Suppressed Messages



----------------
; Legal Notice ;
----------------
Copyright (C) 2018  Intel Corporation. All rights reserved.
Your use of Intel Corporation's design tools, logic functions 
and other software and tools, and its AMPP partner logic 
functions, and any output files from any of the foregoing 
(including device programming or simulation files), and any 
associated documentation or information are expressly subject 
to the terms and conditions of the Intel Program License 
Subscription Agreement, the Intel Quartus Prime License Agreement,
the Intel FPGA IP License Agreement, or other applicable license
agreement, including, without limitation, that your use is for
the sole purpose of programming logic devices manufactured by
Intel and sold by Intel or its authorized distributors.  Please
refer to the applicable agreement for further details.



+----------------------------------------------------------------------------------+
; Analysis & Synthesis Summary                                                     ;
+------------------------------------+---------------------------------------------+
; Analysis & Synthesis Status        ; Successful - Mon May 26 00:49:35 2025       ;
; Quartus Prime Version              ; 18.1.0 Build 625 09/12/2018 SJ Lite Edition ;
; Revision Name                      ; Music_Box                                   ;
; Top-level Entity Name              ; Music_Box                                   ;
; Family                             ; MAX 10                                      ;
; Total logic elements               ; 328                                         ;
;     Total combinational functions  ; 292                                         ;
;     Dedicated logic registers      ; 140                                         ;
; Total registers                    ; 140                                         ;
; Total pins                         ; 19                                          ;
; Total virtual pins                 ; 0                                           ;
; Total memory bits                  ; 0                                           ;
; Embedded Multiplier 9-bit elements ; 0                                           ;
; Total PLLs                         ; 0                                           ;
; UFM blocks                         ; 0                                           ;
; ADC blocks                         ; 0                                           ;
+------------------------------------+---------------------------------------------+


+------------------------------------------------------------------------------------------------------------+
; Analysis & Synthesis Settings                                                                              ;
+------------------------------------------------------------------+--------------------+--------------------+
; Option                                                           ; Setting            ; Default Value      ;
+------------------------------------------------------------------+--------------------+--------------------+
; Device                                                           ; 10M08SAM153C8G     ;                    ;
; Top-level entity name                                            ; Music_Box          ; Music_Box          ;
; Family name                                                      ; MAX 10             ; Cyclone V          ;
; Use smart compilation                                            ; Off                ; Off                ;
; Enable parallel Assembler and Timing Analyzer during compilation ; On                 ; On                 ;
; Enable compact report table                                      ; Off                ; Off                ;
; Restructure Multiplexers                                         ; Auto               ; Auto               ;
; Create Debugging Nodes for IP Cores                              ; Off                ; Off                ;
; Preserve fewer node names                                        ; On                 ; On                 ;
; Intel FPGA IP Evaluation Mode                                    ; Enable             ; Enable             ;
; Verilog Version                                                  ; Verilog_2001       ; Verilog_2001       ;
; VHDL Version                                                     ; VHDL_1993          ; VHDL_1993          ;
; State Machine Processing                                         ; Auto               ; Auto               ;
; Safe State Machine                                               ; Off                ; Off                ;
; Extract Verilog State Machines                                   ; On                 ; On                 ;
; Extract VHDL State Machines                                      ; On                 ; On                 ;
; Ignore Verilog initial constructs                                ; Off                ; Off                ;
; Iteration limit for constant Verilog loops                       ; 5000               ; 5000               ;
; Iteration limit for non-constant Verilog loops                   ; 250                ; 250                ;
; Add Pass-Through Logic to Inferred RAMs                          ; On                 ; On                 ;
; Infer RAMs from Raw Logic                                        ; On                 ; On                 ;
; Parallel Synthesis                                               ; On                 ; On                 ;
; DSP Block Balancing                                              ; Auto               ; Auto               ;
; NOT Gate Push-Back                                               ; On                 ; On                 ;
; Power-Up Don't Care                                              ; On                 ; On                 ;
; Remove Redundant Logic Cells                                     ; Off                ; Off                ;
; Remove Duplicate Registers                                       ; On                 ; On                 ;
; Ignore CARRY Buffers                                             ; Off                ; Off                ;
; Ignore CASCADE Buffers                                           ; Off                ; Off                ;
; Ignore GLOBAL Buffers                                            ; Off                ; Off                ;
; Ignore ROW GLOBAL Buffers                                        ; Off                ; Off                ;
; Ignore LCELL Buffers                                             ; Off                ; Off                ;
; Ignore SOFT Buffers                                              ; On                 ; On                 ;
; Limit AHDL Integers to 32 Bits                                   ; Off                ; Off                ;
; Optimization Technique                                           ; Balanced           ; Balanced           ;
; Carry Chain Length                                               ; 70                 ; 70                 ;
; Auto Carry Chains                                                ; On                 ; On                 ;
; Auto Open-Drain Pins                                             ; On                 ; On                 ;
; Perform WYSIWYG Primitive Resynthesis                            ; Off                ; Off                ;
; Auto ROM Replacement                                             ; On                 ; On                 ;
; Auto RAM Replacement                                             ; On                 ; On                 ;
; Auto DSP Block Replacement                                       ; On                 ; On                 ;
; Auto Shift Register Replacement                                  ; Auto               ; Auto               ;
; Allow Shift Register Merging across Hierarchies                  ; Auto               ; Auto               ;
; Auto Clock Enable Replacement                                    ; On                 ; On                 ;
; Strict RAM Replacement                                           ; Off                ; Off                ;
; Allow Synchronous Control Signals                                ; On                 ; On                 ;
; Force Use of Synchronous Clear Signals                           ; Off                ; Off                ;
; Auto RAM Block Balancing                                         ; On                 ; On                 ;
; Auto RAM to Logic Cell Conversion                                ; Off                ; Off                ;
; Auto Resource Sharing                                            ; Off                ; Off                ;
; Allow Any RAM Size For Recognition                               ; Off                ; Off                ;
; Allow Any ROM Size For Recognition                               ; Off                ; Off                ;
; Allow Any Shift Register Size For Recognition                    ; Off                ; Off                ;
; Use LogicLock Constraints during Resource Balancing              ; On                 ; On                 ;
; Ignore translate_off and synthesis_off directives                ; Off                ; Off                ;
; Timing-Driven Synthesis                                          ; On                 ; On                 ;
; Report Parameter Settings                                        ; On                 ; On                 ;
; Report Source Assignments                                        ; On                 ; On                 ;
; Report Connectivity Checks                                       ; On                 ; On                 ;
; Ignore Maximum Fan-Out Assignments                               ; Off                ; Off                ;
; Synchronization Register Chain Length                            ; 2                  ; 2                  ;
; Power Optimization During Synthesis                              ; Normal compilation ; Normal compilation ;
; HDL message level                                                ; Level2             ; Level2             ;
; Suppress Register Optimization Related Messages                  ; Off                ; Off                ;
; Number of Removed Registers Reported in Synthesis Report         ; 5000               ; 5000               ;
; Number of Swept Nodes Reported in Synthesis Report               ; 5000               ; 5000               ;
; Number of Inverted Registers Reported in Synthesis Report        ; 100                ; 100                ;
; Clock MUX Protection                                             ; On                 ; On                 ;
; Auto Gated Clock Conversion                                      ; Off                ; Off                ;
; Block Design Naming                                              ; Auto               ; Auto               ;
; SDC constraint protection                                        ; Off                ; Off                ;
; Synthesis Effort                                                 ; Auto               ; Auto               ;
; Shift Register Replacement - Allow Asynchronous Clear Signal     ; On                 ; On                 ;
; Pre-Mapping Resynthesis Optimization                             ; Off                ; Off                ;
; Analysis & Synthesis Message Level                               ; Medium             ; Medium             ;
; Disable Register Merging Across Hierarchies                      ; Auto               ; Auto               ;
; Resource Aware Inference For Block RAM                           ; On                 ; On                 ;
+------------------------------------------------------------------+--------------------+--------------------+


+------------------------------------------+
; Parallel Compilation                     ;
+----------------------------+-------------+
; Processors                 ; Number      ;
+----------------------------+-------------+
; Number detected on machine ; 20          ;
; Maximum allowed            ; 14          ;
;                            ;             ;
; Average used               ; 1.00        ;
; Maximum used               ; 14          ;
;                            ;             ;
; Usage by Processor         ; % Time Used ;
;     Processor 1            ; 100.0%      ;
;     Processors 2-14        ;   0.0%      ;
+----------------------------+-------------+


+---------------------------------------------------------------------------------------------------------------------------------------+
; Analysis & Synthesis Source Files Read                                                                                                ;
+----------------------------------+-----------------+------------------------+-----------------------------------------------+---------+
; File Name with User-Entered Path ; Used in Netlist ; File Type              ; File Name with Absolute Path                  ; Library ;
+----------------------------------+-----------------+------------------------+-----------------------------------------------+---------+
; Music_Box.v                      ; yes             ; User Verilog HDL File  ; D:/Quartus_Project/Music_Box/Music_Box.v      ;         ;
; Note_Generator.v                 ; yes             ; User Verilog HDL File  ; D:/Quartus_Project/Music_Box/Note_Generator.v ;         ;
; Song_Player.v                    ; yes             ; User Verilog HDL File  ; D:/Quartus_Project/Music_Box/Song_Player.v    ;         ;
; Array_KeyBoard.v                 ; yes             ; User Verilog HDL File  ; D:/Quartus_Project/Music_Box/Array_KeyBoard.v ;         ;
+----------------------------------+-----------------+------------------------+-----------------------------------------------+---------+


+---------------------------------------------------------+
; Analysis & Synthesis Resource Usage Summary             ;
+---------------------------------------------+-----------+
; Resource                                    ; Usage     ;
+---------------------------------------------+-----------+
; Estimated Total logic elements              ; 328       ;
;                                             ;           ;
; Total combinational functions               ; 292       ;
; Logic element usage by number of LUT inputs ;           ;
;     -- 4 input functions                    ; 106       ;
;     -- 3 input functions                    ; 49        ;
;     -- <=2 input functions                  ; 137       ;
;                                             ;           ;
; Logic elements by mode                      ;           ;
;     -- normal mode                          ; 183       ;
;     -- arithmetic mode                      ; 109       ;
;                                             ;           ;
; Total registers                             ; 140       ;
;     -- Dedicated logic registers            ; 140       ;
;     -- I/O registers                        ; 0         ;
;                                             ;           ;
; I/O pins                                    ; 19        ;
;                                             ;           ;
; Embedded Multiplier 9-bit elements          ; 0         ;
;                                             ;           ;
; Maximum fan-out node                        ; clk~input ;
; Maximum fan-out                             ; 140       ;
; Total fan-out                               ; 1416      ;
; Average fan-out                             ; 3.01      ;
+---------------------------------------------+-----------+


+------------------------------------------------------------------------------------------------------------------------------------------------------------------------------------------------------------------------------------------------------------------------------------------+
; Analysis & Synthesis Resource Utilization by Entity                                                                                                                                                                                                                                      ;
+-----------------------------------+---------------------+---------------------------+-------------+------------+--------------+---------+-----------+------+--------------+------------+-----------------------------------------------------------------+----------------+--------------+
; Compilation Hierarchy Node        ; Combinational ALUTs ; Dedicated Logic Registers ; Memory Bits ; UFM Blocks ; DSP Elements ; DSP 9x9 ; DSP 18x18 ; Pins ; Virtual Pins ; ADC blocks ; Full Hierarchy Name                                             ; Entity Name    ; Library Name ;
+-----------------------------------+---------------------+---------------------------+-------------+------------+--------------+---------+-----------+------+--------------+------------+-----------------------------------------------------------------+----------------+--------------+
; |Music_Box                        ; 292 (51)            ; 140 (4)                   ; 0           ; 0          ; 0            ; 0       ; 0         ; 19   ; 0            ; 0          ; |Music_Box                                                      ; Music_Box      ; work         ;
;    |Array_KeyBoard:u_keyboard|    ; 68 (68)             ; 74 (74)                   ; 0           ; 0          ; 0            ; 0       ; 0         ; 0    ; 0            ; 0          ; |Music_Box|Array_KeyBoard:u_keyboard                            ; Array_KeyBoard ; work         ;
;    |Note_Generator:u_generator|   ; 85 (0)              ; 17 (0)                    ; 0           ; 0          ; 0            ; 0       ; 0         ; 0    ; 0            ; 0          ; |Music_Box|Note_Generator:u_generator                           ; Note_Generator ; work         ;
;       |Note_to_PWM:u_note_to_pwm| ; 16 (16)             ; 0 (0)                     ; 0           ; 0          ; 0            ; 0       ; 0         ; 0    ; 0            ; 0          ; |Music_Box|Note_Generator:u_generator|Note_to_PWM:u_note_to_pwm ; Note_to_PWM    ; work         ;
;       |PWM_Gen:u_pwm_gen|         ; 69 (69)             ; 17 (17)                   ; 0           ; 0          ; 0            ; 0       ; 0         ; 0    ; 0            ; 0          ; |Music_Box|Note_Generator:u_generator|PWM_Gen:u_pwm_gen         ; PWM_Gen        ; work         ;
;    |Song_Player_V2:u_player|      ; 88 (88)             ; 45 (45)                   ; 0           ; 0          ; 0            ; 0       ; 0         ; 0    ; 0            ; 0          ; |Music_Box|Song_Player_V2:u_player                              ; Song_Player_V2 ; work         ;
+-----------------------------------+---------------------+---------------------------+-------------+------------+--------------+---------+-----------+------+--------------+------------+-----------------------------------------------------------------+----------------+--------------+
Note: For table entries with two numbers listed, the numbers in parentheses indicate the number of resources of the given type used by the specific entity alone. The numbers listed outside of parentheses indicate the total resources of the given type used by the specific entity and all of its sub-entities in the hierarchy.


Encoding Type:  One-Hot
+----------------------------------------------------------------+
; State Machine - |Music_Box|Song_Player_V2:u_player|state       ;
+------------+------------+------------+------------+------------+
; Name       ; state.WAIT ; state.PLAY ; state.LOAD ; state.IDLE ;
+------------+------------+------------+------------+------------+
; state.IDLE ; 0          ; 0          ; 0          ; 0          ;
; state.LOAD ; 0          ; 0          ; 1          ; 1          ;
; state.PLAY ; 0          ; 1          ; 0          ; 1          ;
; state.WAIT ; 1          ; 0          ; 0          ; 1          ;
+------------+------------+------------+------------+------------+


+--------------------------------------------------------------------------------+
; Registers Removed During Synthesis                                             ;
+---------------------------------------+----------------------------------------+
; Register name                         ; Reason for Removal                     ;
+---------------------------------------+----------------------------------------+
; song_valid                            ; Stuck at VCC due to stuck port data_in ;
; Song_Player_V2:u_player|note[4..7]    ; Stuck at GND due to stuck port data_in ;
; Song_Player_V2:u_player|state~8       ; Lost fanout                            ;
; Song_Player_V2:u_player|state~9       ; Lost fanout                            ;
; Total Number of Removed Registers = 7 ;                                        ;
+---------------------------------------+----------------------------------------+


+------------------------------------------------------+
; General Register Statistics                          ;
+----------------------------------------------+-------+
; Statistic                                    ; Value ;
+----------------------------------------------+-------+
; Total registers                              ; 140   ;
; Number of registers using Synchronous Clear  ; 24    ;
; Number of registers using Synchronous Load   ; 28    ;
; Number of registers using Asynchronous Clear ; 140   ;
; Number of registers using Asynchronous Load  ; 0     ;
; Number of registers using Clock Enable       ; 65    ;
; Number of registers using Preset             ; 0     ;
+----------------------------------------------+-------+


+-----------------------------------------------------+
; Inverted Register Statistics                        ;
+-------------------------------------------+---------+
; Inverted Register                         ; Fan out ;
+-------------------------------------------+---------+
; Array_KeyBoard:u_keyboard|row_r[1]        ; 1       ;
; Array_KeyBoard:u_keyboard|row_r[2]        ; 1       ;
; Array_KeyBoard:u_keyboard|row_r[3]        ; 1       ;
; Array_KeyBoard:u_keyboard|key_scan_rr[15] ; 1       ;
; Array_KeyBoard:u_keyboard|key_scan_r[15]  ; 2       ;
; Array_KeyBoard:u_keyboard|key_scan_rr[10] ; 1       ;
; Array_KeyBoard:u_keyboard|key_scan_r[10]  ; 2       ;
; Array_KeyBoard:u_keyboard|key_scan_rr[11] ; 1       ;
; Array_KeyBoard:u_keyboard|key_scan_r[11]  ; 2       ;
; Array_KeyBoard:u_keyboard|key_scan_rr[1]  ; 1       ;
; Array_KeyBoard:u_keyboard|key_scan_r[1]   ; 2       ;
; Array_KeyBoard:u_keyboard|key_scan_rr[13] ; 1       ;
; Array_KeyBoard:u_keyboard|key_scan_r[13]  ; 2       ;
; Array_KeyBoard:u_keyboard|key_scan_rr[14] ; 1       ;
; Array_KeyBoard:u_keyboard|key_scan_r[14]  ; 2       ;
; Array_KeyBoard:u_keyboard|key_scan_r[12]  ; 6       ;
; Array_KeyBoard:u_keyboard|key_scan_rr[12] ; 5       ;
; Array_KeyBoard:u_keyboard|key_scan_r[6]   ; 4       ;
; Array_KeyBoard:u_keyboard|key_scan_r[7]   ; 5       ;
; Array_KeyBoard:u_keyboard|key_scan_rr[7]  ; 4       ;
; Array_KeyBoard:u_keyboard|key_scan_rr[6]  ; 3       ;
; Array_KeyBoard:u_keyboard|key_scan_rr[4]  ; 1       ;
; Array_KeyBoard:u_keyboard|key_scan_r[4]   ; 2       ;
; Array_KeyBoard:u_keyboard|key_scan_rr[5]  ; 1       ;
; Array_KeyBoard:u_keyboard|key_scan_r[5]   ; 2       ;
; Array_KeyBoard:u_keyboard|key_scan_rr[0]  ; 3       ;
; Array_KeyBoard:u_keyboard|key_scan_r[0]   ; 4       ;
; Array_KeyBoard:u_keyboard|key_scan_r[3]   ; 4       ;
; Array_KeyBoard:u_keyboard|key_scan_r[9]   ; 4       ;
; Array_KeyBoard:u_keyboard|key_scan_rr[9]  ; 3       ;
; Array_KeyBoard:u_keyboard|key_scan_rr[3]  ; 3       ;
; Array_KeyBoard:u_keyboard|key_scan_r[8]   ; 5       ;
; Array_KeyBoard:u_keyboard|key_scan_rr[8]  ; 4       ;
; Array_KeyBoard:u_keyboard|key_scan_r[2]   ; 3       ;
; Array_KeyBoard:u_keyboard|key_scan_rr[2]  ; 2       ;
; Array_KeyBoard:u_keyboard|key_scan[15]    ; 1       ;
; Array_KeyBoard:u_keyboard|key_scan[10]    ; 1       ;
; Array_KeyBoard:u_keyboard|key_scan[11]    ; 1       ;
; Array_KeyBoard:u_keyboard|key_scan[1]     ; 1       ;
; Array_KeyBoard:u_keyboard|key_scan[13]    ; 1       ;
; Array_KeyBoard:u_keyboard|key_scan[14]    ; 1       ;
; Array_KeyBoard:u_keyboard|key_scan[12]    ; 1       ;
; Array_KeyBoard:u_keyboard|key_scan[6]     ; 1       ;
; Array_KeyBoard:u_keyboard|key_scan[7]     ; 1       ;
; Array_KeyBoard:u_keyboard|key_scan[4]     ; 1       ;
; Array_KeyBoard:u_keyboard|key_scan[5]     ; 1       ;
; Array_KeyBoard:u_keyboard|key_scan[0]     ; 1       ;
; Array_KeyBoard:u_keyboard|key_scan[3]     ; 1       ;
; Array_KeyBoard:u_keyboard|key_scan[9]     ; 1       ;
; Array_KeyBoard:u_keyboard|key_scan[8]     ; 1       ;
; Array_KeyBoard:u_keyboard|key_scan[2]     ; 1       ;
; Total number of inverted registers = 51   ;         ;
+-------------------------------------------+---------+


+-------------------------------------------------------------------------------------------------------------------------------------------------------------------------------+
; Multiplexer Restructuring Statistics (Restructuring Performed)                                                                                                                ;
+--------------------+-----------+---------------+----------------------+------------------------+------------+-----------------------------------------------------------------+
; Multiplexer Inputs ; Bus Width ; Baseline Area ; Area if Restructured ; Saving if Restructured ; Registered ; Example Multiplexer Output                                      ;
+--------------------+-----------+---------------+----------------------+------------------------+------------+-----------------------------------------------------------------+
; 3:1                ; 17 bits   ; 34 LEs        ; 34 LEs               ; 0 LEs                  ; Yes        ; |Music_Box|Note_Generator:u_generator|PWM_Gen:u_pwm_gen|cnt[10] ;
; 3:1                ; 4 bits    ; 8 LEs         ; 8 LEs                ; 0 LEs                  ; Yes        ; |Music_Box|Song_Player_V2:u_player|note[3]                      ;
; 5:1                ; 9 bits    ; 27 LEs        ; 9 LEs                ; 18 LEs                 ; Yes        ; |Music_Box|Song_Player_V2:u_player|duration_counter[23]         ;
; 5:1                ; 15 bits   ; 45 LEs        ; 15 LEs               ; 30 LEs                 ; Yes        ; |Music_Box|Song_Player_V2:u_player|duration_counter[7]          ;
; 7:1                ; 8 bits    ; 32 LEs        ; 8 LEs                ; 24 LEs                 ; Yes        ; |Music_Box|Song_Player_V2:u_player|note_index[1]                ;
; 3:1                ; 4 bits    ; 8 LEs         ; 8 LEs                ; 0 LEs                  ; No         ; |Music_Box|Song_Player_V2:u_player|state                        ;
; 3:1                ; 3 bits    ; 6 LEs         ; 6 LEs                ; 0 LEs                  ; No         ; |Music_Box|Song_Player_V2:u_player|Selector41                   ;
+--------------------+-----------+---------------+----------------------+------------------------+------------+-----------------------------------------------------------------+


+------------------------------------------------------------------------+
; Parameter Settings for User Entity Instance: Array_KeyBoard:u_keyboard ;
+----------------+----------+--------------------------------------------+
; Parameter Name ; Value    ; Type                                       ;
+----------------+----------+--------------------------------------------+
; CLK_FREQ       ; 12000000 ; Signed Integer                             ;
; SCAN_FREQ      ; 1000     ; Signed Integer                             ;
; SCAN_CNT       ; 2999     ; Signed Integer                             ;
+----------------+----------+--------------------------------------------+
Note: In order to hide this table in the UI and the text report file, please set the "Show Parameter Settings in Synthesis Report" option in "Analysis and Synthesis Settings -> More Settings" to "Off".


+-------------------------------------------------------------------------------------------+
; Parameter Settings for User Entity Instance: Note_Generator:u_generator|PWM_Gen:u_pwm_gen ;
+----------------+-------+------------------------------------------------------------------+
; Parameter Name ; Value ; Type                                                             ;
+----------------+-------+------------------------------------------------------------------+
; WIDTH          ; 16    ; Signed Integer                                                   ;
+----------------+-------+------------------------------------------------------------------+
Note: In order to hide this table in the UI and the text report file, please set the "Show Parameter Settings in Synthesis Report" option in "Analysis and Synthesis Settings -> More Settings" to "Off".


+--------------------------------------------------------------------------+
; Port Connectivity Checks: "Note_Generator:u_generator|PWM_Gen:u_pwm_gen" ;
+----------+-------+----------+--------------------------------------------+
; Port     ; Type  ; Severity ; Details                                    ;
+----------+-------+----------+--------------------------------------------+
; duty[15] ; Input ; Info     ; Stuck at GND                               ;
+----------+-------+----------+--------------------------------------------+


+-------------------------------------------------------------------------------------------------------------------+
; Port Connectivity Checks: "Array_KeyBoard:u_keyboard"                                                             ;
+---------+--------+----------+-------------------------------------------------------------------------------------+
; Port    ; Type   ; Severity ; Details                                                                             ;
+---------+--------+----------+-------------------------------------------------------------------------------------+
; key_out ; Output ; Info     ; Connected to dangling logic. Logic that only feeds a dangling port will be removed. ;
+---------+--------+----------+-------------------------------------------------------------------------------------+


+-----------------------------------------------------+
; Post-Synthesis Netlist Statistics for Top Partition ;
+-----------------------+-----------------------------+
; Type                  ; Count                       ;
+-----------------------+-----------------------------+
; boundary_port         ; 19                          ;
; cycloneiii_ff         ; 140                         ;
;     CLR               ; 59                          ;
;     CLR SCLR          ; 16                          ;
;     ENA CLR           ; 29                          ;
;     ENA CLR SCLR      ; 8                           ;
;     ENA CLR SLD       ; 28                          ;
; cycloneiii_lcell_comb ; 297                         ;
;     arith             ; 109                         ;
;         2 data inputs ; 80                          ;
;         3 data inputs ; 29                          ;
;     normal            ; 188                         ;
;         0 data inputs ; 3                           ;
;         1 data inputs ; 25                          ;
;         2 data inputs ; 34                          ;
;         3 data inputs ; 20                          ;
;         4 data inputs ; 106                         ;
;                       ;                             ;
; Max LUT depth         ; 9.00                        ;
; Average LUT depth     ; 4.19                        ;
+-----------------------+-----------------------------+


+-------------------------------+
; Elapsed Time Per Partition    ;
+----------------+--------------+
; Partition Name ; Elapsed Time ;
+----------------+--------------+
; Top            ; 00:00:02     ;
+----------------+--------------+


+-------------------------------+
; Analysis & Synthesis Messages ;
+-------------------------------+
Info: *******************************************************************
Info: Running Quartus Prime Analysis & Synthesis
    Info: Version 18.1.0 Build 625 09/12/2018 SJ Lite Edition
    Info: Processing started: Mon May 26 00:49:24 2025
Info: Command: quartus_map --read_settings_files=on --write_settings_files=off Music_Box -c Music_Box
Warning (18236): Number of processors has not been specified which may cause overloading on shared machines.  Set the global assignment NUM_PARALLEL_PROCESSORS in your QSF to an appropriate value for best performance.
Info (20030): Parallel compilation is enabled and will use 14 of the 14 processors detected
Info (12021): Found 1 design units, including 1 entities, in source file music_box.v
    Info (12023): Found entity 1: Music_Box File: D:/Quartus_Project/Music_Box/Music_Box.v Line: 4
Info (12021): Found 3 design units, including 3 entities, in source file note_generator.v
    Info (12023): Found entity 1: Note_Generator File: D:/Quartus_Project/Music_Box/Note_Generator.v Line: 4
    Info (12023): Found entity 2: Note_to_PWM File: D:/Quartus_Project/Music_Box/Note_Generator.v Line: 41
    Info (12023): Found entity 3: PWM_Gen File: D:/Quartus_Project/Music_Box/Note_Generator.v Line: 77
Info (12021): Found 1 design units, including 1 entities, in source file song_player.v
    Info (12023): Found entity 1: Song_Player_V2 File: D:/Quartus_Project/Music_Box/Song_Player.v Line: 4
Info (12021): Found 1 design units, including 1 entities, in source file array_keyboard.v
    Info (12023): Found entity 1: Array_KeyBoard File: D:/Quartus_Project/Music_Box/Array_KeyBoard.v Line: 4
Info (12127): Elaborating entity "Music_Box" for the top level hierarchy
Info (10264): Verilog HDL Case Statement information at Music_Box.v(48): all case item expressions in this case statement are onehot File: D:/Quartus_Project/Music_Box/Music_Box.v Line: 48
Info (12128): Elaborating entity "Array_KeyBoard" for hierarchy "Array_KeyBoard:u_keyboard" File: D:/Quartus_Project/Music_Box/Music_Box.v Line: 37
Info (12128): Elaborating entity "Song_Player_V2" for hierarchy "Song_Player_V2:u_player" File: D:/Quartus_Project/Music_Box/Music_Box.v Line: 80
Info (12128): Elaborating entity "Note_Generator" for hierarchy "Note_Generator:u_generator" File: D:/Quartus_Project/Music_Box/Music_Box.v Line: 90
Info (12128): Elaborating entity "Note_to_PWM" for hierarchy "Note_Generator:u_generator|Note_to_PWM:u_note_to_pwm" File: D:/Quartus_Project/Music_Box/Note_Generator.v Line: 21
Info (12128): Elaborating entity "PWM_Gen" for hierarchy "Note_Generator:u_generator|PWM_Gen:u_pwm_gen" File: D:/Quartus_Project/Music_Box/Note_Generator.v Line: 36
Info (13000): Registers with preset signals will power-up high File: D:/Quartus_Project/Music_Box/Array_KeyBoard.v Line: 36
Info (13003): DEV_CLRn pin will set, and not reset, register with preset signal due to NOT Gate Push-Back
Warning (13024): Output pins are stuck at VCC or GND
    Warning (13410): Pin "led[7]" is stuck at VCC File: D:/Quartus_Project/Music_Box/Music_Box.v Line: 11
Info (286030): Timing-Driven Synthesis is running
Info (17049): 2 registers lost all their fanouts during netlist optimizations.
Info (144001): Generated suppressed messages file D:/Quartus_Project/Music_Box/output_files/Music_Box.map.smsg
Info (16010): Generating hard_block partition "hard_block:auto_generated_inst"
    Info (16011): Adding 0 node(s), including 0 DDIO, 0 PLL, 0 transceiver and 0 LCELL
Info (21057): Implemented 353 device resources after synthesis - the final resource count might be different
    Info (21058): Implemented 6 input pins
    Info (21059): Implemented 13 output pins
    Info (21061): Implemented 334 logic cells
Info: Quartus Prime Analysis & Synthesis was successful. 0 errors, 3 warnings
    Info: Peak virtual memory: 4833 megabytes
    Info: Processing ended: Mon May 26 00:49:35 2025
    Info: Elapsed time: 00:00:11
    Info: Total CPU time (on all processors): 00:00:19


+------------------------------------------+
; Analysis & Synthesis Suppressed Messages ;
+------------------------------------------+
The suppressed messages can be found in D:/Quartus_Project/Music_Box/output_files/Music_Box.map.smsg.


