Analysis & Synthesis report for amp_adjust
Wed Dec 27 10:08:11 2023
Quartus Prime Version 18.0.0 Build 614 04/24/2018 SJ Standard Edition


---------------------
; Table of Contents ;
---------------------
  1. Legal Notice
  2. Analysis & Synthesis Summary
  3. Analysis & Synthesis Settings
  4. Parallel Compilation
  5. Analysis & Synthesis Source Files Read
  6. Analysis & Synthesis Resource Usage Summary
  7. Analysis & Synthesis Resource Utilization by Entity
  8. User-Specified and Inferred Latches
  9. General Register Statistics
 10. Inverted Register Statistics
 11. Multiplexer Restructuring Statistics (Restructuring Performed)
 12. Post-Synthesis Netlist Statistics for Top Partition
 13. Elapsed Time Per Partition
 14. Analysis & Synthesis Messages



----------------
; Legal Notice ;
----------------
Copyright (C) 2018  Intel Corporation. All rights reserved.
Your use of Intel Corporation's design tools, logic functions 
and other software and tools, and its AMPP partner logic 
functions, and any output files from any of the foregoing 
(including device programming or simulation files), and any 
associated documentation or information are expressly subject 
to the terms and conditions of the Intel Program License 
Subscription Agreement, the Intel Quartus Prime License Agreement,
the Intel FPGA IP License Agreement, or other applicable license
agreement, including, without limitation, that your use is for
the sole purpose of programming logic devices manufactured by
Intel and sold by Intel or its authorized distributors.  Please
refer to the applicable agreement for further details.



+--------------------------------------------------------------------------------------+
; Analysis & Synthesis Summary                                                         ;
+------------------------------------+-------------------------------------------------+
; Analysis & Synthesis Status        ; Successful - Wed Dec 27 10:08:11 2023           ;
; Quartus Prime Version              ; 18.0.0 Build 614 04/24/2018 SJ Standard Edition ;
; Revision Name                      ; amp_adjust                                      ;
; Top-level Entity Name              ; amp_adjust                                      ;
; Family                             ; MAX 10                                          ;
; Total logic elements               ; 75                                              ;
;     Total combinational functions  ; 68                                              ;
;     Dedicated logic registers      ; 32                                              ;
; Total registers                    ; 32                                              ;
; Total pins                         ; 22                                              ;
; Total virtual pins                 ; 0                                               ;
; Total memory bits                  ; 0                                               ;
; Embedded Multiplier 9-bit elements ; 0                                               ;
; Total PLLs                         ; 0                                               ;
; UFM blocks                         ; 0                                               ;
; ADC blocks                         ; 0                                               ;
+------------------------------------+-------------------------------------------------+


+------------------------------------------------------------------------------------------------------------+
; Analysis & Synthesis Settings                                                                              ;
+------------------------------------------------------------------+--------------------+--------------------+
; Option                                                           ; Setting            ; Default Value      ;
+------------------------------------------------------------------+--------------------+--------------------+
; Device                                                           ; 10M08SAM153C8G     ;                    ;
; Top-level entity name                                            ; amp_adjust         ; amp_adjust         ;
; Family name                                                      ; MAX 10             ; Cyclone V          ;
; Use smart compilation                                            ; Off                ; Off                ;
; Enable parallel Assembler and Timing Analyzer during compilation ; On                 ; On                 ;
; Enable compact report table                                      ; Off                ; Off                ;
; Restructure Multiplexers                                         ; Auto               ; Auto               ;
; Create Debugging Nodes for IP Cores                              ; Off                ; Off                ;
; Preserve fewer node names                                        ; On                 ; On                 ;
; Intel FPGA IP Evaluation Mode                                    ; Enable             ; Enable             ;
; Verilog Version                                                  ; Verilog_2001       ; Verilog_2001       ;
; VHDL Version                                                     ; VHDL_1993          ; VHDL_1993          ;
; State Machine Processing                                         ; Auto               ; Auto               ;
; Safe State Machine                                               ; Off                ; Off                ;
; Extract Verilog State Machines                                   ; On                 ; On                 ;
; Extract VHDL State Machines                                      ; On                 ; On                 ;
; Ignore Verilog initial constructs                                ; Off                ; Off                ;
; Iteration limit for constant Verilog loops                       ; 5000               ; 5000               ;
; Iteration limit for non-constant Verilog loops                   ; 250                ; 250                ;
; Add Pass-Through Logic to Inferred RAMs                          ; On                 ; On                 ;
; Infer RAMs from Raw Logic                                        ; On                 ; On                 ;
; Parallel Synthesis                                               ; On                 ; On                 ;
; DSP Block Balancing                                              ; Auto               ; Auto               ;
; NOT Gate Push-Back                                               ; On                 ; On                 ;
; Power-Up Don't Care                                              ; On                 ; On                 ;
; Remove Redundant Logic Cells                                     ; Off                ; Off                ;
; Remove Duplicate Registers                                       ; On                 ; On                 ;
; Ignore CARRY Buffers                                             ; Off                ; Off                ;
; Ignore CASCADE Buffers                                           ; Off                ; Off                ;
; Ignore GLOBAL Buffers                                            ; Off                ; Off                ;
; Ignore ROW GLOBAL Buffers                                        ; Off                ; Off                ;
; Ignore LCELL Buffers                                             ; Off                ; Off                ;
; Ignore SOFT Buffers                                              ; On                 ; On                 ;
; Limit AHDL Integers to 32 Bits                                   ; Off                ; Off                ;
; Optimization Technique                                           ; Balanced           ; Balanced           ;
; Carry Chain Length                                               ; 70                 ; 70                 ;
; Auto Carry Chains                                                ; On                 ; On                 ;
; Auto Open-Drain Pins                                             ; On                 ; On                 ;
; Perform WYSIWYG Primitive Resynthesis                            ; Off                ; Off                ;
; Auto ROM Replacement                                             ; On                 ; On                 ;
; Auto RAM Replacement                                             ; On                 ; On                 ;
; Auto DSP Block Replacement                                       ; On                 ; On                 ;
; Auto Shift Register Replacement                                  ; Auto               ; Auto               ;
; Allow Shift Register Merging across Hierarchies                  ; Auto               ; Auto               ;
; Auto Clock Enable Replacement                                    ; On                 ; On                 ;
; Strict RAM Replacement                                           ; Off                ; Off                ;
; Allow Synchronous Control Signals                                ; On                 ; On                 ;
; Force Use of Synchronous Clear Signals                           ; Off                ; Off                ;
; Auto RAM Block Balancing                                         ; On                 ; On                 ;
; Auto RAM to Logic Cell Conversion                                ; Off                ; Off                ;
; Auto Resource Sharing                                            ; Off                ; Off                ;
; Allow Any RAM Size For Recognition                               ; Off                ; Off                ;
; Allow Any ROM Size For Recognition                               ; Off                ; Off                ;
; Allow Any Shift Register Size For Recognition                    ; Off                ; Off                ;
; Use LogicLock Constraints during Resource Balancing              ; On                 ; On                 ;
; Ignore translate_off and synthesis_off directives                ; Off                ; Off                ;
; Timing-Driven Synthesis                                          ; On                 ; On                 ;
; Report Parameter Settings                                        ; On                 ; On                 ;
; Report Source Assignments                                        ; On                 ; On                 ;
; Report Connectivity Checks                                       ; On                 ; On                 ;
; Ignore Maximum Fan-Out Assignments                               ; Off                ; Off                ;
; Synchronization Register Chain Length                            ; 2                  ; 2                  ;
; Power Optimization During Synthesis                              ; Normal compilation ; Normal compilation ;
; HDL message level                                                ; Level2             ; Level2             ;
; Suppress Register Optimization Related Messages                  ; Off                ; Off                ;
; Number of Removed Registers Reported in Synthesis Report         ; 5000               ; 5000               ;
; Number of Swept Nodes Reported in Synthesis Report               ; 5000               ; 5000               ;
; Number of Inverted Registers Reported in Synthesis Report        ; 100                ; 100                ;
; Clock MUX Protection                                             ; On                 ; On                 ;
; Auto Gated Clock Conversion                                      ; Off                ; Off                ;
; Block Design Naming                                              ; Auto               ; Auto               ;
; SDC constraint protection                                        ; Off                ; Off                ;
; Synthesis Effort                                                 ; Auto               ; Auto               ;
; Shift Register Replacement - Allow Asynchronous Clear Signal     ; On                 ; On                 ;
; Pre-Mapping Resynthesis Optimization                             ; Off                ; Off                ;
; Analysis & Synthesis Message Level                               ; Medium             ; Medium             ;
; Disable Register Merging Across Hierarchies                      ; Auto               ; Auto               ;
; Resource Aware Inference For Block RAM                           ; On                 ; On                 ;
+------------------------------------------------------------------+--------------------+--------------------+


+------------------------------------------+
; Parallel Compilation                     ;
+----------------------------+-------------+
; Processors                 ; Number      ;
+----------------------------+-------------+
; Number detected on machine ; 16          ;
; Maximum allowed            ; 16          ;
;                            ;             ;
; Average used               ; 1.00        ;
; Maximum used               ; 16          ;
;                            ;             ;
; Usage by Processor         ; % Time Used ;
;     Processor 1            ; 100.0%      ;
;     Processors 2-16        ;   0.0%      ;
+----------------------------+-------------+


+------------------------------------------------------------------------------------------------------------------------------------------------------------------------------+
; Analysis & Synthesis Source Files Read                                                                                                                                       ;
+----------------------------------+-----------------+------------------------+--------------------------------------------------------------------------------------+---------+
; File Name with User-Entered Path ; Used in Netlist ; File Type              ; File Name with Absolute Path                                                         ; Library ;
+----------------------------------+-----------------+------------------------+--------------------------------------------------------------------------------------+---------+
; source/amp_decoder.v             ; yes             ; User Verilog HDL File  ; E:/fpgaproject/stepbaseboard/STEP-MAX10-08SAM 4/lab3_amp_adjust/source/amp_decoder.v ;         ;
; source/segment_led.v             ; yes             ; User Verilog HDL File  ; E:/fpgaproject/stepbaseboard/STEP-MAX10-08SAM 4/lab3_amp_adjust/source/segment_led.v ;         ;
; source/amp_encoder.v             ; yes             ; User Verilog HDL File  ; E:/fpgaproject/stepbaseboard/STEP-MAX10-08SAM 4/lab3_amp_adjust/source/amp_encoder.v ;         ;
; source/amp_adjust.v              ; yes             ; User Verilog HDL File  ; E:/fpgaproject/stepbaseboard/STEP-MAX10-08SAM 4/lab3_amp_adjust/source/amp_adjust.v  ;         ;
+----------------------------------+-----------------+------------------------+--------------------------------------------------------------------------------------+---------+


+---------------------------------------------------------+
; Analysis & Synthesis Resource Usage Summary             ;
+---------------------------------------------+-----------+
; Resource                                    ; Usage     ;
+---------------------------------------------+-----------+
; Estimated Total logic elements              ; 75        ;
;                                             ;           ;
; Total combinational functions               ; 68        ;
; Logic element usage by number of LUT inputs ;           ;
;     -- 4 input functions                    ; 30        ;
;     -- 3 input functions                    ; 14        ;
;     -- <=2 input functions                  ; 24        ;
;                                             ;           ;
; Logic elements by mode                      ;           ;
;     -- normal mode                          ; 50        ;
;     -- arithmetic mode                      ; 18        ;
;                                             ;           ;
; Total registers                             ; 32        ;
;     -- Dedicated logic registers            ; 32        ;
;     -- I/O registers                        ; 0         ;
;                                             ;           ;
; I/O pins                                    ; 22        ;
;                                             ;           ;
; Embedded Multiplier 9-bit elements          ; 0         ;
;                                             ;           ;
; Maximum fan-out node                        ; clk~input ;
; Maximum fan-out                             ; 26        ;
; Total fan-out                               ; 355       ;
; Average fan-out                             ; 2.47      ;
+---------------------------------------------+-----------+


+-------------------------------------------------------------------------------------------------------------------------------------------------------------------------------------------------------------------------------------------+
; Analysis & Synthesis Resource Utilization by Entity                                                                                                                                                                                       ;
+----------------------------+---------------------+---------------------------+-------------+------------+--------------+---------+-----------+------+--------------+------------+----------------------------+-------------+--------------+
; Compilation Hierarchy Node ; Combinational ALUTs ; Dedicated Logic Registers ; Memory Bits ; UFM Blocks ; DSP Elements ; DSP 9x9 ; DSP 18x18 ; Pins ; Virtual Pins ; ADC blocks ; Full Hierarchy Name        ; Entity Name ; Library Name ;
+----------------------------+---------------------+---------------------------+-------------+------------+--------------+---------+-----------+------+--------------+------------+----------------------------+-------------+--------------+
; |amp_adjust                ; 68 (1)              ; 32 (0)                    ; 0           ; 0          ; 0            ; 0       ; 0         ; 22   ; 0            ; 0          ; |amp_adjust                ; amp_adjust  ; work         ;
;    |amp_decoder:u2|        ; 23 (23)             ; 8 (8)                     ; 0           ; 0          ; 0            ; 0       ; 0         ; 0    ; 0            ; 0          ; |amp_adjust|amp_decoder:u2 ; amp_decoder ; work         ;
;    |amp_encoder:u1|        ; 30 (30)             ; 24 (24)                   ; 0           ; 0          ; 0            ; 0       ; 0         ; 0    ; 0            ; 0          ; |amp_adjust|amp_encoder:u1 ; amp_encoder ; work         ;
;    |segment_led:u3|        ; 7 (7)               ; 0 (0)                     ; 0           ; 0          ; 0            ; 0       ; 0         ; 0    ; 0            ; 0          ; |amp_adjust|segment_led:u3 ; segment_led ; work         ;
;    |segment_led:u4|        ; 7 (7)               ; 0 (0)                     ; 0           ; 0          ; 0            ; 0       ; 0         ; 0    ; 0            ; 0          ; |amp_adjust|segment_led:u4 ; segment_led ; work         ;
+----------------------------+---------------------+---------------------------+-------------+------------+--------------+---------+-----------+------+--------------+------------+----------------------------+-------------+--------------+
Note: For table entries with two numbers listed, the numbers in parentheses indicate the number of resources of the given type used by the specific entity alone. The numbers listed outside of parentheses indicate the total resources of the given type used by the specific entity and all of its sub-entities in the hierarchy.


+-------------------------------------------------------------------------------------------------------+
; User-Specified and Inferred Latches                                                                   ;
+----------------------------------------------------+-------------------------+------------------------+
; Latch Name                                         ; Latch Enable Signal     ; Free of Timing Hazards ;
+----------------------------------------------------+-------------------------+------------------------+
; amp_encoder:u1|B_state                             ; amp_encoder:u1|WideNor1 ; yes                    ;
; amp_encoder:u1|A_state                             ; amp_encoder:u1|WideNor0 ; yes                    ;
; Number of user-specified and inferred latches = 2  ;                         ;                        ;
+----------------------------------------------------+-------------------------+------------------------+
Note: All latches listed above may not be present at the end of synthesis due to various synthesis optimizations.


+------------------------------------------------------+
; General Register Statistics                          ;
+----------------------------------------------+-------+
; Statistic                                    ; Value ;
+----------------------------------------------+-------+
; Total registers                              ; 32    ;
; Number of registers using Synchronous Clear  ; 13    ;
; Number of registers using Synchronous Load   ; 3     ;
; Number of registers using Asynchronous Clear ; 24    ;
; Number of registers using Asynchronous Load  ; 0     ;
; Number of registers using Clock Enable       ; 5     ;
; Number of registers using Preset             ; 0     ;
+----------------------------------------------+-------+


+--------------------------------------------------+
; Inverted Register Statistics                     ;
+----------------------------------------+---------+
; Inverted Register                      ; Fan out ;
+----------------------------------------+---------+
; amp_decoder:u2|seg_data[4]             ; 11      ;
; amp_decoder:u2|seg_data[6]             ; 11      ;
; Total number of inverted registers = 2 ;         ;
+----------------------------------------+---------+


+------------------------------------------------------------------------------------------------------------------------------------------------------+
; Multiplexer Restructuring Statistics (Restructuring Performed)                                                                                       ;
+--------------------+-----------+---------------+----------------------+------------------------+------------+----------------------------------------+
; Multiplexer Inputs ; Bus Width ; Baseline Area ; Area if Restructured ; Saving if Restructured ; Registered ; Example Multiplexer Output             ;
+--------------------+-----------+---------------+----------------------+------------------------+------------+----------------------------------------+
; 5:1                ; 4 bits    ; 12 LEs        ; 8 LEs                ; 4 LEs                  ; Yes        ; |amp_adjust|amp_decoder:u2|seg_data[3] ;
; 6:1                ; 2 bits    ; 8 LEs         ; 4 LEs                ; 4 LEs                  ; Yes        ; |amp_adjust|amp_decoder:u2|seg_data[7] ;
+--------------------+-----------+---------------+----------------------+------------------------+------------+----------------------------------------+


+-----------------------------------------------------+
; Post-Synthesis Netlist Statistics for Top Partition ;
+-----------------------+-----------------------------+
; Type                  ; Count                       ;
+-----------------------+-----------------------------+
; boundary_port         ; 22                          ;
; cycloneiii_ff         ; 32                          ;
;     CLR               ; 6                           ;
;     CLR SCLR          ; 13                          ;
;     ENA CLR           ; 2                           ;
;     ENA CLR SLD       ; 3                           ;
;     plain             ; 8                           ;
; cycloneiii_lcell_comb ; 80                          ;
;     arith             ; 18                          ;
;         2 data inputs ; 14                          ;
;         3 data inputs ; 4                           ;
;     normal            ; 62                          ;
;         0 data inputs ; 1                           ;
;         1 data inputs ; 13                          ;
;         2 data inputs ; 8                           ;
;         3 data inputs ; 10                          ;
;         4 data inputs ; 30                          ;
;                       ;                             ;
; Max LUT depth         ; 4.20                        ;
; Average LUT depth     ; 2.23                        ;
+-----------------------+-----------------------------+


+-------------------------------+
; Elapsed Time Per Partition    ;
+----------------+--------------+
; Partition Name ; Elapsed Time ;
+----------------+--------------+
; Top            ; 00:00:00     ;
+----------------+--------------+


+-------------------------------+
; Analysis & Synthesis Messages ;
+-------------------------------+
Info: *******************************************************************
Info: Running Quartus Prime Analysis & Synthesis
    Info: Version 18.0.0 Build 614 04/24/2018 SJ Standard Edition
    Info: Processing started: Wed Dec 27 10:08:02 2023
Info: Command: quartus_map --read_settings_files=on --write_settings_files=off amp_adjust -c amp_adjust
Warning (18236): Number of processors has not been specified which may cause overloading on shared machines.  Set the global assignment NUM_PARALLEL_PROCESSORS in your QSF to an appropriate value for best performance.
Info (20030): Parallel compilation is enabled and will use 16 of the 16 processors detected
Info (12021): Found 1 design units, including 1 entities, in source file source/amp_decoder.v
    Info (12023): Found entity 1: amp_decoder File: E:/fpgaproject/stepbaseboard/STEP-MAX10-08SAM 4/lab3_amp_adjust/source/amp_decoder.v Line: 18
Info (12021): Found 1 design units, including 1 entities, in source file source/segment_led.v
    Info (12023): Found entity 1: segment_led File: E:/fpgaproject/stepbaseboard/STEP-MAX10-08SAM 4/lab3_amp_adjust/source/segment_led.v Line: 18
Info (12021): Found 1 design units, including 1 entities, in source file source/amp_encoder.v
    Info (12023): Found entity 1: amp_encoder File: E:/fpgaproject/stepbaseboard/STEP-MAX10-08SAM 4/lab3_amp_adjust/source/amp_encoder.v Line: 18
Info (12021): Found 1 design units, including 1 entities, in source file source/amp_adjust.v
    Info (12023): Found entity 1: amp_adjust File: E:/fpgaproject/stepbaseboard/STEP-MAX10-08SAM 4/lab3_amp_adjust/source/amp_adjust.v Line: 18
Info (12127): Elaborating entity "amp_adjust" for the top level hierarchy
Info (12128): Elaborating entity "amp_encoder" for hierarchy "amp_encoder:u1" File: E:/fpgaproject/stepbaseboard/STEP-MAX10-08SAM 4/lab3_amp_adjust/source/amp_adjust.v Line: 37
Warning (10235): Verilog HDL Always Construct warning at amp_encoder.v(64): variable "A_state" is read inside the Always Construct but isn't in the Always Construct's Event Control File: E:/fpgaproject/stepbaseboard/STEP-MAX10-08SAM 4/lab3_amp_adjust/source/amp_encoder.v Line: 64
Warning (10240): Verilog HDL Always Construct warning at amp_encoder.v(60): inferring latch(es) for variable "A_state", which holds its previous value in one or more paths through the always construct File: E:/fpgaproject/stepbaseboard/STEP-MAX10-08SAM 4/lab3_amp_adjust/source/amp_encoder.v Line: 60
Warning (10235): Verilog HDL Always Construct warning at amp_encoder.v(82): variable "B_state" is read inside the Always Construct but isn't in the Always Construct's Event Control File: E:/fpgaproject/stepbaseboard/STEP-MAX10-08SAM 4/lab3_amp_adjust/source/amp_encoder.v Line: 82
Warning (10240): Verilog HDL Always Construct warning at amp_encoder.v(78): inferring latch(es) for variable "B_state", which holds its previous value in one or more paths through the always construct File: E:/fpgaproject/stepbaseboard/STEP-MAX10-08SAM 4/lab3_amp_adjust/source/amp_encoder.v Line: 78
Info (10041): Inferred latch for "B_state" at amp_encoder.v(78) File: E:/fpgaproject/stepbaseboard/STEP-MAX10-08SAM 4/lab3_amp_adjust/source/amp_encoder.v Line: 78
Info (10041): Inferred latch for "A_state" at amp_encoder.v(60) File: E:/fpgaproject/stepbaseboard/STEP-MAX10-08SAM 4/lab3_amp_adjust/source/amp_encoder.v Line: 60
Info (12128): Elaborating entity "amp_decoder" for hierarchy "amp_decoder:u2" File: E:/fpgaproject/stepbaseboard/STEP-MAX10-08SAM 4/lab3_amp_adjust/source/amp_adjust.v Line: 47
Info (12128): Elaborating entity "segment_led" for hierarchy "segment_led:u3" File: E:/fpgaproject/stepbaseboard/STEP-MAX10-08SAM 4/lab3_amp_adjust/source/amp_adjust.v Line: 53
Warning (13012): Latch amp_encoder:u1|B_state has unsafe behavior File: E:/fpgaproject/stepbaseboard/STEP-MAX10-08SAM 4/lab3_amp_adjust/source/amp_encoder.v Line: 76
    Warning (13013): Ports D and ENA on the latch are fed by the same signal amp_encoder:u1|key_b_r1 File: E:/fpgaproject/stepbaseboard/STEP-MAX10-08SAM 4/lab3_amp_adjust/source/amp_encoder.v Line: 68
Warning (13012): Latch amp_encoder:u1|A_state has unsafe behavior File: E:/fpgaproject/stepbaseboard/STEP-MAX10-08SAM 4/lab3_amp_adjust/source/amp_encoder.v Line: 58
    Warning (13013): Ports D and ENA on the latch are fed by the same signal amp_encoder:u1|key_a_r1 File: E:/fpgaproject/stepbaseboard/STEP-MAX10-08SAM 4/lab3_amp_adjust/source/amp_encoder.v Line: 50
Info (13000): Registers with preset signals will power-up high File: E:/fpgaproject/stepbaseboard/STEP-MAX10-08SAM 4/lab3_amp_adjust/source/amp_decoder.v Line: 33
Info (13003): DEV_CLRn pin will set, and not reset, register with preset signal due to NOT Gate Push-Back
Warning (13024): Output pins are stuck at VCC or GND
    Warning (13410): Pin "seg_1[7]" is stuck at GND File: E:/fpgaproject/stepbaseboard/STEP-MAX10-08SAM 4/lab3_amp_adjust/source/amp_adjust.v Line: 24
    Warning (13410): Pin "seg_1[8]" is stuck at GND File: E:/fpgaproject/stepbaseboard/STEP-MAX10-08SAM 4/lab3_amp_adjust/source/amp_adjust.v Line: 24
    Warning (13410): Pin "seg_2[7]" is stuck at GND File: E:/fpgaproject/stepbaseboard/STEP-MAX10-08SAM 4/lab3_amp_adjust/source/amp_adjust.v Line: 26
    Warning (13410): Pin "seg_2[8]" is stuck at GND File: E:/fpgaproject/stepbaseboard/STEP-MAX10-08SAM 4/lab3_amp_adjust/source/amp_adjust.v Line: 26
Info (286030): Timing-Driven Synthesis is running
Info (16010): Generating hard_block partition "hard_block:auto_generated_inst"
    Info (16011): Adding 0 node(s), including 0 DDIO, 0 PLL, 0 transceiver and 0 LCELL
Info (21057): Implemented 98 device resources after synthesis - the final resource count might be different
    Info (21058): Implemented 4 input pins
    Info (21059): Implemented 18 output pins
    Info (21061): Implemented 76 logic cells
Info: Quartus Prime Analysis & Synthesis was successful. 0 errors, 14 warnings
    Info: Peak virtual memory: 4841 megabytes
    Info: Processing ended: Wed Dec 27 10:08:11 2023
    Info: Elapsed time: 00:00:09
    Info: Total CPU time (on all processors): 00:00:08


