Analysis & Synthesis report for altitude
Wed Dec 27 10:29:08 2023
Quartus Prime Version 18.0.0 Build 614 04/24/2018 SJ Standard Edition


---------------------
; Table of Contents ;
---------------------
  1. Legal Notice
  2. Analysis & Synthesis Summary
  3. Analysis & Synthesis Settings
  4. Parallel Compilation
  5. Analysis & Synthesis Source Files Read
  6. Analysis & Synthesis Resource Usage Summary
  7. Analysis & Synthesis Resource Utilization by Entity
  8. Analysis & Synthesis DSP Block Usage Summary
  9. State Machine - |altitude|segment_scan:u3|state
 10. State Machine - |altitude|bmp280_driver:u1|state_back
 11. State Machine - |altitude|bmp280_driver:u1|state
 12. Registers Removed During Synthesis
 13. Removed Registers Triggering Further Register Optimizations
 14. General Register Statistics
 15. Inverted Register Statistics
 16. Multiplexer Restructuring Statistics (Restructuring Performed)
 17. Parameter Settings for User Entity Instance: bmp280_driver:u1
 18. Parameter Settings for Inferred Entity Instance: calculate:u2|lpm_mult:Mult0
 19. Parameter Settings for Inferred Entity Instance: calculate:u2|lpm_mult:Mult1
 20. Parameter Settings for Inferred Entity Instance: calculate:u2|lpm_mult:Mult2
 21. lpm_mult Parameter Settings by Entity Instance
 22. Port Connectivity Checks: "calculate:u2|bin_to_bcd:u1"
 23. Port Connectivity Checks: "calculate:u2"
 24. Post-Synthesis Netlist Statistics for Top Partition
 25. Elapsed Time Per Partition
 26. Analysis & Synthesis Messages
 27. Analysis & Synthesis Suppressed Messages



----------------
; Legal Notice ;
----------------
Copyright (C) 2018  Intel Corporation. All rights reserved.
Your use of Intel Corporation's design tools, logic functions 
and other software and tools, and its AMPP partner logic 
functions, and any output files from any of the foregoing 
(including device programming or simulation files), and any 
associated documentation or information are expressly subject 
to the terms and conditions of the Intel Program License 
Subscription Agreement, the Intel Quartus Prime License Agreement,
the Intel FPGA IP License Agreement, or other applicable license
agreement, including, without limitation, that your use is for
the sole purpose of programming logic devices manufactured by
Intel and sold by Intel or its authorized distributors.  Please
refer to the applicable agreement for further details.



+--------------------------------------------------------------------------------------+
; Analysis & Synthesis Summary                                                         ;
+------------------------------------+-------------------------------------------------+
; Analysis & Synthesis Status        ; Successful - Wed Dec 27 10:29:08 2023           ;
; Quartus Prime Version              ; 18.0.0 Build 614 04/24/2018 SJ Standard Edition ;
; Revision Name                      ; altitude                                        ;
; Top-level Entity Name              ; altitude                                        ;
; Family                             ; MAX 10                                          ;
; Total logic elements               ; 1,042                                           ;
;     Total combinational functions  ; 943                                             ;
;     Dedicated logic registers      ; 287                                             ;
; Total registers                    ; 287                                             ;
; Total pins                         ; 7                                               ;
; Total virtual pins                 ; 0                                               ;
; Total memory bits                  ; 0                                               ;
; Embedded Multiplier 9-bit elements ; 10                                              ;
; Total PLLs                         ; 0                                               ;
; UFM blocks                         ; 0                                               ;
; ADC blocks                         ; 0                                               ;
+------------------------------------+-------------------------------------------------+


+------------------------------------------------------------------------------------------------------------+
; Analysis & Synthesis Settings                                                                              ;
+------------------------------------------------------------------+--------------------+--------------------+
; Option                                                           ; Setting            ; Default Value      ;
+------------------------------------------------------------------+--------------------+--------------------+
; Device                                                           ; 10M08SAM153C8G     ;                    ;
; Top-level entity name                                            ; altitude           ; altitude           ;
; Family name                                                      ; MAX 10             ; Cyclone V          ;
; Use smart compilation                                            ; Off                ; Off                ;
; Enable parallel Assembler and Timing Analyzer during compilation ; On                 ; On                 ;
; Enable compact report table                                      ; Off                ; Off                ;
; Restructure Multiplexers                                         ; Auto               ; Auto               ;
; Create Debugging Nodes for IP Cores                              ; Off                ; Off                ;
; Preserve fewer node names                                        ; On                 ; On                 ;
; Intel FPGA IP Evaluation Mode                                    ; Enable             ; Enable             ;
; Verilog Version                                                  ; Verilog_2001       ; Verilog_2001       ;
; VHDL Version                                                     ; VHDL_1993          ; VHDL_1993          ;
; State Machine Processing                                         ; Auto               ; Auto               ;
; Safe State Machine                                               ; Off                ; Off                ;
; Extract Verilog State Machines                                   ; On                 ; On                 ;
; Extract VHDL State Machines                                      ; On                 ; On                 ;
; Ignore Verilog initial constructs                                ; Off                ; Off                ;
; Iteration limit for constant Verilog loops                       ; 5000               ; 5000               ;
; Iteration limit for non-constant Verilog loops                   ; 250                ; 250                ;
; Add Pass-Through Logic to Inferred RAMs                          ; On                 ; On                 ;
; Infer RAMs from Raw Logic                                        ; On                 ; On                 ;
; Parallel Synthesis                                               ; On                 ; On                 ;
; DSP Block Balancing                                              ; Auto               ; Auto               ;
; NOT Gate Push-Back                                               ; On                 ; On                 ;
; Power-Up Don't Care                                              ; On                 ; On                 ;
; Remove Redundant Logic Cells                                     ; Off                ; Off                ;
; Remove Duplicate Registers                                       ; On                 ; On                 ;
; Ignore CARRY Buffers                                             ; Off                ; Off                ;
; Ignore CASCADE Buffers                                           ; Off                ; Off                ;
; Ignore GLOBAL Buffers                                            ; Off                ; Off                ;
; Ignore ROW GLOBAL Buffers                                        ; Off                ; Off                ;
; Ignore LCELL Buffers                                             ; Off                ; Off                ;
; Ignore SOFT Buffers                                              ; On                 ; On                 ;
; Limit AHDL Integers to 32 Bits                                   ; Off                ; Off                ;
; Optimization Technique                                           ; Balanced           ; Balanced           ;
; Carry Chain Length                                               ; 70                 ; 70                 ;
; Auto Carry Chains                                                ; On                 ; On                 ;
; Auto Open-Drain Pins                                             ; On                 ; On                 ;
; Perform WYSIWYG Primitive Resynthesis                            ; Off                ; Off                ;
; Auto ROM Replacement                                             ; On                 ; On                 ;
; Auto RAM Replacement                                             ; On                 ; On                 ;
; Auto DSP Block Replacement                                       ; On                 ; On                 ;
; Auto Shift Register Replacement                                  ; Auto               ; Auto               ;
; Allow Shift Register Merging across Hierarchies                  ; Auto               ; Auto               ;
; Auto Clock Enable Replacement                                    ; On                 ; On                 ;
; Strict RAM Replacement                                           ; Off                ; Off                ;
; Allow Synchronous Control Signals                                ; On                 ; On                 ;
; Force Use of Synchronous Clear Signals                           ; Off                ; Off                ;
; Auto RAM Block Balancing                                         ; On                 ; On                 ;
; Auto RAM to Logic Cell Conversion                                ; Off                ; Off                ;
; Auto Resource Sharing                                            ; Off                ; Off                ;
; Allow Any RAM Size For Recognition                               ; Off                ; Off                ;
; Allow Any ROM Size For Recognition                               ; Off                ; Off                ;
; Allow Any Shift Register Size For Recognition                    ; Off                ; Off                ;
; Use LogicLock Constraints during Resource Balancing              ; On                 ; On                 ;
; Ignore translate_off and synthesis_off directives                ; Off                ; Off                ;
; Timing-Driven Synthesis                                          ; On                 ; On                 ;
; Report Parameter Settings                                        ; On                 ; On                 ;
; Report Source Assignments                                        ; On                 ; On                 ;
; Report Connectivity Checks                                       ; On                 ; On                 ;
; Ignore Maximum Fan-Out Assignments                               ; Off                ; Off                ;
; Synchronization Register Chain Length                            ; 2                  ; 2                  ;
; Power Optimization During Synthesis                              ; Normal compilation ; Normal compilation ;
; HDL message level                                                ; Level2             ; Level2             ;
; Suppress Register Optimization Related Messages                  ; Off                ; Off                ;
; Number of Removed Registers Reported in Synthesis Report         ; 5000               ; 5000               ;
; Number of Swept Nodes Reported in Synthesis Report               ; 5000               ; 5000               ;
; Number of Inverted Registers Reported in Synthesis Report        ; 100                ; 100                ;
; Clock MUX Protection                                             ; On                 ; On                 ;
; Auto Gated Clock Conversion                                      ; Off                ; Off                ;
; Block Design Naming                                              ; Auto               ; Auto               ;
; SDC constraint protection                                        ; Off                ; Off                ;
; Synthesis Effort                                                 ; Auto               ; Auto               ;
; Shift Register Replacement - Allow Asynchronous Clear Signal     ; On                 ; On                 ;
; Pre-Mapping Resynthesis Optimization                             ; Off                ; Off                ;
; Analysis & Synthesis Message Level                               ; Medium             ; Medium             ;
; Disable Register Merging Across Hierarchies                      ; Auto               ; Auto               ;
; Resource Aware Inference For Block RAM                           ; On                 ; On                 ;
+------------------------------------------------------------------+--------------------+--------------------+


+------------------------------------------+
; Parallel Compilation                     ;
+----------------------------+-------------+
; Processors                 ; Number      ;
+----------------------------+-------------+
; Number detected on machine ; 16          ;
; Maximum allowed            ; 16          ;
;                            ;             ;
; Average used               ; 1.00        ;
; Maximum used               ; 16          ;
;                            ;             ;
; Usage by Processor         ; % Time Used ;
;     Processor 1            ; 100.0%      ;
;     Processor 2            ;   0.0%      ;
;     Processor 3            ;   0.0%      ;
;     Processor 4            ;   0.0%      ;
;     Processor 5            ;   0.0%      ;
;     Processor 6            ;   0.0%      ;
;     Processor 7            ;   0.0%      ;
;     Processor 8            ;   0.0%      ;
;     Processors 9-16        ;   0.0%      ;
+----------------------------+-------------+


+-------------------------------------------------------------------------------------------------------------------------------------------------------------------------------------+
; Analysis & Synthesis Source Files Read                                                                                                                                              ;
+----------------------------------+-----------------+------------------------------+---------------------------------------------------------------------------------------+---------+
; File Name with User-Entered Path ; Used in Netlist ; File Type                    ; File Name with Absolute Path                                                          ; Library ;
+----------------------------------+-----------------+------------------------------+---------------------------------------------------------------------------------------+---------+
; source/bin_to_bcd.v              ; yes             ; User Verilog HDL File        ; E:/fpgaproject/stepbaseboard/STEP-MAX10-08SAM 4/lab10_altitude/source/bin_to_bcd.v    ;         ;
; source/calculate.v               ; yes             ; User Verilog HDL File        ; E:/fpgaproject/stepbaseboard/STEP-MAX10-08SAM 4/lab10_altitude/source/calculate.v     ;         ;
; source/segment_scan.v            ; yes             ; User Verilog HDL File        ; E:/fpgaproject/stepbaseboard/STEP-MAX10-08SAM 4/lab10_altitude/source/segment_scan.v  ;         ;
; source/bmp280_driver.v           ; yes             ; User Verilog HDL File        ; E:/fpgaproject/stepbaseboard/STEP-MAX10-08SAM 4/lab10_altitude/source/bmp280_driver.v ;         ;
; source/altitude.v                ; yes             ; User Verilog HDL File        ; E:/fpgaproject/stepbaseboard/STEP-MAX10-08SAM 4/lab10_altitude/source/altitude.v      ;         ;
; lpm_mult.tdf                     ; yes             ; Megafunction                 ; d:/intelfpga/18.0/quartus/libraries/megafunctions/lpm_mult.tdf                        ;         ;
; aglobal180.inc                   ; yes             ; Megafunction                 ; d:/intelfpga/18.0/quartus/libraries/megafunctions/aglobal180.inc                      ;         ;
; lpm_add_sub.inc                  ; yes             ; Megafunction                 ; d:/intelfpga/18.0/quartus/libraries/megafunctions/lpm_add_sub.inc                     ;         ;
; multcore.inc                     ; yes             ; Megafunction                 ; d:/intelfpga/18.0/quartus/libraries/megafunctions/multcore.inc                        ;         ;
; bypassff.inc                     ; yes             ; Megafunction                 ; d:/intelfpga/18.0/quartus/libraries/megafunctions/bypassff.inc                        ;         ;
; altshift.inc                     ; yes             ; Megafunction                 ; d:/intelfpga/18.0/quartus/libraries/megafunctions/altshift.inc                        ;         ;
; db/mult_1os.tdf                  ; yes             ; Auto-Generated Megafunction  ; E:/fpgaproject/stepbaseboard/STEP-MAX10-08SAM 4/lab10_altitude/db/mult_1os.tdf        ;         ;
; db/mult_tgs.tdf                  ; yes             ; Auto-Generated Megafunction  ; E:/fpgaproject/stepbaseboard/STEP-MAX10-08SAM 4/lab10_altitude/db/mult_tgs.tdf        ;         ;
; db/mult_rns.tdf                  ; yes             ; Auto-Generated Megafunction  ; E:/fpgaproject/stepbaseboard/STEP-MAX10-08SAM 4/lab10_altitude/db/mult_rns.tdf        ;         ;
+----------------------------------+-----------------+------------------------------+---------------------------------------------------------------------------------------+---------+


+---------------------------------------------------------------------------+
; Analysis & Synthesis Resource Usage Summary                               ;
+---------------------------------------------+-----------------------------+
; Resource                                    ; Usage                       ;
+---------------------------------------------+-----------------------------+
; Estimated Total logic elements              ; 1,042                       ;
;                                             ;                             ;
; Total combinational functions               ; 943                         ;
; Logic element usage by number of LUT inputs ;                             ;
;     -- 4 input functions                    ; 505                         ;
;     -- 3 input functions                    ; 223                         ;
;     -- <=2 input functions                  ; 215                         ;
;                                             ;                             ;
; Logic elements by mode                      ;                             ;
;     -- normal mode                          ; 698                         ;
;     -- arithmetic mode                      ; 245                         ;
;                                             ;                             ;
; Total registers                             ; 287                         ;
;     -- Dedicated logic registers            ; 287                         ;
;     -- I/O registers                        ; 0                           ;
;                                             ;                             ;
; I/O pins                                    ; 7                           ;
;                                             ;                             ;
; Embedded Multiplier 9-bit elements          ; 10                          ;
;                                             ;                             ;
; Maximum fan-out node                        ; bmp280_driver:u1|clk_400khz ;
; Maximum fan-out                             ; 186                         ;
; Total fan-out                               ; 4172                        ;
; Average fan-out                             ; 3.32                        ;
+---------------------------------------------+-----------------------------+


+----------------------------------------------------------------------------------------------------------------------------------------------------------------------------------------------------------------------------------------------------------------------------------------+
; Analysis & Synthesis Resource Utilization by Entity                                                                                                                                                                                                                                    ;
+------------------------------------+---------------------+---------------------------+-------------+------------+--------------+---------+-----------+------+--------------+------------+---------------------------------------------------------------+---------------+--------------+
; Compilation Hierarchy Node         ; Combinational ALUTs ; Dedicated Logic Registers ; Memory Bits ; UFM Blocks ; DSP Elements ; DSP 9x9 ; DSP 18x18 ; Pins ; Virtual Pins ; ADC blocks ; Full Hierarchy Name                                           ; Entity Name   ; Library Name ;
+------------------------------------+---------------------+---------------------------+-------------+------------+--------------+---------+-----------+------+--------------+------------+---------------------------------------------------------------+---------------+--------------+
; |altitude                          ; 943 (1)             ; 287 (0)                   ; 0           ; 0          ; 10           ; 0       ; 5         ; 7    ; 0            ; 0          ; |altitude                                                     ; altitude      ; work         ;
;    |bmp280_driver:u1|              ; 368 (368)           ; 196 (196)                 ; 0           ; 0          ; 0            ; 0       ; 0         ; 0    ; 0            ; 0          ; |altitude|bmp280_driver:u1                                    ; bmp280_driver ; work         ;
;    |calculate:u2|                  ; 424 (191)           ; 49 (49)                   ; 0           ; 0          ; 10           ; 0       ; 5         ; 0    ; 0            ; 0          ; |altitude|calculate:u2                                        ; calculate     ; work         ;
;       |bin_to_bcd:u1|              ; 205 (205)           ; 0 (0)                     ; 0           ; 0          ; 0            ; 0       ; 0         ; 0    ; 0            ; 0          ; |altitude|calculate:u2|bin_to_bcd:u1                          ; bin_to_bcd    ; work         ;
;       |lpm_mult:Mult0|             ; 14 (0)              ; 0 (0)                     ; 0           ; 0          ; 4            ; 0       ; 2         ; 0    ; 0            ; 0          ; |altitude|calculate:u2|lpm_mult:Mult0                         ; lpm_mult      ; work         ;
;          |mult_1os:auto_generated| ; 14 (14)             ; 0 (0)                     ; 0           ; 0          ; 4            ; 0       ; 2         ; 0    ; 0            ; 0          ; |altitude|calculate:u2|lpm_mult:Mult0|mult_1os:auto_generated ; mult_1os      ; work         ;
;       |lpm_mult:Mult1|             ; 0 (0)               ; 0 (0)                     ; 0           ; 0          ; 2            ; 0       ; 1         ; 0    ; 0            ; 0          ; |altitude|calculate:u2|lpm_mult:Mult1                         ; lpm_mult      ; work         ;
;          |mult_tgs:auto_generated| ; 0 (0)               ; 0 (0)                     ; 0           ; 0          ; 2            ; 0       ; 1         ; 0    ; 0            ; 0          ; |altitude|calculate:u2|lpm_mult:Mult1|mult_tgs:auto_generated ; mult_tgs      ; work         ;
;       |lpm_mult:Mult2|             ; 14 (0)              ; 0 (0)                     ; 0           ; 0          ; 4            ; 0       ; 2         ; 0    ; 0            ; 0          ; |altitude|calculate:u2|lpm_mult:Mult2                         ; lpm_mult      ; work         ;
;          |mult_rns:auto_generated| ; 14 (14)             ; 0 (0)                     ; 0           ; 0          ; 4            ; 0       ; 2         ; 0    ; 0            ; 0          ; |altitude|calculate:u2|lpm_mult:Mult2|mult_rns:auto_generated ; mult_rns      ; work         ;
;    |segment_scan:u3|               ; 150 (150)           ; 42 (42)                   ; 0           ; 0          ; 0            ; 0       ; 0         ; 0    ; 0            ; 0          ; |altitude|segment_scan:u3                                     ; segment_scan  ; work         ;
+------------------------------------+---------------------+---------------------------+-------------+------------+--------------+---------+-----------+------+--------------+------------+---------------------------------------------------------------+---------------+--------------+
Note: For table entries with two numbers listed, the numbers in parentheses indicate the number of resources of the given type used by the specific entity alone. The numbers listed outside of parentheses indicate the total resources of the given type used by the specific entity and all of its sub-entities in the hierarchy.


+-----------------------------------------------------+
; Analysis & Synthesis DSP Block Usage Summary        ;
+---------------------------------------+-------------+
; Statistic                             ; Number Used ;
+---------------------------------------+-------------+
; Simple Multipliers (9-bit)            ; 0           ;
; Simple Multipliers (18-bit)           ; 5           ;
; Embedded Multiplier Blocks            ; --          ;
; Embedded Multiplier 9-bit elements    ; 10          ;
; Signed Embedded Multipliers           ; 1           ;
; Unsigned Embedded Multipliers         ; 4           ;
; Mixed Sign Embedded Multipliers       ; 0           ;
; Variable Sign Embedded Multipliers    ; 0           ;
; Dedicated Input Shift Register Chains ; 0           ;
+---------------------------------------+-------------+
Note: number of Embedded Multiplier Blocks used is only available after a successful fit.


Encoding Type:  One-Hot
+-----------------------------------------------------+
; State Machine - |altitude|segment_scan:u3|state     ;
+-------------+------------+-------------+------------+
; Name        ; state.IDLE ; state.WRITE ; state.MAIN ;
+-------------+------------+-------------+------------+
; state.IDLE  ; 0          ; 0           ; 0          ;
; state.MAIN  ; 1          ; 0           ; 1          ;
; state.WRITE ; 1          ; 1           ; 0          ;
+-------------+------------+-------------+------------+


Encoding Type:  One-Hot
+---------------------------------------------------------------------------------------------+
; State Machine - |altitude|bmp280_driver:u1|state_back                                       ;
+------------------+------------------+-----------------+------------------+------------------+
; Name             ; state_back.MODE1 ; state_back.IDLE ; state_back.MODE3 ; state_back.MODE2 ;
+------------------+------------------+-----------------+------------------+------------------+
; state_back.IDLE  ; 0                ; 0               ; 0                ; 0                ;
; state_back.MODE1 ; 1                ; 1               ; 0                ; 0                ;
; state_back.MODE2 ; 0                ; 1               ; 0                ; 1                ;
; state_back.MODE3 ; 0                ; 1               ; 1                ; 0                ;
+------------------+------------------+-----------------+------------------+------------------+


Encoding Type:  One-Hot
+-----------------------------------------------------------------------------------------------------------------------------------------------------+
; State Machine - |altitude|bmp280_driver:u1|state                                                                                                    ;
+-------------+-------------+------------+------------+-------------+-------------+-------------+-------------+-------------+------------+------------+
; Name        ; state.DELAY ; state.STOP ; state.READ ; state.WRITE ; state.START ; state.MODE3 ; state.MODE2 ; state.MODE1 ; state.MAIN ; state.IDLE ;
+-------------+-------------+------------+------------+-------------+-------------+-------------+-------------+-------------+------------+------------+
; state.IDLE  ; 0           ; 0          ; 0          ; 0           ; 0           ; 0           ; 0           ; 0           ; 0          ; 0          ;
; state.MAIN  ; 0           ; 0          ; 0          ; 0           ; 0           ; 0           ; 0           ; 0           ; 1          ; 1          ;
; state.MODE1 ; 0           ; 0          ; 0          ; 0           ; 0           ; 0           ; 0           ; 1           ; 0          ; 1          ;
; state.MODE2 ; 0           ; 0          ; 0          ; 0           ; 0           ; 0           ; 1           ; 0           ; 0          ; 1          ;
; state.MODE3 ; 0           ; 0          ; 0          ; 0           ; 0           ; 1           ; 0           ; 0           ; 0          ; 1          ;
; state.START ; 0           ; 0          ; 0          ; 0           ; 1           ; 0           ; 0           ; 0           ; 0          ; 1          ;
; state.WRITE ; 0           ; 0          ; 0          ; 1           ; 0           ; 0           ; 0           ; 0           ; 0          ; 1          ;
; state.READ  ; 0           ; 0          ; 1          ; 0           ; 0           ; 0           ; 0           ; 0           ; 0          ; 1          ;
; state.STOP  ; 0           ; 1          ; 0          ; 0           ; 0           ; 0           ; 0           ; 0           ; 0          ; 1          ;
; state.DELAY ; 1           ; 0          ; 0          ; 0           ; 0           ; 0           ; 0           ; 0           ; 0          ; 1          ;
+-------------+-------------+------------+------------+-------------+-------------+-------------+-------------+-------------+------------+------------+


+------------------------------------------------------------------------------------+
; Registers Removed During Synthesis                                                 ;
+-----------------------------------------+------------------------------------------+
; Register name                           ; Reason for Removal                       ;
+-----------------------------------------+------------------------------------------+
; segment_scan:u3|seg[0][0]               ; Stuck at VCC due to stuck port data_in   ;
; segment_scan:u3|seg[0][1]               ; Stuck at VCC due to stuck port data_in   ;
; segment_scan:u3|seg[0][2]               ; Stuck at VCC due to stuck port data_in   ;
; segment_scan:u3|seg[0][3]               ; Stuck at VCC due to stuck port data_in   ;
; segment_scan:u3|seg[0][4]               ; Stuck at VCC due to stuck port data_in   ;
; segment_scan:u3|seg[0][5]               ; Stuck at VCC due to stuck port data_in   ;
; segment_scan:u3|seg[0][6]               ; Stuck at GND due to stuck port data_in   ;
; segment_scan:u3|seg[1][0]               ; Stuck at GND due to stuck port data_in   ;
; segment_scan:u3|seg[1][1]               ; Stuck at VCC due to stuck port data_in   ;
; segment_scan:u3|seg[1][2]               ; Stuck at VCC due to stuck port data_in   ;
; segment_scan:u3|seg[1][3]               ; Stuck at GND due to stuck port data_in   ;
; segment_scan:u3|seg[1][4]               ; Stuck at GND due to stuck port data_in   ;
; segment_scan:u3|seg[1][5]               ; Stuck at GND due to stuck port data_in   ;
; segment_scan:u3|seg[1][6]               ; Stuck at GND due to stuck port data_in   ;
; segment_scan:u3|seg[2][0]               ; Stuck at VCC due to stuck port data_in   ;
; segment_scan:u3|seg[2][1]               ; Stuck at VCC due to stuck port data_in   ;
; segment_scan:u3|seg[2][2]               ; Stuck at GND due to stuck port data_in   ;
; segment_scan:u3|seg[2][3]               ; Stuck at VCC due to stuck port data_in   ;
; segment_scan:u3|seg[2][4]               ; Stuck at VCC due to stuck port data_in   ;
; segment_scan:u3|seg[2][5]               ; Stuck at GND due to stuck port data_in   ;
; segment_scan:u3|seg[2][6]               ; Stuck at VCC due to stuck port data_in   ;
; segment_scan:u3|seg[3][0]               ; Stuck at VCC due to stuck port data_in   ;
; segment_scan:u3|seg[3][1]               ; Stuck at VCC due to stuck port data_in   ;
; segment_scan:u3|seg[3][2]               ; Stuck at VCC due to stuck port data_in   ;
; segment_scan:u3|seg[3][3]               ; Stuck at VCC due to stuck port data_in   ;
; segment_scan:u3|seg[3][4]               ; Stuck at GND due to stuck port data_in   ;
; segment_scan:u3|seg[3][5]               ; Stuck at GND due to stuck port data_in   ;
; segment_scan:u3|seg[3][6]               ; Stuck at VCC due to stuck port data_in   ;
; segment_scan:u3|seg[4][0]               ; Stuck at GND due to stuck port data_in   ;
; segment_scan:u3|seg[4][1]               ; Stuck at VCC due to stuck port data_in   ;
; segment_scan:u3|seg[4][2]               ; Stuck at VCC due to stuck port data_in   ;
; segment_scan:u3|seg[4][3]               ; Stuck at GND due to stuck port data_in   ;
; segment_scan:u3|seg[4][4]               ; Stuck at GND due to stuck port data_in   ;
; segment_scan:u3|seg[4][5]               ; Stuck at VCC due to stuck port data_in   ;
; segment_scan:u3|seg[4][6]               ; Stuck at VCC due to stuck port data_in   ;
; segment_scan:u3|seg[5][0]               ; Stuck at VCC due to stuck port data_in   ;
; segment_scan:u3|seg[5][1]               ; Stuck at GND due to stuck port data_in   ;
; segment_scan:u3|seg[5][2]               ; Stuck at VCC due to stuck port data_in   ;
; segment_scan:u3|seg[5][3]               ; Stuck at VCC due to stuck port data_in   ;
; segment_scan:u3|seg[5][4]               ; Stuck at GND due to stuck port data_in   ;
; segment_scan:u3|seg[5][5]               ; Stuck at VCC due to stuck port data_in   ;
; segment_scan:u3|seg[5][6]               ; Stuck at VCC due to stuck port data_in   ;
; segment_scan:u3|seg[6][0]               ; Stuck at VCC due to stuck port data_in   ;
; segment_scan:u3|seg[6][1]               ; Stuck at GND due to stuck port data_in   ;
; segment_scan:u3|seg[6][2]               ; Stuck at VCC due to stuck port data_in   ;
; segment_scan:u3|seg[6][3]               ; Stuck at VCC due to stuck port data_in   ;
; segment_scan:u3|seg[6][4]               ; Stuck at VCC due to stuck port data_in   ;
; segment_scan:u3|seg[6][5]               ; Stuck at VCC due to stuck port data_in   ;
; segment_scan:u3|seg[6][6]               ; Stuck at VCC due to stuck port data_in   ;
; segment_scan:u3|seg[7][0]               ; Stuck at VCC due to stuck port data_in   ;
; segment_scan:u3|seg[7][1]               ; Stuck at VCC due to stuck port data_in   ;
; segment_scan:u3|seg[7][2]               ; Stuck at VCC due to stuck port data_in   ;
; segment_scan:u3|seg[7][3]               ; Stuck at GND due to stuck port data_in   ;
; segment_scan:u3|seg[7][4]               ; Stuck at GND due to stuck port data_in   ;
; segment_scan:u3|seg[7][5]               ; Stuck at GND due to stuck port data_in   ;
; segment_scan:u3|seg[7][6]               ; Stuck at GND due to stuck port data_in   ;
; segment_scan:u3|seg[8][0]               ; Stuck at VCC due to stuck port data_in   ;
; segment_scan:u3|seg[8][1]               ; Stuck at VCC due to stuck port data_in   ;
; segment_scan:u3|seg[8][2]               ; Stuck at VCC due to stuck port data_in   ;
; segment_scan:u3|seg[8][3]               ; Stuck at VCC due to stuck port data_in   ;
; segment_scan:u3|seg[8][4]               ; Stuck at VCC due to stuck port data_in   ;
; segment_scan:u3|seg[8][5]               ; Stuck at VCC due to stuck port data_in   ;
; segment_scan:u3|seg[8][6]               ; Stuck at VCC due to stuck port data_in   ;
; segment_scan:u3|seg[9][0]               ; Stuck at VCC due to stuck port data_in   ;
; segment_scan:u3|seg[9][1]               ; Stuck at VCC due to stuck port data_in   ;
; segment_scan:u3|seg[9][2]               ; Stuck at VCC due to stuck port data_in   ;
; segment_scan:u3|seg[9][3]               ; Stuck at VCC due to stuck port data_in   ;
; segment_scan:u3|seg[9][4]               ; Stuck at GND due to stuck port data_in   ;
; segment_scan:u3|seg[9][5]               ; Stuck at VCC due to stuck port data_in   ;
; segment_scan:u3|seg[9][6]               ; Stuck at VCC due to stuck port data_in   ;
; segment_scan:u3|seg[10][0]              ; Stuck at VCC due to stuck port data_in   ;
; segment_scan:u3|seg[10][1]              ; Stuck at VCC due to stuck port data_in   ;
; segment_scan:u3|seg[10][2]              ; Stuck at VCC due to stuck port data_in   ;
; segment_scan:u3|seg[10][3]              ; Stuck at GND due to stuck port data_in   ;
; segment_scan:u3|seg[10][4]              ; Stuck at VCC due to stuck port data_in   ;
; segment_scan:u3|seg[10][5]              ; Stuck at VCC due to stuck port data_in   ;
; segment_scan:u3|seg[10][6]              ; Stuck at VCC due to stuck port data_in   ;
; segment_scan:u3|seg[11][0]              ; Stuck at GND due to stuck port data_in   ;
; segment_scan:u3|seg[11][1]              ; Stuck at GND due to stuck port data_in   ;
; segment_scan:u3|seg[11][2]              ; Stuck at VCC due to stuck port data_in   ;
; segment_scan:u3|seg[11][3]              ; Stuck at VCC due to stuck port data_in   ;
; segment_scan:u3|seg[11][4]              ; Stuck at VCC due to stuck port data_in   ;
; segment_scan:u3|seg[11][5]              ; Stuck at VCC due to stuck port data_in   ;
; segment_scan:u3|seg[11][6]              ; Stuck at VCC due to stuck port data_in   ;
; segment_scan:u3|seg[12][0]              ; Stuck at VCC due to stuck port data_in   ;
; segment_scan:u3|seg[12][1]              ; Stuck at GND due to stuck port data_in   ;
; segment_scan:u3|seg[12][2]              ; Stuck at GND due to stuck port data_in   ;
; segment_scan:u3|seg[12][3]              ; Stuck at VCC due to stuck port data_in   ;
; segment_scan:u3|seg[12][4]              ; Stuck at VCC due to stuck port data_in   ;
; segment_scan:u3|seg[12][5]              ; Stuck at VCC due to stuck port data_in   ;
; segment_scan:u3|seg[12][6]              ; Stuck at GND due to stuck port data_in   ;
; segment_scan:u3|seg[13][0]              ; Stuck at GND due to stuck port data_in   ;
; segment_scan:u3|seg[13][1]              ; Stuck at VCC due to stuck port data_in   ;
; segment_scan:u3|seg[13][2]              ; Stuck at VCC due to stuck port data_in   ;
; segment_scan:u3|seg[13][3]              ; Stuck at VCC due to stuck port data_in   ;
; segment_scan:u3|seg[13][4]              ; Stuck at VCC due to stuck port data_in   ;
; segment_scan:u3|seg[13][5]              ; Stuck at GND due to stuck port data_in   ;
; segment_scan:u3|seg[13][6]              ; Stuck at VCC due to stuck port data_in   ;
; segment_scan:u3|seg[14][0]              ; Stuck at VCC due to stuck port data_in   ;
; segment_scan:u3|seg[14][1]              ; Stuck at GND due to stuck port data_in   ;
; segment_scan:u3|seg[14][2]              ; Stuck at GND due to stuck port data_in   ;
; segment_scan:u3|seg[14][3]              ; Stuck at VCC due to stuck port data_in   ;
; segment_scan:u3|seg[14][4]              ; Stuck at VCC due to stuck port data_in   ;
; segment_scan:u3|seg[14][5]              ; Stuck at VCC due to stuck port data_in   ;
; segment_scan:u3|seg[14][6]              ; Stuck at VCC due to stuck port data_in   ;
; segment_scan:u3|seg[15][0]              ; Stuck at VCC due to stuck port data_in   ;
; segment_scan:u3|seg[15][1]              ; Stuck at GND due to stuck port data_in   ;
; segment_scan:u3|seg[15][2]              ; Stuck at GND due to stuck port data_in   ;
; segment_scan:u3|seg[15][3]              ; Stuck at GND due to stuck port data_in   ;
; segment_scan:u3|seg[15][4]              ; Stuck at VCC due to stuck port data_in   ;
; segment_scan:u3|seg[15][5]              ; Stuck at VCC due to stuck port data_in   ;
; segment_scan:u3|seg[15][6]              ; Stuck at VCC due to stuck port data_in   ;
; bmp280_driver:u1|num_delay[15..23]      ; Stuck at GND due to stuck port data_in   ;
; bmp280_driver:u1|num_delay[14]          ; Stuck at VCC due to stuck port data_in   ;
; bmp280_driver:u1|num_delay[12,13]       ; Stuck at GND due to stuck port data_in   ;
; bmp280_driver:u1|num_delay[9..11]       ; Stuck at VCC due to stuck port data_in   ;
; bmp280_driver:u1|num_delay[6..8]        ; Stuck at GND due to stuck port data_in   ;
; bmp280_driver:u1|num_delay[5]           ; Stuck at VCC due to stuck port data_in   ;
; bmp280_driver:u1|num_delay[0..4]        ; Stuck at GND due to stuck port data_in   ;
; bmp280_driver:u1|dev_addr[4..6]         ; Stuck at VCC due to stuck port data_in   ;
; bmp280_driver:u1|dev_addr[3]            ; Stuck at GND due to stuck port data_in   ;
; bmp280_driver:u1|dev_addr[1,2]          ; Stuck at VCC due to stuck port data_in   ;
; bmp280_driver:u1|dev_addr[0]            ; Stuck at GND due to stuck port data_in   ;
; bmp280_driver:u1|reg_addr[7]            ; Stuck at VCC due to stuck port data_in   ;
; bmp280_driver:u1|reg_data[3]            ; Stuck at GND due to stuck port data_in   ;
; bmp280_driver:u1|reg_data[6]            ; Merged with bmp280_driver:u1|reg_data[0] ;
; bmp280_driver:u1|reg_data[5,7]          ; Merged with bmp280_driver:u1|reg_data[1] ;
; bmp280_driver:u1|reg_data[4]            ; Merged with bmp280_driver:u1|reg_data[2] ;
; bmp280_driver:u1|reg_addr[6]            ; Merged with bmp280_driver:u1|reg_addr[5] ;
; segment_scan:u3|state~9                 ; Lost fanout                              ;
; bmp280_driver:u1|state_back~5           ; Lost fanout                              ;
; bmp280_driver:u1|state_back~7           ; Lost fanout                              ;
; bmp280_driver:u1|state~9                ; Lost fanout                              ;
; bmp280_driver:u1|state~10               ; Lost fanout                              ;
; bmp280_driver:u1|state~11               ; Lost fanout                              ;
; bmp280_driver:u1|state~12               ; Lost fanout                              ;
; bmp280_driver:u1|cnt[3]                 ; Stuck at GND due to stuck port data_in   ;
; bmp280_driver:u1|cnt_stop[3]            ; Stuck at GND due to stuck port data_in   ;
; bmp280_driver:u1|cnt_read[3]            ; Stuck at GND due to stuck port data_in   ;
; bmp280_driver:u1|cnt_write[3]           ; Stuck at GND due to stuck port data_in   ;
; bmp280_driver:u1|cnt_start[3]           ; Stuck at GND due to stuck port data_in   ;
; bmp280_driver:u1|cnt_mode1[3]           ; Stuck at GND due to stuck port data_in   ;
; Total Number of Removed Registers = 163 ;                                          ;
+-----------------------------------------+------------------------------------------+


+---------------------------------------------------------------------------------------------------------------------------------------------------+
; Removed Registers Triggering Further Register Optimizations                                                                                       ;
+--------------------------------+---------------------------+--------------------------------------------------------------------------------------+
; Register name                  ; Reason for Removal        ; Registers Removed due to This Register                                               ;
+--------------------------------+---------------------------+--------------------------------------------------------------------------------------+
; bmp280_driver:u1|num_delay[23] ; Stuck at GND              ; bmp280_driver:u1|cnt[3], bmp280_driver:u1|cnt_stop[3], bmp280_driver:u1|cnt_read[3], ;
;                                ; due to stuck port data_in ; bmp280_driver:u1|cnt_write[3], bmp280_driver:u1|cnt_start[3]                         ;
+--------------------------------+---------------------------+--------------------------------------------------------------------------------------+


+------------------------------------------------------+
; General Register Statistics                          ;
+----------------------------------------------+-------+
; Statistic                                    ; Value ;
+----------------------------------------------+-------+
; Total registers                              ; 287   ;
; Number of registers using Synchronous Clear  ; 46    ;
; Number of registers using Synchronous Load   ; 39    ;
; Number of registers using Asynchronous Clear ; 114   ;
; Number of registers using Asynchronous Load  ; 0     ;
; Number of registers using Clock Enable       ; 150   ;
; Number of registers using Preset             ; 0     ;
+----------------------------------------------+-------+


+--------------------------------------------------+
; Inverted Register Statistics                     ;
+----------------------------------------+---------+
; Inverted Register                      ; Fan out ;
+----------------------------------------+---------+
; bmp280_driver:u1|scl                   ; 6       ;
; bmp280_driver:u1|sda                   ; 1       ;
; bmp280_driver:u1|sda~en                ; 1       ;
; Total number of inverted registers = 3 ;         ;
+----------------------------------------+---------+


+-----------------------------------------------------------------------------------------------------------------------------------------------------------------+
; Multiplexer Restructuring Statistics (Restructuring Performed)                                                                                                  ;
+--------------------+-----------+---------------+----------------------+------------------------+------------+---------------------------------------------------+
; Multiplexer Inputs ; Bus Width ; Baseline Area ; Area if Restructured ; Saving if Restructured ; Registered ; Example Multiplexer Output                        ;
+--------------------+-----------+---------------+----------------------+------------------------+------------+---------------------------------------------------+
; 5:1                ; 8 bits    ; 24 LEs        ; 0 LEs                ; 24 LEs                 ; Yes        ; |altitude|bmp280_driver:u1|dat_l[0]               ;
; 5:1                ; 8 bits    ; 24 LEs        ; 0 LEs                ; 24 LEs                 ; Yes        ; |altitude|bmp280_driver:u1|dat_h[0]               ;
; 15:1               ; 6 bits    ; 60 LEs        ; 60 LEs               ; 0 LEs                  ; Yes        ; |altitude|segment_scan:u3|data[9]                 ;
; 6:1                ; 4 bits    ; 16 LEs        ; 4 LEs                ; 12 LEs                 ; Yes        ; |altitude|bmp280_driver:u1|cnt[2]                 ;
; 256:1              ; 6 bits    ; 1020 LEs      ; 72 LEs               ; 948 LEs                ; Yes        ; |altitude|bmp280_driver:u1|reg_addr[1]            ;
; 256:1              ; 3 bits    ; 510 LEs       ; 6 LEs                ; 504 LEs                ; Yes        ; |altitude|bmp280_driver:u1|reg_data[1]            ;
; 43:1               ; 2 bits    ; 56 LEs        ; 6 LEs                ; 50 LEs                 ; Yes        ; |altitude|bmp280_driver:u1|data_wr[0]             ;
; 43:1               ; 2 bits    ; 56 LEs        ; 4 LEs                ; 52 LEs                 ; Yes        ; |altitude|bmp280_driver:u1|data_wr[4]             ;
; 3:1                ; 4 bits    ; 8 LEs         ; 8 LEs                ; 0 LEs                  ; No         ; |altitude|calculate:u2|bin_to_bcd:u1|bcd_code[26] ;
; 3:1                ; 4 bits    ; 8 LEs         ; 8 LEs                ; 0 LEs                  ; No         ; |altitude|calculate:u2|bin_to_bcd:u1|bcd_code[21] ;
; 3:1                ; 4 bits    ; 8 LEs         ; 8 LEs                ; 0 LEs                  ; No         ; |altitude|calculate:u2|bin_to_bcd:u1|bcd_code[20] ;
; 3:1                ; 4 bits    ; 8 LEs         ; 8 LEs                ; 0 LEs                  ; No         ; |altitude|calculate:u2|bin_to_bcd:u1|bcd_code[13] ;
; 3:1                ; 4 bits    ; 8 LEs         ; 8 LEs                ; 0 LEs                  ; No         ; |altitude|calculate:u2|bin_to_bcd:u1|bcd_code[12] ;
; 3:1                ; 4 bits    ; 8 LEs         ; 8 LEs                ; 0 LEs                  ; No         ; |altitude|calculate:u2|bin_to_bcd:u1|bcd_code[5]  ;
; 3:1                ; 4 bits    ; 8 LEs         ; 8 LEs                ; 0 LEs                  ; No         ; |altitude|calculate:u2|bin_to_bcd:u1|bcd_code[1]  ;
; 46:1               ; 3 bits    ; 90 LEs        ; 42 LEs               ; 48 LEs                 ; No         ; |altitude|bmp280_driver:u1|Selector110            ;
; 328:1              ; 3 bits    ; 654 LEs       ; 48 LEs               ; 606 LEs                ; No         ; |altitude|bmp280_driver:u1|Selector113            ;
+--------------------+-----------+---------------+----------------------+------------------------+------------+---------------------------------------------------+


+---------------------------------------------------------------+
; Parameter Settings for User Entity Instance: bmp280_driver:u1 ;
+----------------+-------+--------------------------------------+
; Parameter Name ; Value ; Type                                 ;
+----------------+-------+--------------------------------------+
; CNT_NUM        ; 60    ; Signed Integer                       ;
+----------------+-------+--------------------------------------+
Note: In order to hide this table in the UI and the text report file, please set the "Show Parameter Settings in Synthesis Report" option in "Analysis and Synthesis Settings -> More Settings" to "Off".


+---------------------------------------------------------------------------------+
; Parameter Settings for Inferred Entity Instance: calculate:u2|lpm_mult:Mult0    ;
+------------------------------------------------+----------+---------------------+
; Parameter Name                                 ; Value    ; Type                ;
+------------------------------------------------+----------+---------------------+
; AUTO_CARRY_CHAINS                              ; ON       ; AUTO_CARRY          ;
; IGNORE_CARRY_BUFFERS                           ; OFF      ; IGNORE_CARRY        ;
; AUTO_CASCADE_CHAINS                            ; ON       ; AUTO_CASCADE        ;
; IGNORE_CASCADE_BUFFERS                         ; OFF      ; IGNORE_CASCADE      ;
; LPM_WIDTHA                                     ; 32       ; Untyped             ;
; LPM_WIDTHB                                     ; 16       ; Untyped             ;
; LPM_WIDTHP                                     ; 48       ; Untyped             ;
; LPM_WIDTHR                                     ; 48       ; Untyped             ;
; LPM_WIDTHS                                     ; 1        ; Untyped             ;
; LPM_REPRESENTATION                             ; UNSIGNED ; Untyped             ;
; LPM_PIPELINE                                   ; 0        ; Untyped             ;
; LATENCY                                        ; 0        ; Untyped             ;
; INPUT_A_IS_CONSTANT                            ; NO       ; Untyped             ;
; INPUT_B_IS_CONSTANT                            ; NO       ; Untyped             ;
; USE_EAB                                        ; OFF      ; Untyped             ;
; MAXIMIZE_SPEED                                 ; 5        ; Untyped             ;
; DEVICE_FAMILY                                  ; MAX 10   ; Untyped             ;
; CARRY_CHAIN                                    ; MANUAL   ; Untyped             ;
; APEX20K_TECHNOLOGY_MAPPER                      ; LUT      ; TECH_MAPPER_APEX20K ;
; DEDICATED_MULTIPLIER_CIRCUITRY                 ; AUTO     ; Untyped             ;
; DEDICATED_MULTIPLIER_MIN_INPUT_WIDTH_FOR_AUTO  ; 0        ; Untyped             ;
; DEDICATED_MULTIPLIER_MIN_OUTPUT_WIDTH_FOR_AUTO ; 0        ; Untyped             ;
; CBXI_PARAMETER                                 ; mult_1os ; Untyped             ;
; INPUT_A_FIXED_VALUE                            ; Bx       ; Untyped             ;
; INPUT_B_FIXED_VALUE                            ; Bx       ; Untyped             ;
; USE_AHDL_IMPLEMENTATION                        ; OFF      ; Untyped             ;
+------------------------------------------------+----------+---------------------+
Note: In order to hide this table in the UI and the text report file, please set the "Show Parameter Settings in Synthesis Report" option in "Analysis and Synthesis Settings -> More Settings" to "Off".


+---------------------------------------------------------------------------------+
; Parameter Settings for Inferred Entity Instance: calculate:u2|lpm_mult:Mult1    ;
+------------------------------------------------+----------+---------------------+
; Parameter Name                                 ; Value    ; Type                ;
+------------------------------------------------+----------+---------------------+
; AUTO_CARRY_CHAINS                              ; ON       ; AUTO_CARRY          ;
; IGNORE_CARRY_BUFFERS                           ; OFF      ; IGNORE_CARRY        ;
; AUTO_CASCADE_CHAINS                            ; ON       ; AUTO_CASCADE        ;
; IGNORE_CASCADE_BUFFERS                         ; OFF      ; IGNORE_CASCADE      ;
; LPM_WIDTHA                                     ; 17       ; Untyped             ;
; LPM_WIDTHB                                     ; 17       ; Untyped             ;
; LPM_WIDTHP                                     ; 34       ; Untyped             ;
; LPM_WIDTHR                                     ; 34       ; Untyped             ;
; LPM_WIDTHS                                     ; 1        ; Untyped             ;
; LPM_REPRESENTATION                             ; SIGNED   ; Untyped             ;
; LPM_PIPELINE                                   ; 0        ; Untyped             ;
; LATENCY                                        ; 0        ; Untyped             ;
; INPUT_A_IS_CONSTANT                            ; NO       ; Untyped             ;
; INPUT_B_IS_CONSTANT                            ; NO       ; Untyped             ;
; USE_EAB                                        ; OFF      ; Untyped             ;
; MAXIMIZE_SPEED                                 ; 5        ; Untyped             ;
; DEVICE_FAMILY                                  ; MAX 10   ; Untyped             ;
; CARRY_CHAIN                                    ; MANUAL   ; Untyped             ;
; APEX20K_TECHNOLOGY_MAPPER                      ; LUT      ; TECH_MAPPER_APEX20K ;
; DEDICATED_MULTIPLIER_CIRCUITRY                 ; AUTO     ; Untyped             ;
; DEDICATED_MULTIPLIER_MIN_INPUT_WIDTH_FOR_AUTO  ; 0        ; Untyped             ;
; DEDICATED_MULTIPLIER_MIN_OUTPUT_WIDTH_FOR_AUTO ; 0        ; Untyped             ;
; CBXI_PARAMETER                                 ; mult_tgs ; Untyped             ;
; INPUT_A_FIXED_VALUE                            ; Bx       ; Untyped             ;
; INPUT_B_FIXED_VALUE                            ; Bx       ; Untyped             ;
; USE_AHDL_IMPLEMENTATION                        ; OFF      ; Untyped             ;
+------------------------------------------------+----------+---------------------+
Note: In order to hide this table in the UI and the text report file, please set the "Show Parameter Settings in Synthesis Report" option in "Analysis and Synthesis Settings -> More Settings" to "Off".


+---------------------------------------------------------------------------------+
; Parameter Settings for Inferred Entity Instance: calculate:u2|lpm_mult:Mult2    ;
+------------------------------------------------+----------+---------------------+
; Parameter Name                                 ; Value    ; Type                ;
+------------------------------------------------+----------+---------------------+
; AUTO_CARRY_CHAINS                              ; ON       ; AUTO_CARRY          ;
; IGNORE_CARRY_BUFFERS                           ; OFF      ; IGNORE_CARRY        ;
; AUTO_CASCADE_CHAINS                            ; ON       ; AUTO_CASCADE        ;
; IGNORE_CASCADE_BUFFERS                         ; OFF      ; IGNORE_CASCADE      ;
; LPM_WIDTHA                                     ; 20       ; Untyped             ;
; LPM_WIDTHB                                     ; 16       ; Untyped             ;
; LPM_WIDTHP                                     ; 36       ; Untyped             ;
; LPM_WIDTHR                                     ; 36       ; Untyped             ;
; LPM_WIDTHS                                     ; 1        ; Untyped             ;
; LPM_REPRESENTATION                             ; UNSIGNED ; Untyped             ;
; LPM_PIPELINE                                   ; 0        ; Untyped             ;
; LATENCY                                        ; 0        ; Untyped             ;
; INPUT_A_IS_CONSTANT                            ; NO       ; Untyped             ;
; INPUT_B_IS_CONSTANT                            ; NO       ; Untyped             ;
; USE_EAB                                        ; OFF      ; Untyped             ;
; MAXIMIZE_SPEED                                 ; 5        ; Untyped             ;
; DEVICE_FAMILY                                  ; MAX 10   ; Untyped             ;
; CARRY_CHAIN                                    ; MANUAL   ; Untyped             ;
; APEX20K_TECHNOLOGY_MAPPER                      ; LUT      ; TECH_MAPPER_APEX20K ;
; DEDICATED_MULTIPLIER_CIRCUITRY                 ; AUTO     ; Untyped             ;
; DEDICATED_MULTIPLIER_MIN_INPUT_WIDTH_FOR_AUTO  ; 0        ; Untyped             ;
; DEDICATED_MULTIPLIER_MIN_OUTPUT_WIDTH_FOR_AUTO ; 0        ; Untyped             ;
; CBXI_PARAMETER                                 ; mult_rns ; Untyped             ;
; INPUT_A_FIXED_VALUE                            ; Bx       ; Untyped             ;
; INPUT_B_FIXED_VALUE                            ; Bx       ; Untyped             ;
; USE_AHDL_IMPLEMENTATION                        ; OFF      ; Untyped             ;
+------------------------------------------------+----------+---------------------+
Note: In order to hide this table in the UI and the text report file, please set the "Show Parameter Settings in Synthesis Report" option in "Analysis and Synthesis Settings -> More Settings" to "Off".


+---------------------------------------------------------------------+
; lpm_mult Parameter Settings by Entity Instance                      ;
+---------------------------------------+-----------------------------+
; Name                                  ; Value                       ;
+---------------------------------------+-----------------------------+
; Number of entity instances            ; 3                           ;
; Entity Instance                       ; calculate:u2|lpm_mult:Mult0 ;
;     -- LPM_WIDTHA                     ; 32                          ;
;     -- LPM_WIDTHB                     ; 16                          ;
;     -- LPM_WIDTHP                     ; 48                          ;
;     -- LPM_REPRESENTATION             ; UNSIGNED                    ;
;     -- INPUT_A_IS_CONSTANT            ; NO                          ;
;     -- INPUT_B_IS_CONSTANT            ; NO                          ;
;     -- USE_EAB                        ; OFF                         ;
;     -- DEDICATED_MULTIPLIER_CIRCUITRY ; AUTO                        ;
;     -- INPUT_A_FIXED_VALUE            ; Bx                          ;
;     -- INPUT_B_FIXED_VALUE            ; Bx                          ;
; Entity Instance                       ; calculate:u2|lpm_mult:Mult1 ;
;     -- LPM_WIDTHA                     ; 17                          ;
;     -- LPM_WIDTHB                     ; 17                          ;
;     -- LPM_WIDTHP                     ; 34                          ;
;     -- LPM_REPRESENTATION             ; SIGNED                      ;
;     -- INPUT_A_IS_CONSTANT            ; NO                          ;
;     -- INPUT_B_IS_CONSTANT            ; NO                          ;
;     -- USE_EAB                        ; OFF                         ;
;     -- DEDICATED_MULTIPLIER_CIRCUITRY ; AUTO                        ;
;     -- INPUT_A_FIXED_VALUE            ; Bx                          ;
;     -- INPUT_B_FIXED_VALUE            ; Bx                          ;
; Entity Instance                       ; calculate:u2|lpm_mult:Mult2 ;
;     -- LPM_WIDTHA                     ; 20                          ;
;     -- LPM_WIDTHB                     ; 16                          ;
;     -- LPM_WIDTHP                     ; 36                          ;
;     -- LPM_REPRESENTATION             ; UNSIGNED                    ;
;     -- INPUT_A_IS_CONSTANT            ; NO                          ;
;     -- INPUT_B_IS_CONSTANT            ; NO                          ;
;     -- USE_EAB                        ; OFF                         ;
;     -- DEDICATED_MULTIPLIER_CIRCUITRY ; AUTO                        ;
;     -- INPUT_A_FIXED_VALUE            ; Bx                          ;
;     -- INPUT_B_FIXED_VALUE            ; Bx                          ;
+---------------------------------------+-----------------------------+


+--------------------------------------------------------+
; Port Connectivity Checks: "calculate:u2|bin_to_bcd:u1" ;
+------------------+-------+----------+------------------+
; Port             ; Type  ; Severity ; Details          ;
+------------------+-------+----------+------------------+
; bin_code[31..24] ; Input ; Info     ; Stuck at GND     ;
+------------------+-------+----------+------------------+


+---------------------------------------------------------------------------------------------------------------------------------------+
; Port Connectivity Checks: "calculate:u2"                                                                                              ;
+--------+--------+----------+----------------------------------------------------------------------------------------------------------+
; Port   ; Type   ; Severity ; Details                                                                                                  ;
+--------+--------+----------+----------------------------------------------------------------------------------------------------------+
; P_data ; Output ; Warning  ; Declared by entity but not connected by instance. Logic that only feeds a dangling port will be removed. ;
+--------+--------+----------+----------------------------------------------------------------------------------------------------------+


+-----------------------------------------------------+
; Post-Synthesis Netlist Statistics for Top Partition ;
+-----------------------+-----------------------------+
; Type                  ; Count                       ;
+-----------------------+-----------------------------+
; boundary_port         ; 7                           ;
; cycloneiii_ff         ; 287                         ;
;     CLR               ; 66                          ;
;     CLR SCLR          ; 10                          ;
;     CLR SLD           ; 1                           ;
;     ENA               ; 105                         ;
;     ENA CLR           ; 5                           ;
;     ENA CLR SCLR      ; 32                          ;
;     ENA SCLR          ; 2                           ;
;     ENA SCLR SLD      ; 2                           ;
;     ENA SLD           ; 4                           ;
;     SLD               ; 32                          ;
;     plain             ; 28                          ;
; cycloneiii_io_obuf    ; 1                           ;
; cycloneiii_lcell_comb ; 944                         ;
;     arith             ; 245                         ;
;         1 data inputs ; 1                           ;
;         2 data inputs ; 122                         ;
;         3 data inputs ; 122                         ;
;     normal            ; 699                         ;
;         0 data inputs ; 5                           ;
;         1 data inputs ; 13                          ;
;         2 data inputs ; 75                          ;
;         3 data inputs ; 101                         ;
;         4 data inputs ; 505                         ;
; cycloneiii_mac_mult   ; 5                           ;
; cycloneiii_mac_out    ; 5                           ;
;                       ;                             ;
; Max LUT depth         ; 28.20                       ;
; Average LUT depth     ; 12.06                       ;
+-----------------------+-----------------------------+


+-------------------------------+
; Elapsed Time Per Partition    ;
+----------------+--------------+
; Partition Name ; Elapsed Time ;
+----------------+--------------+
; Top            ; 00:00:04     ;
+----------------+--------------+


+-------------------------------+
; Analysis & Synthesis Messages ;
+-------------------------------+
Info: *******************************************************************
Info: Running Quartus Prime Analysis & Synthesis
    Info: Version 18.0.0 Build 614 04/24/2018 SJ Standard Edition
    Info: Processing started: Wed Dec 27 10:28:52 2023
Info: Command: quartus_map --read_settings_files=on --write_settings_files=off altitude -c altitude
Warning (18236): Number of processors has not been specified which may cause overloading on shared machines.  Set the global assignment NUM_PARALLEL_PROCESSORS in your QSF to an appropriate value for best performance.
Info (20030): Parallel compilation is enabled and will use 16 of the 16 processors detected
Info (12021): Found 1 design units, including 1 entities, in source file source/bin_to_bcd.v
    Info (12023): Found entity 1: bin_to_bcd File: E:/fpgaproject/stepbaseboard/STEP-MAX10-08SAM 4/lab10_altitude/source/bin_to_bcd.v Line: 18
Info (12021): Found 1 design units, including 1 entities, in source file source/calculate.v
    Info (12023): Found entity 1: calculate File: E:/fpgaproject/stepbaseboard/STEP-MAX10-08SAM 4/lab10_altitude/source/calculate.v Line: 18
Info (12021): Found 1 design units, including 1 entities, in source file source/segment_scan.v
    Info (12023): Found entity 1: segment_scan File: E:/fpgaproject/stepbaseboard/STEP-MAX10-08SAM 4/lab10_altitude/source/segment_scan.v Line: 18
Info (12021): Found 1 design units, including 1 entities, in source file source/bmp280_driver.v
    Info (12023): Found entity 1: bmp280_driver File: E:/fpgaproject/stepbaseboard/STEP-MAX10-08SAM 4/lab10_altitude/source/bmp280_driver.v Line: 18
Info (12021): Found 1 design units, including 1 entities, in source file source/altitude.v
    Info (12023): Found entity 1: altitude File: E:/fpgaproject/stepbaseboard/STEP-MAX10-08SAM 4/lab10_altitude/source/altitude.v Line: 18
Info (12127): Elaborating entity "altitude" for the top level hierarchy
Info (12128): Elaborating entity "bmp280_driver" for hierarchy "bmp280_driver:u1" File: E:/fpgaproject/stepbaseboard/STEP-MAX10-08SAM 4/lab10_altitude/source/altitude.v Line: 69
Info (12128): Elaborating entity "calculate" for hierarchy "calculate:u2" File: E:/fpgaproject/stepbaseboard/STEP-MAX10-08SAM 4/lab10_altitude/source/altitude.v Line: 97
Warning (10034): Output port "P_data" at calculate.v(37) has no driver File: E:/fpgaproject/stepbaseboard/STEP-MAX10-08SAM 4/lab10_altitude/source/calculate.v Line: 37
Info (12128): Elaborating entity "bin_to_bcd" for hierarchy "calculate:u2|bin_to_bcd:u1" File: E:/fpgaproject/stepbaseboard/STEP-MAX10-08SAM 4/lab10_altitude/source/calculate.v Line: 73
Info (12128): Elaborating entity "segment_scan" for hierarchy "segment_scan:u3" File: E:/fpgaproject/stepbaseboard/STEP-MAX10-08SAM 4/lab10_altitude/source/altitude.v Line: 116
Info (278001): Inferred 3 megafunctions from design logic
    Info (278003): Inferred multiplier megafunction ("lpm_mult") from the following logic: "calculate:u2|Mult0" File: E:/fpgaproject/stepbaseboard/STEP-MAX10-08SAM 4/lab10_altitude/source/calculate.v Line: 58
    Info (278003): Inferred multiplier megafunction ("lpm_mult") from the following logic: "calculate:u2|Mult1" File: E:/fpgaproject/stepbaseboard/STEP-MAX10-08SAM 4/lab10_altitude/source/calculate.v Line: 59
    Info (278003): Inferred multiplier megafunction ("lpm_mult") from the following logic: "calculate:u2|Mult2" File: E:/fpgaproject/stepbaseboard/STEP-MAX10-08SAM 4/lab10_altitude/source/calculate.v Line: 59
Info (12130): Elaborated megafunction instantiation "calculate:u2|lpm_mult:Mult0" File: E:/fpgaproject/stepbaseboard/STEP-MAX10-08SAM 4/lab10_altitude/source/calculate.v Line: 58
Info (12133): Instantiated megafunction "calculate:u2|lpm_mult:Mult0" with the following parameter: File: E:/fpgaproject/stepbaseboard/STEP-MAX10-08SAM 4/lab10_altitude/source/calculate.v Line: 58
    Info (12134): Parameter "LPM_WIDTHA" = "32"
    Info (12134): Parameter "LPM_WIDTHB" = "16"
    Info (12134): Parameter "LPM_WIDTHP" = "48"
    Info (12134): Parameter "LPM_WIDTHR" = "48"
    Info (12134): Parameter "LPM_WIDTHS" = "1"
    Info (12134): Parameter "LPM_REPRESENTATION" = "UNSIGNED"
    Info (12134): Parameter "INPUT_A_IS_CONSTANT" = "NO"
    Info (12134): Parameter "INPUT_B_IS_CONSTANT" = "NO"
    Info (12134): Parameter "MAXIMIZE_SPEED" = "5"
Info (12021): Found 1 design units, including 1 entities, in source file db/mult_1os.tdf
    Info (12023): Found entity 1: mult_1os File: E:/fpgaproject/stepbaseboard/STEP-MAX10-08SAM 4/lab10_altitude/db/mult_1os.tdf Line: 30
Info (12130): Elaborated megafunction instantiation "calculate:u2|lpm_mult:Mult1" File: E:/fpgaproject/stepbaseboard/STEP-MAX10-08SAM 4/lab10_altitude/source/calculate.v Line: 59
Info (12133): Instantiated megafunction "calculate:u2|lpm_mult:Mult1" with the following parameter: File: E:/fpgaproject/stepbaseboard/STEP-MAX10-08SAM 4/lab10_altitude/source/calculate.v Line: 59
    Info (12134): Parameter "LPM_WIDTHA" = "17"
    Info (12134): Parameter "LPM_WIDTHB" = "17"
    Info (12134): Parameter "LPM_WIDTHP" = "34"
    Info (12134): Parameter "LPM_WIDTHR" = "34"
    Info (12134): Parameter "LPM_WIDTHS" = "1"
    Info (12134): Parameter "LPM_REPRESENTATION" = "SIGNED"
    Info (12134): Parameter "INPUT_A_IS_CONSTANT" = "NO"
    Info (12134): Parameter "INPUT_B_IS_CONSTANT" = "NO"
    Info (12134): Parameter "MAXIMIZE_SPEED" = "5"
Info (12021): Found 1 design units, including 1 entities, in source file db/mult_tgs.tdf
    Info (12023): Found entity 1: mult_tgs File: E:/fpgaproject/stepbaseboard/STEP-MAX10-08SAM 4/lab10_altitude/db/mult_tgs.tdf Line: 28
Info (12130): Elaborated megafunction instantiation "calculate:u2|lpm_mult:Mult2" File: E:/fpgaproject/stepbaseboard/STEP-MAX10-08SAM 4/lab10_altitude/source/calculate.v Line: 59
Info (12133): Instantiated megafunction "calculate:u2|lpm_mult:Mult2" with the following parameter: File: E:/fpgaproject/stepbaseboard/STEP-MAX10-08SAM 4/lab10_altitude/source/calculate.v Line: 59
    Info (12134): Parameter "LPM_WIDTHA" = "20"
    Info (12134): Parameter "LPM_WIDTHB" = "16"
    Info (12134): Parameter "LPM_WIDTHP" = "36"
    Info (12134): Parameter "LPM_WIDTHR" = "36"
    Info (12134): Parameter "LPM_WIDTHS" = "1"
    Info (12134): Parameter "LPM_REPRESENTATION" = "UNSIGNED"
    Info (12134): Parameter "INPUT_A_IS_CONSTANT" = "NO"
    Info (12134): Parameter "INPUT_B_IS_CONSTANT" = "NO"
    Info (12134): Parameter "MAXIMIZE_SPEED" = "5"
Info (12021): Found 1 design units, including 1 entities, in source file db/mult_rns.tdf
    Info (12023): Found entity 1: mult_rns File: E:/fpgaproject/stepbaseboard/STEP-MAX10-08SAM 4/lab10_altitude/db/mult_rns.tdf Line: 30
Warning (12241): 1 hierarchies have connectivity warnings - see the Connectivity Checks report folder
Info (13014): Ignored 84 buffer(s)
    Info (13019): Ignored 84 SOFT buffer(s)
Info (13000): Registers with preset signals will power-up high File: E:/fpgaproject/stepbaseboard/STEP-MAX10-08SAM 4/lab10_altitude/source/bmp280_driver.v Line: 92
Info (13003): DEV_CLRn pin will set, and not reset, register with preset signal due to NOT Gate Push-Back
Info (286030): Timing-Driven Synthesis is running
Critical Warning (18061): Ignored Power-Up Level option on the following registers
    Critical Warning (18010): Register bmp280_driver:u1|sda~en will power up to High File: E:/fpgaproject/stepbaseboard/STEP-MAX10-08SAM 4/lab10_altitude/source/bmp280_driver.v Line: 77
Info (17049): 7 registers lost all their fanouts during netlist optimizations.
Info (144001): Generated suppressed messages file E:/fpgaproject/stepbaseboard/STEP-MAX10-08SAM 4/lab10_altitude/output_files/altitude.map.smsg
Info (16010): Generating hard_block partition "hard_block:auto_generated_inst"
    Info (16011): Adding 0 node(s), including 0 DDIO, 0 PLL, 0 transceiver and 0 LCELL
Info (21057): Implemented 1062 device resources after synthesis - the final resource count might be different
    Info (21058): Implemented 2 input pins
    Info (21059): Implemented 4 output pins
    Info (21060): Implemented 1 bidirectional pins
    Info (21061): Implemented 1045 logic cells
    Info (21062): Implemented 10 DSP elements
Info: Quartus Prime Analysis & Synthesis was successful. 0 errors, 5 warnings
    Info: Peak virtual memory: 4871 megabytes
    Info: Processing ended: Wed Dec 27 10:29:08 2023
    Info: Elapsed time: 00:00:16
    Info: Total CPU time (on all processors): 00:00:15


+------------------------------------------+
; Analysis & Synthesis Suppressed Messages ;
+------------------------------------------+
The suppressed messages can be found in E:/fpgaproject/stepbaseboard/STEP-MAX10-08SAM 4/lab10_altitude/output_files/altitude.map.smsg.


