Analysis & Synthesis report for audio_spectrum_analyzer
Mon May 26 14:59:02 2025
Quartus Prime Version 18.1.0 Build 625 09/12/2018 SJ Lite Edition


---------------------
; Table of Contents ;
---------------------
  1. Legal Notice
  2. Analysis & Synthesis Summary
  3. Analysis & Synthesis Settings
  4. Parallel Compilation
  5. Analysis & Synthesis Source Files Read
  6. Analysis & Synthesis Resource Usage Summary
  7. Analysis & Synthesis Resource Utilization by Entity
  8. Registers Removed During Synthesis
  9. General Register Statistics
 10. Post-Synthesis Netlist Statistics for Top Partition
 11. Elapsed Time Per Partition
 12. Analysis & Synthesis Messages



----------------
; Legal Notice ;
----------------
Copyright (C) 2018  Intel Corporation. All rights reserved.
Your use of Intel Corporation's design tools, logic functions 
and other software and tools, and its AMPP partner logic 
functions, and any output files from any of the foregoing 
(including device programming or simulation files), and any 
associated documentation or information are expressly subject 
to the terms and conditions of the Intel Program License 
Subscription Agreement, the Intel Quartus Prime License Agreement,
the Intel FPGA IP License Agreement, or other applicable license
agreement, including, without limitation, that your use is for
the sole purpose of programming logic devices manufactured by
Intel and sold by Intel or its authorized distributors.  Please
refer to the applicable agreement for further details.



+----------------------------------------------------------------------------------+
; Analysis & Synthesis Summary                                                     ;
+------------------------------------+---------------------------------------------+
; Analysis & Synthesis Status        ; Successful - Mon May 26 14:59:01 2025       ;
; Quartus Prime Version              ; 18.1.0 Build 625 09/12/2018 SJ Lite Edition ;
; Revision Name                      ; audio_spectrum_analyzer                     ;
; Top-level Entity Name              ; test_led_low                                ;
; Family                             ; MAX 10                                      ;
; Total logic elements               ; 27                                          ;
;     Total combinational functions  ; 27                                          ;
;     Dedicated logic registers      ; 27                                          ;
; Total registers                    ; 27                                          ;
; Total pins                         ; 5                                           ;
; Total virtual pins                 ; 0                                           ;
; Total memory bits                  ; 0                                           ;
; Embedded Multiplier 9-bit elements ; 0                                           ;
; Total PLLs                         ; 0                                           ;
; UFM blocks                         ; 0                                           ;
; ADC blocks                         ; 0                                           ;
+------------------------------------+---------------------------------------------+


+-----------------------------------------------------------------------------------------------------------------+
; Analysis & Synthesis Settings                                                                                   ;
+------------------------------------------------------------------+--------------------+-------------------------+
; Option                                                           ; Setting            ; Default Value           ;
+------------------------------------------------------------------+--------------------+-------------------------+
; Device                                                           ; 10M08SAM153C8G     ;                         ;
; Top-level entity name                                            ; test_led_low       ; audio_spectrum_analyzer ;
; Family name                                                      ; MAX 10             ; Cyclone V               ;
; Use smart compilation                                            ; Off                ; Off                     ;
; Enable parallel Assembler and Timing Analyzer during compilation ; On                 ; On                      ;
; Enable compact report table                                      ; Off                ; Off                     ;
; Restructure Multiplexers                                         ; Auto               ; Auto                    ;
; Create Debugging Nodes for IP Cores                              ; Off                ; Off                     ;
; Preserve fewer node names                                        ; On                 ; On                      ;
; Intel FPGA IP Evaluation Mode                                    ; Enable             ; Enable                  ;
; Verilog Version                                                  ; Verilog_2001       ; Verilog_2001            ;
; VHDL Version                                                     ; VHDL_1993          ; VHDL_1993               ;
; State Machine Processing                                         ; Auto               ; Auto                    ;
; Safe State Machine                                               ; Off                ; Off                     ;
; Extract Verilog State Machines                                   ; On                 ; On                      ;
; Extract VHDL State Machines                                      ; On                 ; On                      ;
; Ignore Verilog initial constructs                                ; Off                ; Off                     ;
; Iteration limit for constant Verilog loops                       ; 5000               ; 5000                    ;
; Iteration limit for non-constant Verilog loops                   ; 250                ; 250                     ;
; Add Pass-Through Logic to Inferred RAMs                          ; On                 ; On                      ;
; Infer RAMs from Raw Logic                                        ; On                 ; On                      ;
; Parallel Synthesis                                               ; On                 ; On                      ;
; DSP Block Balancing                                              ; Auto               ; Auto                    ;
; NOT Gate Push-Back                                               ; On                 ; On                      ;
; Power-Up Don't Care                                              ; On                 ; On                      ;
; Remove Redundant Logic Cells                                     ; Off                ; Off                     ;
; Remove Duplicate Registers                                       ; On                 ; On                      ;
; Ignore CARRY Buffers                                             ; Off                ; Off                     ;
; Ignore CASCADE Buffers                                           ; Off                ; Off                     ;
; Ignore GLOBAL Buffers                                            ; Off                ; Off                     ;
; Ignore ROW GLOBAL Buffers                                        ; Off                ; Off                     ;
; Ignore LCELL Buffers                                             ; Off                ; Off                     ;
; Ignore SOFT Buffers                                              ; On                 ; On                      ;
; Limit AHDL Integers to 32 Bits                                   ; Off                ; Off                     ;
; Optimization Technique                                           ; Balanced           ; Balanced                ;
; Carry Chain Length                                               ; 70                 ; 70                      ;
; Auto Carry Chains                                                ; On                 ; On                      ;
; Auto Open-Drain Pins                                             ; On                 ; On                      ;
; Perform WYSIWYG Primitive Resynthesis                            ; Off                ; Off                     ;
; Auto ROM Replacement                                             ; On                 ; On                      ;
; Auto RAM Replacement                                             ; On                 ; On                      ;
; Auto DSP Block Replacement                                       ; On                 ; On                      ;
; Auto Shift Register Replacement                                  ; Auto               ; Auto                    ;
; Allow Shift Register Merging across Hierarchies                  ; Auto               ; Auto                    ;
; Auto Clock Enable Replacement                                    ; On                 ; On                      ;
; Strict RAM Replacement                                           ; Off                ; Off                     ;
; Allow Synchronous Control Signals                                ; On                 ; On                      ;
; Force Use of Synchronous Clear Signals                           ; Off                ; Off                     ;
; Auto RAM Block Balancing                                         ; On                 ; On                      ;
; Auto RAM to Logic Cell Conversion                                ; Off                ; Off                     ;
; Auto Resource Sharing                                            ; Off                ; Off                     ;
; Allow Any RAM Size For Recognition                               ; Off                ; Off                     ;
; Allow Any ROM Size For Recognition                               ; Off                ; Off                     ;
; Allow Any Shift Register Size For Recognition                    ; Off                ; Off                     ;
; Use LogicLock Constraints during Resource Balancing              ; On                 ; On                      ;
; Ignore translate_off and synthesis_off directives                ; Off                ; Off                     ;
; Timing-Driven Synthesis                                          ; On                 ; On                      ;
; Report Parameter Settings                                        ; On                 ; On                      ;
; Report Source Assignments                                        ; On                 ; On                      ;
; Report Connectivity Checks                                       ; On                 ; On                      ;
; Ignore Maximum Fan-Out Assignments                               ; Off                ; Off                     ;
; Synchronization Register Chain Length                            ; 2                  ; 2                       ;
; Power Optimization During Synthesis                              ; Normal compilation ; Normal compilation      ;
; HDL message level                                                ; Level2             ; Level2                  ;
; Suppress Register Optimization Related Messages                  ; Off                ; Off                     ;
; Number of Removed Registers Reported in Synthesis Report         ; 5000               ; 5000                    ;
; Number of Swept Nodes Reported in Synthesis Report               ; 5000               ; 5000                    ;
; Number of Inverted Registers Reported in Synthesis Report        ; 100                ; 100                     ;
; Clock MUX Protection                                             ; On                 ; On                      ;
; Auto Gated Clock Conversion                                      ; Off                ; Off                     ;
; Block Design Naming                                              ; Auto               ; Auto                    ;
; SDC constraint protection                                        ; Off                ; Off                     ;
; Synthesis Effort                                                 ; Auto               ; Auto                    ;
; Shift Register Replacement - Allow Asynchronous Clear Signal     ; On                 ; On                      ;
; Pre-Mapping Resynthesis Optimization                             ; Off                ; Off                     ;
; Analysis & Synthesis Message Level                               ; Medium             ; Medium                  ;
; Disable Register Merging Across Hierarchies                      ; Auto               ; Auto                    ;
; Resource Aware Inference For Block RAM                           ; On                 ; On                      ;
+------------------------------------------------------------------+--------------------+-------------------------+


+------------------------------------------+
; Parallel Compilation                     ;
+----------------------------+-------------+
; Processors                 ; Number      ;
+----------------------------+-------------+
; Number detected on machine ; 20          ;
; Maximum allowed            ; 14          ;
;                            ;             ;
; Average used               ; 1.00        ;
; Maximum used               ; 14          ;
;                            ;             ;
; Usage by Processor         ; % Time Used ;
;     Processor 1            ; 100.0%      ;
;     Processors 2-14        ;   0.0%      ;
+----------------------------+-------------+


+----------------------------------------------------------------------------------------------------------------------------------------------------+
; Analysis & Synthesis Source Files Read                                                                                                             ;
+----------------------------------+-----------------+------------------------+------------------------------------------------------------+---------+
; File Name with User-Entered Path ; Used in Netlist ; File Type              ; File Name with Absolute Path                               ; Library ;
+----------------------------------+-----------------+------------------------+------------------------------------------------------------+---------+
; test_led_low.v                   ; yes             ; User Verilog HDL File  ; D:/Quartus_Project/audio_spectrum_analyzer2/test_led_low.v ;         ;
+----------------------------------+-----------------+------------------------+------------------------------------------------------------+---------+


+---------------------------------------------------------+
; Analysis & Synthesis Resource Usage Summary             ;
+---------------------------------------------+-----------+
; Resource                                    ; Usage     ;
+---------------------------------------------+-----------+
; Estimated Total logic elements              ; 27        ;
;                                             ;           ;
; Total combinational functions               ; 27        ;
; Logic element usage by number of LUT inputs ;           ;
;     -- 4 input functions                    ; 0         ;
;     -- 3 input functions                    ; 1         ;
;     -- <=2 input functions                  ; 26        ;
;                                             ;           ;
; Logic elements by mode                      ;           ;
;     -- normal mode                          ; 2         ;
;     -- arithmetic mode                      ; 25        ;
;                                             ;           ;
; Total registers                             ; 27        ;
;     -- Dedicated logic registers            ; 27        ;
;     -- I/O registers                        ; 0         ;
;                                             ;           ;
; I/O pins                                    ; 5         ;
;                                             ;           ;
; Embedded Multiplier 9-bit elements          ; 0         ;
;                                             ;           ;
; Maximum fan-out node                        ; clk~input ;
; Maximum fan-out                             ; 27        ;
; Total fan-out                               ; 115       ;
; Average fan-out                             ; 1.80      ;
+---------------------------------------------+-----------+


+-------------------------------------------------------------------------------------------------------------------------------------------------------------------------------------------------------------------------------------+
; Analysis & Synthesis Resource Utilization by Entity                                                                                                                                                                                 ;
+----------------------------+---------------------+---------------------------+-------------+------------+--------------+---------+-----------+------+--------------+------------+---------------------+--------------+--------------+
; Compilation Hierarchy Node ; Combinational ALUTs ; Dedicated Logic Registers ; Memory Bits ; UFM Blocks ; DSP Elements ; DSP 9x9 ; DSP 18x18 ; Pins ; Virtual Pins ; ADC blocks ; Full Hierarchy Name ; Entity Name  ; Library Name ;
+----------------------------+---------------------+---------------------------+-------------+------------+--------------+---------+-----------+------+--------------+------------+---------------------+--------------+--------------+
; |test_led_low              ; 27 (27)             ; 27 (27)                   ; 0           ; 0          ; 0            ; 0       ; 0         ; 5    ; 0            ; 0          ; |test_led_low       ; test_led_low ; work         ;
+----------------------------+---------------------+---------------------------+-------------+------------+--------------+---------+-----------+------+--------------+------------+---------------------+--------------+--------------+
Note: For table entries with two numbers listed, the numbers in parentheses indicate the number of resources of the given type used by the specific entity alone. The numbers listed outside of parentheses indicate the total resources of the given type used by the specific entity and all of its sub-entities in the hierarchy.


+------------------------------------------------------------+
; Registers Removed During Synthesis                         ;
+---------------------------------------+--------------------+
; Register name                         ; Reason for Removal ;
+---------------------------------------+--------------------+
; counter[27]                           ; Lost fanout        ;
; Total Number of Removed Registers = 1 ;                    ;
+---------------------------------------+--------------------+


+------------------------------------------------------+
; General Register Statistics                          ;
+----------------------------------------------+-------+
; Statistic                                    ; Value ;
+----------------------------------------------+-------+
; Total registers                              ; 27    ;
; Number of registers using Synchronous Clear  ; 0     ;
; Number of registers using Synchronous Load   ; 0     ;
; Number of registers using Asynchronous Clear ; 0     ;
; Number of registers using Asynchronous Load  ; 0     ;
; Number of registers using Clock Enable       ; 0     ;
; Number of registers using Preset             ; 0     ;
+----------------------------------------------+-------+


+-----------------------------------------------------+
; Post-Synthesis Netlist Statistics for Top Partition ;
+-----------------------+-----------------------------+
; Type                  ; Count                       ;
+-----------------------+-----------------------------+
; boundary_port         ; 5                           ;
; cycloneiii_ff         ; 27                          ;
;     plain             ; 27                          ;
; cycloneiii_lcell_comb ; 31                          ;
;     arith             ; 25                          ;
;         2 data inputs ; 24                          ;
;         3 data inputs ; 1                           ;
;     normal            ; 6                           ;
;         0 data inputs ; 1                           ;
;         1 data inputs ; 5                           ;
;                       ;                             ;
; Max LUT depth         ; 3.50                        ;
; Average LUT depth     ; 2.52                        ;
+-----------------------+-----------------------------+


+-------------------------------+
; Elapsed Time Per Partition    ;
+----------------+--------------+
; Partition Name ; Elapsed Time ;
+----------------+--------------+
; Top            ; 00:00:00     ;
+----------------+--------------+


+-------------------------------+
; Analysis & Synthesis Messages ;
+-------------------------------+
Info: *******************************************************************
Info: Running Quartus Prime Analysis & Synthesis
    Info: Version 18.1.0 Build 625 09/12/2018 SJ Lite Edition
    Info: Processing started: Mon May 26 14:58:54 2025
Info: Command: quartus_map --read_settings_files=on --write_settings_files=off audio_spectrum_analyzer -c audio_spectrum_analyzer
Warning (18236): Number of processors has not been specified which may cause overloading on shared machines.  Set the global assignment NUM_PARALLEL_PROCESSORS in your QSF to an appropriate value for best performance.
Info (20030): Parallel compilation is enabled and will use 14 of the 14 processors detected
Info (12021): Found 1 design units, including 1 entities, in source file test_simple.v
    Info (12023): Found entity 1: test_simple File: D:/Quartus_Project/audio_spectrum_analyzer2/test_simple.v Line: 1
Info (12021): Found 1 design units, including 1 entities, in source file test_basic.v
    Info (12023): Found entity 1: test_basic File: D:/Quartus_Project/audio_spectrum_analyzer2/test_basic.v Line: 2
Info (12021): Found 1 design units, including 1 entities, in source file audio_spectrum_analyzer.v
    Info (12023): Found entity 1: audio_spectrum_analyzer File: D:/Quartus_Project/audio_spectrum_analyzer2/audio_spectrum_analyzer.v Line: 6
Info (12021): Found 1 design units, including 1 entities, in source file segment_scan.v
    Info (12023): Found entity 1: segment_scan File: D:/Quartus_Project/audio_spectrum_analyzer2/segment_scan.v Line: 18
Info (12021): Found 1 design units, including 1 entities, in source file param_adjuster.v
    Info (12023): Found entity 1: param_adjuster File: D:/Quartus_Project/audio_spectrum_analyzer2/param_adjuster.v Line: 1
Info (12021): Found 1 design units, including 1 entities, in source file mode_controller.v
    Info (12023): Found entity 1: mode_controller File: D:/Quartus_Project/audio_spectrum_analyzer2/mode_controller.v Line: 1
Info (12021): Found 1 design units, including 1 entities, in source file display_controller.v
    Info (12023): Found entity 1: display_controller File: D:/Quartus_Project/audio_spectrum_analyzer2/display_controller.v Line: 1
Info (12021): Found 1 design units, including 1 entities, in source file db_calculator.v
    Info (12023): Found entity 1: db_calculator File: D:/Quartus_Project/audio_spectrum_analyzer2/db_calculator.v Line: 1
Info (12021): Found 1 design units, including 1 entities, in source file bin_to_bcd.v
    Info (12023): Found entity 1: bin_to_bcd File: D:/Quartus_Project/audio_spectrum_analyzer2/bin_to_bcd.v Line: 18
Info (12021): Found 1 design units, including 1 entities, in source file audio_simulator.v
    Info (12023): Found entity 1: audio_simulator File: D:/Quartus_Project/audio_spectrum_analyzer2/audio_simulator.v Line: 1
Info (12021): Found 1 design units, including 1 entities, in source file array_keyboard.v
    Info (12023): Found entity 1: array_keyboard File: D:/Quartus_Project/audio_spectrum_analyzer2/array_keyboard.v Line: 18
Info (12021): Found 1 design units, including 1 entities, in source file amp_encoder.v
    Info (12023): Found entity 1: amp_encoder File: D:/Quartus_Project/audio_spectrum_analyzer2/amp_encoder.v Line: 18
Info (12021): Found 1 design units, including 1 entities, in source file test_led_only.v
    Info (12023): Found entity 1: test_led_only File: D:/Quartus_Project/audio_spectrum_analyzer2/test_led_only.v Line: 1
Info (12021): Found 1 design units, including 1 entities, in source file test_led_low.v
    Info (12023): Found entity 1: test_led_low File: D:/Quartus_Project/audio_spectrum_analyzer2/test_led_low.v Line: 1
Info (12127): Elaborating entity "test_led_low" for the top level hierarchy
Warning (13024): Output pins are stuck at VCC or GND
    Warning (13410): Pin "led4" is stuck at GND File: D:/Quartus_Project/audio_spectrum_analyzer2/test_led_low.v Line: 7
Info (286030): Timing-Driven Synthesis is running
Info (17049): 1 registers lost all their fanouts during netlist optimizations.
Info (16010): Generating hard_block partition "hard_block:auto_generated_inst"
    Info (16011): Adding 0 node(s), including 0 DDIO, 0 PLL, 0 transceiver and 0 LCELL
Info (21057): Implemented 32 device resources after synthesis - the final resource count might be different
    Info (21058): Implemented 1 input pins
    Info (21059): Implemented 4 output pins
    Info (21061): Implemented 27 logic cells
Info: Quartus Prime Analysis & Synthesis was successful. 0 errors, 3 warnings
    Info: Peak virtual memory: 4830 megabytes
    Info: Processing ended: Mon May 26 14:59:02 2025
    Info: Elapsed time: 00:00:08
    Info: Total CPU time (on all processors): 00:00:15


