Analysis & Synthesis report for Electric_Piano
Wed May 28 10:51:04 2025
Quartus Prime Version 18.1.0 Build 625 09/12/2018 SJ Lite Edition


---------------------
; Table of Contents ;
---------------------
  1. Legal Notice
  2. Analysis & Synthesis Summary
  3. Analysis & Synthesis Settings
  4. Parallel Compilation
  5. Analysis & Synthesis Source Files Read
  6. Analysis & Synthesis Resource Usage Summary
  7. Analysis & Synthesis Resource Utilization by Entity
  8. State Machine - |Advanced_Electric_Piano|Music_Player:u_music_player|selected_song
  9. Registers Removed During Synthesis
 10. General Register Statistics
 11. Inverted Register Statistics
 12. Multiplexer Restructuring Statistics (Restructuring Performed)
 13. Parameter Settings for User Entity Instance: Array_KeyBoard:u_keyboard
 14. Parameter Settings for User Entity Instance: Mode_Controller:u_mode_ctrl
 15. Parameter Settings for User Entity Instance: Music_Player:u_music_player
 16. Parameter Settings for User Entity Instance: Advanced_Beeper:u_beeper|PWM:u_pwm
 17. Port Connectivity Checks: "Advanced_Beeper:u_beeper|PWM:u_pwm"
 18. Port Connectivity Checks: "Music_Player:u_music_player"
 19. Port Connectivity Checks: "Mode_Controller:u_mode_ctrl"
 20. Post-Synthesis Netlist Statistics for Top Partition
 21. Elapsed Time Per Partition
 22. Analysis & Synthesis Messages
 23. Analysis & Synthesis Suppressed Messages



----------------
; Legal Notice ;
----------------
Copyright (C) 2018  Intel Corporation. All rights reserved.
Your use of Intel Corporation's design tools, logic functions 
and other software and tools, and its AMPP partner logic 
functions, and any output files from any of the foregoing 
(including device programming or simulation files), and any 
associated documentation or information are expressly subject 
to the terms and conditions of the Intel Program License 
Subscription Agreement, the Intel Quartus Prime License Agreement,
the Intel FPGA IP License Agreement, or other applicable license
agreement, including, without limitation, that your use is for
the sole purpose of programming logic devices manufactured by
Intel and sold by Intel or its authorized distributors.  Please
refer to the applicable agreement for further details.



+----------------------------------------------------------------------------------+
; Analysis & Synthesis Summary                                                     ;
+------------------------------------+---------------------------------------------+
; Analysis & Synthesis Status        ; Successful - Wed May 28 10:51:04 2025       ;
; Quartus Prime Version              ; 18.1.0 Build 625 09/12/2018 SJ Lite Edition ;
; Revision Name                      ; Electric_Piano                              ;
; Top-level Entity Name              ; Advanced_Electric_Piano                     ;
; Family                             ; MAX 10                                      ;
; Total logic elements               ; 1,087                                       ;
;     Total combinational functions  ; 1,048                                       ;
;     Dedicated logic registers      ; 189                                         ;
; Total registers                    ; 189                                         ;
; Total pins                         ; 24                                          ;
; Total virtual pins                 ; 0                                           ;
; Total memory bits                  ; 0                                           ;
; Embedded Multiplier 9-bit elements ; 0                                           ;
; Total PLLs                         ; 0                                           ;
; UFM blocks                         ; 0                                           ;
; ADC blocks                         ; 0                                           ;
+------------------------------------+---------------------------------------------+


+-----------------------------------------------------------------------------------------------------------------+
; Analysis & Synthesis Settings                                                                                   ;
+------------------------------------------------------------------+-------------------------+--------------------+
; Option                                                           ; Setting                 ; Default Value      ;
+------------------------------------------------------------------+-------------------------+--------------------+
; Device                                                           ; 10M08SAM153C8G          ;                    ;
; Top-level entity name                                            ; Advanced_Electric_Piano ; Electric_Piano     ;
; Family name                                                      ; MAX 10                  ; Cyclone V          ;
; Use smart compilation                                            ; Off                     ; Off                ;
; Enable parallel Assembler and Timing Analyzer during compilation ; On                      ; On                 ;
; Enable compact report table                                      ; Off                     ; Off                ;
; Restructure Multiplexers                                         ; Auto                    ; Auto               ;
; Create Debugging Nodes for IP Cores                              ; Off                     ; Off                ;
; Preserve fewer node names                                        ; On                      ; On                 ;
; Intel FPGA IP Evaluation Mode                                    ; Enable                  ; Enable             ;
; Verilog Version                                                  ; Verilog_2001            ; Verilog_2001       ;
; VHDL Version                                                     ; VHDL_1993               ; VHDL_1993          ;
; State Machine Processing                                         ; Auto                    ; Auto               ;
; Safe State Machine                                               ; Off                     ; Off                ;
; Extract Verilog State Machines                                   ; On                      ; On                 ;
; Extract VHDL State Machines                                      ; On                      ; On                 ;
; Ignore Verilog initial constructs                                ; Off                     ; Off                ;
; Iteration limit for constant Verilog loops                       ; 5000                    ; 5000               ;
; Iteration limit for non-constant Verilog loops                   ; 250                     ; 250                ;
; Add Pass-Through Logic to Inferred RAMs                          ; On                      ; On                 ;
; Infer RAMs from Raw Logic                                        ; On                      ; On                 ;
; Parallel Synthesis                                               ; On                      ; On                 ;
; DSP Block Balancing                                              ; Auto                    ; Auto               ;
; NOT Gate Push-Back                                               ; On                      ; On                 ;
; Power-Up Don't Care                                              ; On                      ; On                 ;
; Remove Redundant Logic Cells                                     ; Off                     ; Off                ;
; Remove Duplicate Registers                                       ; On                      ; On                 ;
; Ignore CARRY Buffers                                             ; Off                     ; Off                ;
; Ignore CASCADE Buffers                                           ; Off                     ; Off                ;
; Ignore GLOBAL Buffers                                            ; Off                     ; Off                ;
; Ignore ROW GLOBAL Buffers                                        ; Off                     ; Off                ;
; Ignore LCELL Buffers                                             ; Off                     ; Off                ;
; Ignore SOFT Buffers                                              ; On                      ; On                 ;
; Limit AHDL Integers to 32 Bits                                   ; Off                     ; Off                ;
; Optimization Technique                                           ; Balanced                ; Balanced           ;
; Carry Chain Length                                               ; 70                      ; 70                 ;
; Auto Carry Chains                                                ; On                      ; On                 ;
; Auto Open-Drain Pins                                             ; On                      ; On                 ;
; Perform WYSIWYG Primitive Resynthesis                            ; Off                     ; Off                ;
; Auto ROM Replacement                                             ; On                      ; On                 ;
; Auto RAM Replacement                                             ; On                      ; On                 ;
; Auto DSP Block Replacement                                       ; On                      ; On                 ;
; Auto Shift Register Replacement                                  ; Auto                    ; Auto               ;
; Allow Shift Register Merging across Hierarchies                  ; Auto                    ; Auto               ;
; Auto Clock Enable Replacement                                    ; On                      ; On                 ;
; Strict RAM Replacement                                           ; Off                     ; Off                ;
; Allow Synchronous Control Signals                                ; On                      ; On                 ;
; Force Use of Synchronous Clear Signals                           ; Off                     ; Off                ;
; Auto RAM Block Balancing                                         ; On                      ; On                 ;
; Auto RAM to Logic Cell Conversion                                ; Off                     ; Off                ;
; Auto Resource Sharing                                            ; Off                     ; Off                ;
; Allow Any RAM Size For Recognition                               ; Off                     ; Off                ;
; Allow Any ROM Size For Recognition                               ; Off                     ; Off                ;
; Allow Any Shift Register Size For Recognition                    ; Off                     ; Off                ;
; Use LogicLock Constraints during Resource Balancing              ; On                      ; On                 ;
; Ignore translate_off and synthesis_off directives                ; Off                     ; Off                ;
; Timing-Driven Synthesis                                          ; On                      ; On                 ;
; Report Parameter Settings                                        ; On                      ; On                 ;
; Report Source Assignments                                        ; On                      ; On                 ;
; Report Connectivity Checks                                       ; On                      ; On                 ;
; Ignore Maximum Fan-Out Assignments                               ; Off                     ; Off                ;
; Synchronization Register Chain Length                            ; 2                       ; 2                  ;
; Power Optimization During Synthesis                              ; Normal compilation      ; Normal compilation ;
; HDL message level                                                ; Level2                  ; Level2             ;
; Suppress Register Optimization Related Messages                  ; Off                     ; Off                ;
; Number of Removed Registers Reported in Synthesis Report         ; 5000                    ; 5000               ;
; Number of Swept Nodes Reported in Synthesis Report               ; 5000                    ; 5000               ;
; Number of Inverted Registers Reported in Synthesis Report        ; 100                     ; 100                ;
; Clock MUX Protection                                             ; On                      ; On                 ;
; Auto Gated Clock Conversion                                      ; Off                     ; Off                ;
; Block Design Naming                                              ; Auto                    ; Auto               ;
; SDC constraint protection                                        ; Off                     ; Off                ;
; Synthesis Effort                                                 ; Auto                    ; Auto               ;
; Shift Register Replacement - Allow Asynchronous Clear Signal     ; On                      ; On                 ;
; Pre-Mapping Resynthesis Optimization                             ; Off                     ; Off                ;
; Analysis & Synthesis Message Level                               ; Medium                  ; Medium             ;
; Disable Register Merging Across Hierarchies                      ; Auto                    ; Auto               ;
; Resource Aware Inference For Block RAM                           ; On                      ; On                 ;
+------------------------------------------------------------------+-------------------------+--------------------+


+------------------------------------------+
; Parallel Compilation                     ;
+----------------------------+-------------+
; Processors                 ; Number      ;
+----------------------------+-------------+
; Number detected on machine ; 20          ;
; Maximum allowed            ; 14          ;
;                            ;             ;
; Average used               ; 1.00        ;
; Maximum used               ; 14          ;
;                            ;             ;
; Usage by Processor         ; % Time Used ;
;     Processor 1            ; 100.0%      ;
;     Processor 2            ;   0.0%      ;
;     Processor 3            ;   0.0%      ;
;     Processor 4            ;   0.0%      ;
;     Processor 5            ;   0.0%      ;
;     Processor 6            ;   0.0%      ;
;     Processor 7            ;   0.0%      ;
;     Processor 8            ;   0.0%      ;
;     Processors 9-14        ;   0.0%      ;
+----------------------------+-------------+


+-----------------------------------------------------------------------------------------------------------------------------------------------------+
; Analysis & Synthesis Source Files Read                                                                                                              ;
+----------------------------------+-----------------+------------------------+-------------------------------------------------------------+---------+
; File Name with User-Entered Path ; Used in Netlist ; File Type              ; File Name with Absolute Path                                ; Library ;
+----------------------------------+-----------------+------------------------+-------------------------------------------------------------+---------+
; Array_KeyBoard.v                 ; yes             ; User Verilog HDL File  ; D:/Quartus_Project/Electric_Piano/Array_KeyBoard.v          ;         ;
; Advanced_Electric_Piano.v        ; yes             ; User Verilog HDL File  ; D:/Quartus_Project/Electric_Piano/Advanced_Electric_Piano.v ;         ;
; Mode_Controller.v                ; yes             ; User Verilog HDL File  ; D:/Quartus_Project/Electric_Piano/Mode_Controller.v         ;         ;
; Music_Player.v                   ; yes             ; User Verilog HDL File  ; D:/Quartus_Project/Electric_Piano/Music_Player.v            ;         ;
; Advanced_Beeper.v                ; yes             ; User Verilog HDL File  ; D:/Quartus_Project/Electric_Piano/Advanced_Beeper.v         ;         ;
; PWM.v                            ; yes             ; User Verilog HDL File  ; D:/Quartus_Project/Electric_Piano/PWM.v                     ;         ;
; tone.v                           ; yes             ; User Verilog HDL File  ; D:/Quartus_Project/Electric_Piano/tone.v                    ;         ;
+----------------------------------+-----------------+------------------------+-------------------------------------------------------------+---------+


+-----------------------------------------------------------------------------------------+
; Analysis & Synthesis Resource Usage Summary                                             ;
+---------------------------------------------+-------------------------------------------+
; Resource                                    ; Usage                                     ;
+---------------------------------------------+-------------------------------------------+
; Estimated Total logic elements              ; 1,087                                     ;
;                                             ;                                           ;
; Total combinational functions               ; 1048                                      ;
; Logic element usage by number of LUT inputs ;                                           ;
;     -- 4 input functions                    ; 770                                       ;
;     -- 3 input functions                    ; 115                                       ;
;     -- <=2 input functions                  ; 163                                       ;
;                                             ;                                           ;
; Logic elements by mode                      ;                                           ;
;     -- normal mode                          ; 932                                       ;
;     -- arithmetic mode                      ; 116                                       ;
;                                             ;                                           ;
; Total registers                             ; 189                                       ;
;     -- Dedicated logic registers            ; 189                                       ;
;     -- I/O registers                        ; 0                                         ;
;                                             ;                                           ;
; I/O pins                                    ; 24                                        ;
;                                             ;                                           ;
; Embedded Multiplier 9-bit elements          ; 0                                         ;
;                                             ;                                           ;
; Maximum fan-out node                        ; Music_Player:u_music_player|note_index[4] ;
; Maximum fan-out                             ; 322                                       ;
; Total fan-out                               ; 4434                                      ;
; Average fan-out                             ; 3.45                                      ;
+---------------------------------------------+-------------------------------------------+


+------------------------------------------------------------------------------------------------------------------------------------------------------------------------------------------------------------------------------------------------------------------------------------------------+
; Analysis & Synthesis Resource Utilization by Entity                                                                                                                                                                                                                                            ;
+----------------------------------+---------------------+---------------------------+-------------+------------+--------------+---------+-----------+------+--------------+------------+---------------------------------------------------------------+-------------------------+--------------+
; Compilation Hierarchy Node       ; Combinational ALUTs ; Dedicated Logic Registers ; Memory Bits ; UFM Blocks ; DSP Elements ; DSP 9x9 ; DSP 18x18 ; Pins ; Virtual Pins ; ADC blocks ; Full Hierarchy Name                                           ; Entity Name             ; Library Name ;
+----------------------------------+---------------------+---------------------------+-------------+------------+--------------+---------+-----------+------+--------------+------------+---------------------------------------------------------------+-------------------------+--------------+
; |Advanced_Electric_Piano         ; 1048 (0)            ; 189 (0)                   ; 0           ; 0          ; 0            ; 0       ; 0         ; 24   ; 0            ; 0          ; |Advanced_Electric_Piano                                      ; Advanced_Electric_Piano ; work         ;
;    |Advanced_Beeper:u_beeper|    ; 156 (42)            ; 17 (0)                    ; 0           ; 0          ; 0            ; 0       ; 0         ; 0    ; 0            ; 0          ; |Advanced_Electric_Piano|Advanced_Beeper:u_beeper             ; Advanced_Beeper         ; work         ;
;       |PWM:u_pwm|                ; 72 (72)             ; 17 (17)                   ; 0           ; 0          ; 0            ; 0       ; 0         ; 0    ; 0            ; 0          ; |Advanced_Electric_Piano|Advanced_Beeper:u_beeper|PWM:u_pwm   ; PWM                     ; work         ;
;       |tone:u_tone|              ; 42 (42)             ; 0 (0)                     ; 0           ; 0          ; 0            ; 0       ; 0         ; 0    ; 0            ; 0          ; |Advanced_Electric_Piano|Advanced_Beeper:u_beeper|tone:u_tone ; tone                    ; work         ;
;    |Array_KeyBoard:u_keyboard|   ; 73 (73)             ; 74 (74)                   ; 0           ; 0          ; 0            ; 0       ; 0         ; 0    ; 0            ; 0          ; |Advanced_Electric_Piano|Array_KeyBoard:u_keyboard            ; Array_KeyBoard          ; work         ;
;    |Mode_Controller:u_mode_ctrl| ; 1 (1)               ; 7 (7)                     ; 0           ; 0          ; 0            ; 0       ; 0         ; 0    ; 0            ; 0          ; |Advanced_Electric_Piano|Mode_Controller:u_mode_ctrl          ; Mode_Controller         ; work         ;
;    |Music_Player:u_music_player| ; 818 (818)           ; 91 (91)                   ; 0           ; 0          ; 0            ; 0       ; 0         ; 0    ; 0            ; 0          ; |Advanced_Electric_Piano|Music_Player:u_music_player          ; Music_Player            ; work         ;
+----------------------------------+---------------------+---------------------------+-------------+------------+--------------+---------+-----------+------+--------------+------------+---------------------------------------------------------------+-------------------------+--------------+
Note: For table entries with two numbers listed, the numbers in parentheses indicate the number of resources of the given type used by the specific entity alone. The numbers listed outside of parentheses indicate the total resources of the given type used by the specific entity and all of its sub-entities in the hierarchy.


Encoding Type:  One-Hot
+--------------------------------------------------------------------------------------------------------------------------------------------------------------------------------------------------------------------------------------------------------------------------------------------------------------------------------------------------------------------+
; State Machine - |Advanced_Electric_Piano|Music_Player:u_music_player|selected_song                                                                                                                                                                                                                                                                                 ;
+--------------------+--------------------+--------------------+--------------------+--------------------+--------------------+--------------------+--------------------+--------------------+--------------------+--------------------+--------------------+--------------------+--------------------+--------------------+--------------------+--------------------+
; Name               ; selected_song.1111 ; selected_song.1110 ; selected_song.1101 ; selected_song.1100 ; selected_song.1011 ; selected_song.1010 ; selected_song.1001 ; selected_song.1000 ; selected_song.0111 ; selected_song.0110 ; selected_song.0101 ; selected_song.0100 ; selected_song.0011 ; selected_song.0010 ; selected_song.0001 ; selected_song.0000 ;
+--------------------+--------------------+--------------------+--------------------+--------------------+--------------------+--------------------+--------------------+--------------------+--------------------+--------------------+--------------------+--------------------+--------------------+--------------------+--------------------+--------------------+
; selected_song.0000 ; 0                  ; 0                  ; 0                  ; 0                  ; 0                  ; 0                  ; 0                  ; 0                  ; 0                  ; 0                  ; 0                  ; 0                  ; 0                  ; 0                  ; 0                  ; 0                  ;
; selected_song.0001 ; 0                  ; 0                  ; 0                  ; 0                  ; 0                  ; 0                  ; 0                  ; 0                  ; 0                  ; 0                  ; 0                  ; 0                  ; 0                  ; 0                  ; 1                  ; 1                  ;
; selected_song.0010 ; 0                  ; 0                  ; 0                  ; 0                  ; 0                  ; 0                  ; 0                  ; 0                  ; 0                  ; 0                  ; 0                  ; 0                  ; 0                  ; 1                  ; 0                  ; 1                  ;
; selected_song.0011 ; 0                  ; 0                  ; 0                  ; 0                  ; 0                  ; 0                  ; 0                  ; 0                  ; 0                  ; 0                  ; 0                  ; 0                  ; 1                  ; 0                  ; 0                  ; 1                  ;
; selected_song.0100 ; 0                  ; 0                  ; 0                  ; 0                  ; 0                  ; 0                  ; 0                  ; 0                  ; 0                  ; 0                  ; 0                  ; 1                  ; 0                  ; 0                  ; 0                  ; 1                  ;
; selected_song.0101 ; 0                  ; 0                  ; 0                  ; 0                  ; 0                  ; 0                  ; 0                  ; 0                  ; 0                  ; 0                  ; 1                  ; 0                  ; 0                  ; 0                  ; 0                  ; 1                  ;
; selected_song.0110 ; 0                  ; 0                  ; 0                  ; 0                  ; 0                  ; 0                  ; 0                  ; 0                  ; 0                  ; 1                  ; 0                  ; 0                  ; 0                  ; 0                  ; 0                  ; 1                  ;
; selected_song.0111 ; 0                  ; 0                  ; 0                  ; 0                  ; 0                  ; 0                  ; 0                  ; 0                  ; 1                  ; 0                  ; 0                  ; 0                  ; 0                  ; 0                  ; 0                  ; 1                  ;
; selected_song.1000 ; 0                  ; 0                  ; 0                  ; 0                  ; 0                  ; 0                  ; 0                  ; 1                  ; 0                  ; 0                  ; 0                  ; 0                  ; 0                  ; 0                  ; 0                  ; 1                  ;
; selected_song.1001 ; 0                  ; 0                  ; 0                  ; 0                  ; 0                  ; 0                  ; 1                  ; 0                  ; 0                  ; 0                  ; 0                  ; 0                  ; 0                  ; 0                  ; 0                  ; 1                  ;
; selected_song.1010 ; 0                  ; 0                  ; 0                  ; 0                  ; 0                  ; 1                  ; 0                  ; 0                  ; 0                  ; 0                  ; 0                  ; 0                  ; 0                  ; 0                  ; 0                  ; 1                  ;
; selected_song.1011 ; 0                  ; 0                  ; 0                  ; 0                  ; 1                  ; 0                  ; 0                  ; 0                  ; 0                  ; 0                  ; 0                  ; 0                  ; 0                  ; 0                  ; 0                  ; 1                  ;
; selected_song.1100 ; 0                  ; 0                  ; 0                  ; 1                  ; 0                  ; 0                  ; 0                  ; 0                  ; 0                  ; 0                  ; 0                  ; 0                  ; 0                  ; 0                  ; 0                  ; 1                  ;
; selected_song.1101 ; 0                  ; 0                  ; 1                  ; 0                  ; 0                  ; 0                  ; 0                  ; 0                  ; 0                  ; 0                  ; 0                  ; 0                  ; 0                  ; 0                  ; 0                  ; 1                  ;
; selected_song.1110 ; 0                  ; 1                  ; 0                  ; 0                  ; 0                  ; 0                  ; 0                  ; 0                  ; 0                  ; 0                  ; 0                  ; 0                  ; 0                  ; 0                  ; 0                  ; 1                  ;
; selected_song.1111 ; 1                  ; 0                  ; 0                  ; 0                  ; 0                  ; 0                  ; 0                  ; 0                  ; 0                  ; 0                  ; 0                  ; 0                  ; 0                  ; 0                  ; 0                  ; 1                  ;
+--------------------+--------------------+--------------------+--------------------+--------------------+--------------------+--------------------+--------------------+--------------------+--------------------+--------------------+--------------------+--------------------+--------------------+--------------------+--------------------+--------------------+


+------------------------------------------------------------------------------------------+
; Registers Removed During Synthesis                                                       ;
+-------------------------------------------------+----------------------------------------+
; Register name                                   ; Reason for Removal                     ;
+-------------------------------------------------+----------------------------------------+
; Mode_Controller:u_mode_ctrl|led_display[2..7]   ; Stuck at VCC due to stuck port data_in ;
; Mode_Controller:u_mode_ctrl|mode_indicator[2,3] ; Stuck at VCC due to stuck port data_in ;
; Music_Player:u_music_player|selected_song~4     ; Lost fanout                            ;
; Music_Player:u_music_player|selected_song~5     ; Lost fanout                            ;
; Music_Player:u_music_player|selected_song~6     ; Lost fanout                            ;
; Music_Player:u_music_player|selected_song~7     ; Lost fanout                            ;
; Music_Player:u_music_player|note_index[6,7]     ; Lost fanout                            ;
; Total Number of Removed Registers = 14          ;                                        ;
+-------------------------------------------------+----------------------------------------+


+------------------------------------------------------+
; General Register Statistics                          ;
+----------------------------------------------+-------+
; Statistic                                    ; Value ;
+----------------------------------------------+-------+
; Total registers                              ; 189   ;
; Number of registers using Synchronous Clear  ; 56    ;
; Number of registers using Synchronous Load   ; 0     ;
; Number of registers using Asynchronous Clear ; 189   ;
; Number of registers using Asynchronous Load  ; 0     ;
; Number of registers using Clock Enable       ; 51    ;
; Number of registers using Preset             ; 0     ;
+----------------------------------------------+-------+


+---------------------------------------------------------+
; Inverted Register Statistics                            ;
+-----------------------------------------------+---------+
; Inverted Register                             ; Fan out ;
+-----------------------------------------------+---------+
; Array_KeyBoard:u_keyboard|row_r[1]            ; 1       ;
; Array_KeyBoard:u_keyboard|row_r[2]            ; 1       ;
; Array_KeyBoard:u_keyboard|row_r[3]            ; 1       ;
; Mode_Controller:u_mode_ctrl|led_display[1]    ; 1       ;
; Mode_Controller:u_mode_ctrl|mode_indicator[1] ; 1       ;
; Array_KeyBoard:u_keyboard|key_scan_rr[2]      ; 11      ;
; Array_KeyBoard:u_keyboard|key_scan_rr[8]      ; 12      ;
; Array_KeyBoard:u_keyboard|key_scan_rr[0]      ; 6       ;
; Array_KeyBoard:u_keyboard|key_scan_rr[14]     ; 7       ;
; Array_KeyBoard:u_keyboard|key_scan_rr[13]     ; 7       ;
; Array_KeyBoard:u_keyboard|key_scan_rr[12]     ; 8       ;
; Array_KeyBoard:u_keyboard|key_scan_rr[15]     ; 13      ;
; Array_KeyBoard:u_keyboard|key_scan_rr[10]     ; 13      ;
; Array_KeyBoard:u_keyboard|key_scan_rr[11]     ; 6       ;
; Array_KeyBoard:u_keyboard|key_scan_rr[4]      ; 7       ;
; Array_KeyBoard:u_keyboard|key_scan_rr[9]      ; 9       ;
; Array_KeyBoard:u_keyboard|key_scan_rr[1]      ; 11      ;
; Array_KeyBoard:u_keyboard|key_scan_rr[3]      ; 7       ;
; Array_KeyBoard:u_keyboard|key_scan_rr[7]      ; 7       ;
; Array_KeyBoard:u_keyboard|key_scan_rr[6]      ; 8       ;
; Array_KeyBoard:u_keyboard|key_scan_rr[5]      ; 7       ;
; Array_KeyBoard:u_keyboard|key_scan_r[2]       ; 3       ;
; Array_KeyBoard:u_keyboard|key_scan_r[8]       ; 4       ;
; Array_KeyBoard:u_keyboard|key_scan_r[0]       ; 2       ;
; Array_KeyBoard:u_keyboard|key_scan_r[14]      ; 2       ;
; Array_KeyBoard:u_keyboard|key_scan_r[13]      ; 2       ;
; Array_KeyBoard:u_keyboard|key_scan_r[12]      ; 3       ;
; Array_KeyBoard:u_keyboard|key_scan_r[15]      ; 4       ;
; Array_KeyBoard:u_keyboard|key_scan_r[10]      ; 3       ;
; Array_KeyBoard:u_keyboard|key_scan_r[11]      ; 3       ;
; Array_KeyBoard:u_keyboard|key_scan_r[4]       ; 3       ;
; Array_KeyBoard:u_keyboard|key_scan_r[9]       ; 2       ;
; Array_KeyBoard:u_keyboard|key_scan_r[1]       ; 3       ;
; Array_KeyBoard:u_keyboard|key_scan_r[3]       ; 3       ;
; Array_KeyBoard:u_keyboard|key_scan_r[7]       ; 2       ;
; Array_KeyBoard:u_keyboard|key_scan_r[6]       ; 3       ;
; Array_KeyBoard:u_keyboard|key_scan_r[5]       ; 2       ;
; Array_KeyBoard:u_keyboard|key_scan[2]         ; 1       ;
; Array_KeyBoard:u_keyboard|key_scan[8]         ; 1       ;
; Array_KeyBoard:u_keyboard|key_scan[0]         ; 1       ;
; Array_KeyBoard:u_keyboard|key_scan[14]        ; 1       ;
; Array_KeyBoard:u_keyboard|key_scan[13]        ; 1       ;
; Array_KeyBoard:u_keyboard|key_scan[12]        ; 1       ;
; Array_KeyBoard:u_keyboard|key_scan[15]        ; 1       ;
; Array_KeyBoard:u_keyboard|key_scan[10]        ; 1       ;
; Array_KeyBoard:u_keyboard|key_scan[11]        ; 1       ;
; Array_KeyBoard:u_keyboard|key_scan[4]         ; 1       ;
; Array_KeyBoard:u_keyboard|key_scan[9]         ; 1       ;
; Array_KeyBoard:u_keyboard|key_scan[1]         ; 1       ;
; Array_KeyBoard:u_keyboard|key_scan[3]         ; 1       ;
; Array_KeyBoard:u_keyboard|key_scan[7]         ; 1       ;
; Array_KeyBoard:u_keyboard|key_scan[6]         ; 1       ;
; Array_KeyBoard:u_keyboard|key_scan[5]         ; 1       ;
; Total number of inverted registers = 53       ;         ;
+-----------------------------------------------+---------+


+-------------------------------------------------------------------------------------------------------------------------------------------------------------------------------------+
; Multiplexer Restructuring Statistics (Restructuring Performed)                                                                                                                      ;
+--------------------+-----------+---------------+----------------------+------------------------+------------+-----------------------------------------------------------------------+
; Multiplexer Inputs ; Bus Width ; Baseline Area ; Area if Restructured ; Saving if Restructured ; Registered ; Example Multiplexer Output                                            ;
+--------------------+-----------+---------------+----------------------+------------------------+------------+-----------------------------------------------------------------------+
; 3:1                ; 26 bits   ; 52 LEs        ; 26 LEs               ; 26 LEs                 ; Yes        ; |Advanced_Electric_Piano|Music_Player:u_music_player|beat_counter[17] ;
; 3:1                ; 17 bits   ; 34 LEs        ; 34 LEs               ; 0 LEs                  ; Yes        ; |Advanced_Electric_Piano|Advanced_Beeper:u_beeper|PWM:u_pwm|pwm_out   ;
; 6:1                ; 16 bits   ; 64 LEs        ; 16 LEs               ; 48 LEs                 ; Yes        ; |Advanced_Electric_Piano|Music_Player:u_music_player|play_duration[3] ;
; 17:1               ; 12 bits   ; 132 LEs       ; 132 LEs              ; 0 LEs                  ; Yes        ; |Advanced_Electric_Piano|Music_Player:u_music_player|auto_tone[14]    ;
+--------------------+-----------+---------------+----------------------+------------------------+------------+-----------------------------------------------------------------------+


+------------------------------------------------------------------------+
; Parameter Settings for User Entity Instance: Array_KeyBoard:u_keyboard ;
+----------------+----------+--------------------------------------------+
; Parameter Name ; Value    ; Type                                       ;
+----------------+----------+--------------------------------------------+
; CLK_FREQ       ; 12000000 ; Signed Integer                             ;
; SCAN_FREQ      ; 1000     ; Signed Integer                             ;
; SCAN_CNT       ; 2999     ; Signed Integer                             ;
+----------------+----------+--------------------------------------------+
Note: In order to hide this table in the UI and the text report file, please set the "Show Parameter Settings in Synthesis Report" option in "Analysis and Synthesis Settings -> More Settings" to "Off".


+--------------------------------------------------------------------------+
; Parameter Settings for User Entity Instance: Mode_Controller:u_mode_ctrl ;
+-----------------+------------------+-------------------------------------+
; Parameter Name  ; Value            ; Type                                ;
+-----------------+------------------+-------------------------------------+
; MODE_TOGGLE_KEY ; 0000000000000001 ; Unsigned Binary                     ;
+-----------------+------------------+-------------------------------------+
Note: In order to hide this table in the UI and the text report file, please set the "Show Parameter Settings in Synthesis Report" option in "Analysis and Synthesis Settings -> More Settings" to "Off".


+--------------------------------------------------------------------------+
; Parameter Settings for User Entity Instance: Music_Player:u_music_player ;
+----------------+----------------------------+----------------------------+
; Parameter Name ; Value                      ; Type                       ;
+----------------+----------------------------+----------------------------+
; SILENT         ; 0000000000000000           ; Unsigned Binary            ;
; C4             ; 1011001100110000           ; Unsigned Binary            ;
; D4             ; 1001111110011010           ; Unsigned Binary            ;
; E4             ; 1000111000111000           ; Unsigned Binary            ;
; F4             ; 1000011000111100           ; Unsigned Binary            ;
; G4             ; 0111011110010100           ; Unsigned Binary            ;
; A4             ; 0110101010001001           ; Unsigned Binary            ;
; B4             ; 0101111011101000           ; Unsigned Binary            ;
; C5             ; 0101100110010011           ; Unsigned Binary            ;
; D5             ; 0100111111010000           ; Unsigned Binary            ;
; E5             ; 0100011100011001           ; Unsigned Binary            ;
; F5             ; 0100001100011100           ; Unsigned Binary            ;
; G5             ; 0011101111001010           ; Unsigned Binary            ;
; A5             ; 0011010101000100           ; Unsigned Binary            ;
; B5             ; 0010111101110100           ; Unsigned Binary            ;
; C6             ; 0010110011010110           ; Unsigned Binary            ;
; D6             ; 0010011111100111           ; Unsigned Binary            ;
; C3             ; 0110011001100001           ; Unsigned Binary            ;
; D3             ; 0011111100110100           ; Unsigned Binary            ;
; E3             ; 0001110001110000           ; Unsigned Binary            ;
; F3             ; 0000110001111000           ; Unsigned Binary            ;
; G3             ; 1110111100101000           ; Unsigned Binary            ;
; A3             ; 1101010100010010           ; Unsigned Binary            ;
; B3             ; 1011110111010001           ; Unsigned Binary            ;
; BEAT_PERIOD    ; 00000101101110001101100000 ; Unsigned Binary            ;
; SONG_DURATION  ; 10100000                   ; Unsigned Binary            ;
+----------------+----------------------------+----------------------------+
Note: In order to hide this table in the UI and the text report file, please set the "Show Parameter Settings in Synthesis Report" option in "Analysis and Synthesis Settings -> More Settings" to "Off".


+---------------------------------------------------------------------------------+
; Parameter Settings for User Entity Instance: Advanced_Beeper:u_beeper|PWM:u_pwm ;
+----------------+-------+--------------------------------------------------------+
; Parameter Name ; Value ; Type                                                   ;
+----------------+-------+--------------------------------------------------------+
; WIDTH          ; 16    ; Signed Integer                                         ;
+----------------+-------+--------------------------------------------------------+
Note: In order to hide this table in the UI and the text report file, please set the "Show Parameter Settings in Synthesis Report" option in "Analysis and Synthesis Settings -> More Settings" to "Off".


+----------------------------------------------------------------+
; Port Connectivity Checks: "Advanced_Beeper:u_beeper|PWM:u_pwm" ;
+----------+-------+----------+----------------------------------+
; Port     ; Type  ; Severity ; Details                          ;
+----------+-------+----------+----------------------------------+
; duty[15] ; Input ; Info     ; Stuck at GND                     ;
+----------+-------+----------+----------------------------------+


+-------------------------------------------------------------------------------------------------------------------------+
; Port Connectivity Checks: "Music_Player:u_music_player"                                                                 ;
+---------------+--------+----------+-------------------------------------------------------------------------------------+
; Port          ; Type   ; Severity ; Details                                                                             ;
+---------------+--------+----------+-------------------------------------------------------------------------------------+
; song_finished ; Output ; Info     ; Connected to dangling logic. Logic that only feeds a dangling port will be removed. ;
+---------------+--------+----------+-------------------------------------------------------------------------------------+


+-----------------------------------------------------------------------------------------------------------------------+
; Port Connectivity Checks: "Mode_Controller:u_mode_ctrl"                                                               ;
+-------------+--------+----------+-------------------------------------------------------------------------------------+
; Port        ; Type   ; Severity ; Details                                                                             ;
+-------------+--------+----------+-------------------------------------------------------------------------------------+
; mode_switch ; Output ; Info     ; Connected to dangling logic. Logic that only feeds a dangling port will be removed. ;
+-------------+--------+----------+-------------------------------------------------------------------------------------+


+-----------------------------------------------------+
; Post-Synthesis Netlist Statistics for Top Partition ;
+-----------------------+-----------------------------+
; Type                  ; Count                       ;
+-----------------------+-----------------------------+
; boundary_port         ; 24                          ;
; cycloneiii_ff         ; 189                         ;
;     CLR               ; 96                          ;
;     CLR SCLR          ; 42                          ;
;     ENA CLR           ; 37                          ;
;     ENA CLR SCLR      ; 14                          ;
; cycloneiii_lcell_comb ; 1054                        ;
;     arith             ; 116                         ;
;         2 data inputs ; 87                          ;
;         3 data inputs ; 29                          ;
;     normal            ; 938                         ;
;         0 data inputs ; 2                           ;
;         1 data inputs ; 27                          ;
;         2 data inputs ; 53                          ;
;         3 data inputs ; 86                          ;
;         4 data inputs ; 770                         ;
;                       ;                             ;
; Max LUT depth         ; 11.80                       ;
; Average LUT depth     ; 5.48                        ;
+-----------------------+-----------------------------+


+-------------------------------+
; Elapsed Time Per Partition    ;
+----------------+--------------+
; Partition Name ; Elapsed Time ;
+----------------+--------------+
; Top            ; 00:00:03     ;
+----------------+--------------+


+-------------------------------+
; Analysis & Synthesis Messages ;
+-------------------------------+
Info: *******************************************************************
Info: Running Quartus Prime Analysis & Synthesis
    Info: Version 18.1.0 Build 625 09/12/2018 SJ Lite Edition
    Info: Processing started: Wed May 28 10:50:54 2025
Info: Command: quartus_map --read_settings_files=on --write_settings_files=off Electric_Piano -c Electric_Piano
Warning (18236): Number of processors has not been specified which may cause overloading on shared machines.  Set the global assignment NUM_PARALLEL_PROCESSORS in your QSF to an appropriate value for best performance.
Info (20030): Parallel compilation is enabled and will use 14 of the 14 processors detected
Warning (12019): Can't analyze file -- file Electric_Piano.v is missing
Info (12021): Found 1 design units, including 1 entities, in source file array_keyboard.v
    Info (12023): Found entity 1: Array_KeyBoard File: D:/Quartus_Project/Electric_Piano/Array_KeyBoard.v Line: 4
Warning (12019): Can't analyze file -- file Beeper.v is missing
Info (12021): Found 1 design units, including 1 entities, in source file advanced_electric_piano.v
    Info (12023): Found entity 1: Advanced_Electric_Piano File: D:/Quartus_Project/Electric_Piano/Advanced_Electric_Piano.v Line: 5
Info (12021): Found 1 design units, including 1 entities, in source file mode_controller.v
    Info (12023): Found entity 1: Mode_Controller File: D:/Quartus_Project/Electric_Piano/Mode_Controller.v Line: 7
Warning (10229): Verilog HDL Expression warning at Music_Player.v(34): truncated literal to match 16 bits File: D:/Quartus_Project/Electric_Piano/Music_Player.v Line: 34
Warning (10229): Verilog HDL Expression warning at Music_Player.v(35): truncated literal to match 16 bits File: D:/Quartus_Project/Electric_Piano/Music_Player.v Line: 35
Warning (10229): Verilog HDL Expression warning at Music_Player.v(36): truncated literal to match 16 bits File: D:/Quartus_Project/Electric_Piano/Music_Player.v Line: 36
Warning (10229): Verilog HDL Expression warning at Music_Player.v(37): truncated literal to match 16 bits File: D:/Quartus_Project/Electric_Piano/Music_Player.v Line: 37
Info (12021): Found 1 design units, including 1 entities, in source file music_player.v
    Info (12023): Found entity 1: Music_Player File: D:/Quartus_Project/Electric_Piano/Music_Player.v Line: 6
Info (12021): Found 1 design units, including 1 entities, in source file advanced_beeper.v
    Info (12023): Found entity 1: Advanced_Beeper File: D:/Quartus_Project/Electric_Piano/Advanced_Beeper.v Line: 4
Info (12021): Found 1 design units, including 1 entities, in source file pwm.v
    Info (12023): Found entity 1: PWM File: D:/Quartus_Project/Electric_Piano/PWM.v Line: 4
Info (12021): Found 1 design units, including 1 entities, in source file tone.v
    Info (12023): Found entity 1: tone File: D:/Quartus_Project/Electric_Piano/tone.v Line: 5
Info (12127): Elaborating entity "Advanced_Electric_Piano" for the top level hierarchy
Info (12128): Elaborating entity "Array_KeyBoard" for hierarchy "Array_KeyBoard:u_keyboard" File: D:/Quartus_Project/Electric_Piano/Advanced_Electric_Piano.v Line: 32
Info (12128): Elaborating entity "Mode_Controller" for hierarchy "Mode_Controller:u_mode_ctrl" File: D:/Quartus_Project/Electric_Piano/Advanced_Electric_Piano.v Line: 44
Info (12128): Elaborating entity "Music_Player" for hierarchy "Music_Player:u_music_player" File: D:/Quartus_Project/Electric_Piano/Advanced_Electric_Piano.v Line: 54
Info (10264): Verilog HDL Case Statement information at Music_Player.v(109): all case item expressions in this case statement are onehot File: D:/Quartus_Project/Electric_Piano/Music_Player.v Line: 109
Info (12128): Elaborating entity "Advanced_Beeper" for hierarchy "Advanced_Beeper:u_beeper" File: D:/Quartus_Project/Electric_Piano/Advanced_Electric_Piano.v Line: 64
Info (12128): Elaborating entity "tone" for hierarchy "Advanced_Beeper:u_beeper|tone:u_tone" File: D:/Quartus_Project/Electric_Piano/Advanced_Beeper.v Line: 20
Info (10264): Verilog HDL Case Statement information at tone.v(13): all case item expressions in this case statement are onehot File: D:/Quartus_Project/Electric_Piano/tone.v Line: 13
Info (12128): Elaborating entity "PWM" for hierarchy "Advanced_Beeper:u_beeper|PWM:u_pwm" File: D:/Quartus_Project/Electric_Piano/Advanced_Beeper.v Line: 36
Info (276014): Found 16 instances of uninferred RAM logic
    Info (276013): RAM logic "Music_Player:u_music_player|Ram0" is uninferred because MIF is not supported for the selected family File: D:/Quartus_Project/Electric_Piano/Music_Player.v Line: 165
    Info (276013): RAM logic "Music_Player:u_music_player|Ram1" is uninferred because MIF is not supported for the selected family File: D:/Quartus_Project/Electric_Piano/Music_Player.v Line: 236
    Info (276013): RAM logic "Music_Player:u_music_player|Ram2" is uninferred because MIF is not supported for the selected family File: D:/Quartus_Project/Electric_Piano/Music_Player.v Line: 274
    Info (276013): RAM logic "Music_Player:u_music_player|Ram3" is uninferred because MIF is not supported for the selected family File: D:/Quartus_Project/Electric_Piano/Music_Player.v Line: 312
    Info (276013): RAM logic "Music_Player:u_music_player|Ram4" is uninferred because MIF is not supported for the selected family File: D:/Quartus_Project/Electric_Piano/Music_Player.v Line: 349
    Info (276013): RAM logic "Music_Player:u_music_player|Ram5" is uninferred because MIF is not supported for the selected family File: D:/Quartus_Project/Electric_Piano/Music_Player.v Line: 386
    Info (276013): RAM logic "Music_Player:u_music_player|Ram6" is uninferred because MIF is not supported for the selected family File: D:/Quartus_Project/Electric_Piano/Music_Player.v Line: 423
    Info (276013): RAM logic "Music_Player:u_music_player|Ram7" is uninferred because MIF is not supported for the selected family File: D:/Quartus_Project/Electric_Piano/Music_Player.v Line: 460
    Info (276013): RAM logic "Music_Player:u_music_player|Ram8" is uninferred because MIF is not supported for the selected family File: D:/Quartus_Project/Electric_Piano/Music_Player.v Line: 497
    Info (276013): RAM logic "Music_Player:u_music_player|Ram9" is uninferred because MIF is not supported for the selected family File: D:/Quartus_Project/Electric_Piano/Music_Player.v Line: 534
    Info (276013): RAM logic "Music_Player:u_music_player|Ram10" is uninferred because MIF is not supported for the selected family File: D:/Quartus_Project/Electric_Piano/Music_Player.v Line: 571
    Info (276013): RAM logic "Music_Player:u_music_player|Ram11" is uninferred because MIF is not supported for the selected family File: D:/Quartus_Project/Electric_Piano/Music_Player.v Line: 608
    Info (276013): RAM logic "Music_Player:u_music_player|Ram12" is uninferred because MIF is not supported for the selected family File: D:/Quartus_Project/Electric_Piano/Music_Player.v Line: 645
    Info (276013): RAM logic "Music_Player:u_music_player|Ram13" is uninferred because MIF is not supported for the selected family File: D:/Quartus_Project/Electric_Piano/Music_Player.v Line: 682
    Info (276013): RAM logic "Music_Player:u_music_player|Ram14" is uninferred because MIF is not supported for the selected family File: D:/Quartus_Project/Electric_Piano/Music_Player.v Line: 719
    Info (276013): RAM logic "Music_Player:u_music_player|Ram15" is uninferred because MIF is not supported for the selected family File: D:/Quartus_Project/Electric_Piano/Music_Player.v Line: 756
Info (13000): Registers with preset signals will power-up high File: D:/Quartus_Project/Electric_Piano/Array_KeyBoard.v Line: 36
Info (13003): DEV_CLRn pin will set, and not reset, register with preset signal due to NOT Gate Push-Back
Warning (13024): Output pins are stuck at VCC or GND
    Warning (13410): Pin "led_display[2]" is stuck at VCC File: D:/Quartus_Project/Electric_Piano/Advanced_Electric_Piano.v Line: 12
    Warning (13410): Pin "led_display[3]" is stuck at VCC File: D:/Quartus_Project/Electric_Piano/Advanced_Electric_Piano.v Line: 12
    Warning (13410): Pin "led_display[4]" is stuck at VCC File: D:/Quartus_Project/Electric_Piano/Advanced_Electric_Piano.v Line: 12
    Warning (13410): Pin "led_display[5]" is stuck at VCC File: D:/Quartus_Project/Electric_Piano/Advanced_Electric_Piano.v Line: 12
    Warning (13410): Pin "led_display[6]" is stuck at VCC File: D:/Quartus_Project/Electric_Piano/Advanced_Electric_Piano.v Line: 12
    Warning (13410): Pin "led_display[7]" is stuck at VCC File: D:/Quartus_Project/Electric_Piano/Advanced_Electric_Piano.v Line: 12
    Warning (13410): Pin "mode_indicator[2]" is stuck at VCC File: D:/Quartus_Project/Electric_Piano/Advanced_Electric_Piano.v Line: 14
    Warning (13410): Pin "mode_indicator[3]" is stuck at VCC File: D:/Quartus_Project/Electric_Piano/Advanced_Electric_Piano.v Line: 14
Info (286030): Timing-Driven Synthesis is running
Info (17049): 6 registers lost all their fanouts during netlist optimizations.
Info (144001): Generated suppressed messages file D:/Quartus_Project/Electric_Piano/output_files/Electric_Piano.map.smsg
Info (16010): Generating hard_block partition "hard_block:auto_generated_inst"
    Info (16011): Adding 0 node(s), including 0 DDIO, 0 PLL, 0 transceiver and 0 LCELL
Info (21057): Implemented 1121 device resources after synthesis - the final resource count might be different
    Info (21058): Implemented 7 input pins
    Info (21059): Implemented 17 output pins
    Info (21061): Implemented 1097 logic cells
Info: Quartus Prime Analysis & Synthesis was successful. 0 errors, 16 warnings
    Info: Peak virtual memory: 4849 megabytes
    Info: Processing ended: Wed May 28 10:51:04 2025
    Info: Elapsed time: 00:00:10
    Info: Total CPU time (on all processors): 00:00:17


+------------------------------------------+
; Analysis & Synthesis Suppressed Messages ;
+------------------------------------------+
The suppressed messages can be found in D:/Quartus_Project/Electric_Piano/output_files/Electric_Piano.map.smsg.


