Timing Analyzer report for Electric_Piano
Wed May 28 10:51:17 2025
Quartus Prime Version 18.1.0 Build 625 09/12/2018 SJ Lite Edition


---------------------
; Table of Contents ;
---------------------
  1. Legal Notice
  2. Timing Analyzer Summary
  3. Parallel Compilation
  4. SDC File List
  5. Clocks
  6. Slow 1200mV 85C Model Fmax Summary
  7. Slow 1200mV 85C Model Setup Summary
  8. Slow 1200mV 85C Model Hold Summary
  9. Slow 1200mV 85C Model Recovery Summary
 10. Slow 1200mV 85C Model Removal Summary
 11. Slow 1200mV 85C Model Minimum Pulse Width Summary
 12. Slow 1200mV 85C Model Metastability Summary
 13. Slow 1200mV 0C Model Fmax Summary
 14. Slow 1200mV 0C Model Setup Summary
 15. Slow 1200mV 0C Model Hold Summary
 16. Slow 1200mV 0C Model Recovery Summary
 17. Slow 1200mV 0C Model Removal Summary
 18. Slow 1200mV 0C Model Minimum Pulse Width Summary
 19. Slow 1200mV 0C Model Metastability Summary
 20. Fast 1200mV 0C Model Setup Summary
 21. Fast 1200mV 0C Model Hold Summary
 22. Fast 1200mV 0C Model Recovery Summary
 23. Fast 1200mV 0C Model Removal Summary
 24. Fast 1200mV 0C Model Minimum Pulse Width Summary
 25. Fast 1200mV 0C Model Metastability Summary
 26. Multicorner Timing Analysis Summary
 27. Board Trace Model Assignments
 28. Input Transition Times
 29. Signal Integrity Metrics (Slow 1200mv 0c Model)
 30. Signal Integrity Metrics (Slow 1200mv 85c Model)
 31. Signal Integrity Metrics (Fast 1200mv 0c Model)
 32. Setup Transfers
 33. Hold Transfers
 34. Recovery Transfers
 35. Removal Transfers
 36. Report TCCS
 37. Report RSKM
 38. Unconstrained Paths Summary
 39. Clock Status Summary
 40. Timing Analyzer Messages



----------------
; Legal Notice ;
----------------
Copyright (C) 2018  Intel Corporation. All rights reserved.
Your use of Intel Corporation's design tools, logic functions 
and other software and tools, and its AMPP partner logic 
functions, and any output files from any of the foregoing 
(including device programming or simulation files), and any 
associated documentation or information are expressly subject 
to the terms and conditions of the Intel Program License 
Subscription Agreement, the Intel Quartus Prime License Agreement,
the Intel FPGA IP License Agreement, or other applicable license
agreement, including, without limitation, that your use is for
the sole purpose of programming logic devices manufactured by
Intel and sold by Intel or its authorized distributors.  Please
refer to the applicable agreement for further details.



+-----------------------------------------------------------------------------+
; Timing Analyzer Summary                                                     ;
+-----------------------+-----------------------------------------------------+
; Quartus Prime Version ; Version 18.1.0 Build 625 09/12/2018 SJ Lite Edition ;
; Timing Analyzer       ; Legacy Timing Analyzer                              ;
; Revision Name         ; Electric_Piano                                      ;
; Device Family         ; MAX 10                                              ;
; Device Name           ; 10M08SAM153C8G                                      ;
; Timing Models         ; Final                                               ;
; Delay Model           ; Combined                                            ;
; Rise/Fall Delays      ; Enabled                                             ;
+-----------------------+-----------------------------------------------------+


+------------------------------------------+
; Parallel Compilation                     ;
+----------------------------+-------------+
; Processors                 ; Number      ;
+----------------------------+-------------+
; Number detected on machine ; 20          ;
; Maximum allowed            ; 14          ;
;                            ;             ;
; Average used               ; 1.71        ;
; Maximum used               ; 14          ;
;                            ;             ;
; Usage by Processor         ; % Time Used ;
;     Processor 1            ; 100.0%      ;
;     Processor 2            ;   5.8%      ;
;     Processor 3            ;   5.5%      ;
;     Processors 4-14        ;   5.5%      ;
+----------------------------+-------------+


+--------------------------------------------------------+
; SDC File List                                          ;
+--------------------+--------+--------------------------+
; SDC File Path      ; Status ; Read at                  ;
+--------------------+--------+--------------------------+
; Electric_Piano.sdc ; OK     ; Wed May 28 10:51:16 2025 ;
+--------------------+--------+--------------------------+


+---------------------------------------------------------------------------------------------------------------------------------------------------------------------------------+
; Clocks                                                                                                                                                                          ;
+------------+------+--------+-----------+-------+--------+------------+-----------+-------------+-------+--------+-----------+------------+----------+--------+--------+---------+
; Clock Name ; Type ; Period ; Frequency ; Rise  ; Fall   ; Duty Cycle ; Divide by ; Multiply by ; Phase ; Offset ; Edge List ; Edge Shift ; Inverted ; Master ; Source ; Targets ;
+------------+------+--------+-----------+-------+--------+------------+-----------+-------------+-------+--------+-----------+------------+----------+--------+--------+---------+
; clk        ; Base ; 20.000 ; 50.0 MHz  ; 0.000 ; 10.000 ;            ;           ;             ;       ;        ;           ;            ;          ;        ;        ; { clk } ;
+------------+------+--------+-----------+-------+--------+------------+-----------+-------------+-------+--------+-----------+------------+----------+--------+--------+---------+


+-------------------------------------------------+
; Slow 1200mV 85C Model Fmax Summary              ;
+-----------+-----------------+------------+------+
; Fmax      ; Restricted Fmax ; Clock Name ; Note ;
+-----------+-----------------+------------+------+
; 66.97 MHz ; 66.97 MHz       ; clk        ;      ;
+-----------+-----------------+------------+------+
This panel reports FMAX for every clock in the design, regardless of the user-specified clock periods.  FMAX is only computed for paths where the source and destination registers or ports are driven by the same clock.  Paths of different clocks, including generated clocks, are ignored.  For paths between a clock and its inversion, FMAX is computed as if the rising and falling edges are scaled along with FMAX, such that the duty cycle (in terms of a percentage) is maintained. Altera recommends that you always use clock constraints and other slack reports for sign-off analysis.


+-------------------------------------+
; Slow 1200mV 85C Model Setup Summary ;
+-------+-------+---------------------+
; Clock ; Slack ; End Point TNS       ;
+-------+-------+---------------------+
; clk   ; 5.068 ; 0.000               ;
+-------+-------+---------------------+


+------------------------------------+
; Slow 1200mV 85C Model Hold Summary ;
+-------+-------+--------------------+
; Clock ; Slack ; End Point TNS      ;
+-------+-------+--------------------+
; clk   ; 0.362 ; 0.000              ;
+-------+-------+--------------------+


------------------------------------------
; Slow 1200mV 85C Model Recovery Summary ;
------------------------------------------
No paths to report.


-----------------------------------------
; Slow 1200mV 85C Model Removal Summary ;
-----------------------------------------
No paths to report.


+---------------------------------------------------+
; Slow 1200mV 85C Model Minimum Pulse Width Summary ;
+-------+-------+-----------------------------------+
; Clock ; Slack ; End Point TNS                     ;
+-------+-------+-----------------------------------+
; clk   ; 9.733 ; 0.000                             ;
+-------+-------+-----------------------------------+


-----------------------------------------------
; Slow 1200mV 85C Model Metastability Summary ;
-----------------------------------------------
No synchronizer chains to report.


+-------------------------------------------------+
; Slow 1200mV 0C Model Fmax Summary               ;
+-----------+-----------------+------------+------+
; Fmax      ; Restricted Fmax ; Clock Name ; Note ;
+-----------+-----------------+------------+------+
; 71.48 MHz ; 71.48 MHz       ; clk        ;      ;
+-----------+-----------------+------------+------+
This panel reports FMAX for every clock in the design, regardless of the user-specified clock periods.  FMAX is only computed for paths where the source and destination registers or ports are driven by the same clock.  Paths of different clocks, including generated clocks, are ignored.  For paths between a clock and its inversion, FMAX is computed as if the rising and falling edges are scaled along with FMAX, such that the duty cycle (in terms of a percentage) is maintained. Altera recommends that you always use clock constraints and other slack reports for sign-off analysis.


+------------------------------------+
; Slow 1200mV 0C Model Setup Summary ;
+-------+-------+--------------------+
; Clock ; Slack ; End Point TNS      ;
+-------+-------+--------------------+
; clk   ; 6.010 ; 0.000              ;
+-------+-------+--------------------+


+-----------------------------------+
; Slow 1200mV 0C Model Hold Summary ;
+-------+-------+-------------------+
; Clock ; Slack ; End Point TNS     ;
+-------+-------+-------------------+
; clk   ; 0.324 ; 0.000             ;
+-------+-------+-------------------+


-----------------------------------------
; Slow 1200mV 0C Model Recovery Summary ;
-----------------------------------------
No paths to report.


----------------------------------------
; Slow 1200mV 0C Model Removal Summary ;
----------------------------------------
No paths to report.


+--------------------------------------------------+
; Slow 1200mV 0C Model Minimum Pulse Width Summary ;
+-------+-------+----------------------------------+
; Clock ; Slack ; End Point TNS                    ;
+-------+-------+----------------------------------+
; clk   ; 9.745 ; 0.000                            ;
+-------+-------+----------------------------------+


----------------------------------------------
; Slow 1200mV 0C Model Metastability Summary ;
----------------------------------------------
No synchronizer chains to report.


+------------------------------------+
; Fast 1200mV 0C Model Setup Summary ;
+-------+--------+-------------------+
; Clock ; Slack  ; End Point TNS     ;
+-------+--------+-------------------+
; clk   ; 14.354 ; 0.000             ;
+-------+--------+-------------------+


+-----------------------------------+
; Fast 1200mV 0C Model Hold Summary ;
+-------+-------+-------------------+
; Clock ; Slack ; End Point TNS     ;
+-------+-------+-------------------+
; clk   ; 0.151 ; 0.000             ;
+-------+-------+-------------------+


-----------------------------------------
; Fast 1200mV 0C Model Recovery Summary ;
-----------------------------------------
No paths to report.


----------------------------------------
; Fast 1200mV 0C Model Removal Summary ;
----------------------------------------
No paths to report.


+--------------------------------------------------+
; Fast 1200mV 0C Model Minimum Pulse Width Summary ;
+-------+-------+----------------------------------+
; Clock ; Slack ; End Point TNS                    ;
+-------+-------+----------------------------------+
; clk   ; 9.330 ; 0.000                            ;
+-------+-------+----------------------------------+


----------------------------------------------
; Fast 1200mV 0C Model Metastability Summary ;
----------------------------------------------
No synchronizer chains to report.


+-----------------------------------------------------------------------------+
; Multicorner Timing Analysis Summary                                         ;
+------------------+-------+-------+----------+---------+---------------------+
; Clock            ; Setup ; Hold  ; Recovery ; Removal ; Minimum Pulse Width ;
+------------------+-------+-------+----------+---------+---------------------+
; Worst-case Slack ; 5.068 ; 0.151 ; N/A      ; N/A     ; 9.330               ;
;  clk             ; 5.068 ; 0.151 ; N/A      ; N/A     ; 9.330               ;
; Design-wide TNS  ; 0.0   ; 0.0   ; 0.0      ; 0.0     ; 0.0                 ;
;  clk             ; 0.000 ; 0.000 ; N/A      ; N/A     ; 0.000               ;
+------------------+-------+-------+----------+---------+---------------------+


+----------------------------------------------------------------------------------------------------------------------------------------------------------------------------------------------------------------------------------------------------------------------------------------------------------------------------------------------------------------------------------------------------------------------+
; Board Trace Model Assignments                                                                                                                                                                                                                                                                                                                                                                                        ;
+-------------------+--------------+-------------------+-------------------------+-------------------------+---------------+---------------------+----------------+------------------+--------+------------------+------------------------+------------------------+--------------+---------------+-----------------+-------+---------------------+--------------------+---------------+-----------------+-------------+
; Pin               ; I/O Standard ; Near Tline Length ; Near Tline L per Length ; Near Tline C per Length ; Near Series R ; Near Differential R ; Near Pull-up R ; Near Pull-down R ; Near C ; Far Tline Length ; Far Tline L per Length ; Far Tline C per Length ; Far Series R ; Far Pull-up R ; Far Pull-down R ; Far C ; Termination Voltage ; Far Differential R ; EBD File Name ; EBD Signal Name ; EBD Far-end ;
+-------------------+--------------+-------------------+-------------------------+-------------------------+---------------+---------------------+----------------+------------------+--------+------------------+------------------------+------------------------+--------------+---------------+-----------------+-------+---------------------+--------------------+---------------+-----------------+-------------+
; row[0]            ; 3.3-V LVCMOS ; 0 in              ; 0 H/in                  ; 0 F/in                  ; short         ; -                   ; open           ; open             ; open   ; 0 in             ; 0 H/in                 ; 0 F/in                 ; short        ; open          ; open            ; open  ; 0 V                 ; -                  ; n/a           ; n/a             ; n/a         ;
; row[1]            ; 3.3-V LVCMOS ; 0 in              ; 0 H/in                  ; 0 F/in                  ; short         ; -                   ; open           ; open             ; open   ; 0 in             ; 0 H/in                 ; 0 F/in                 ; short        ; open          ; open            ; open  ; 0 V                 ; -                  ; n/a           ; n/a             ; n/a         ;
; row[2]            ; 3.3-V LVCMOS ; 0 in              ; 0 H/in                  ; 0 F/in                  ; short         ; -                   ; open           ; open             ; open   ; 0 in             ; 0 H/in                 ; 0 F/in                 ; short        ; open          ; open            ; open  ; 0 V                 ; -                  ; n/a           ; n/a             ; n/a         ;
; row[3]            ; 3.3-V LVCMOS ; 0 in              ; 0 H/in                  ; 0 F/in                  ; short         ; -                   ; open           ; open             ; open   ; 0 in             ; 0 H/in                 ; 0 F/in                 ; short        ; open          ; open            ; open  ; 0 V                 ; -                  ; n/a           ; n/a             ; n/a         ;
; beeper            ; 3.3-V LVCMOS ; 0 in              ; 0 H/in                  ; 0 F/in                  ; short         ; -                   ; open           ; open             ; open   ; 0 in             ; 0 H/in                 ; 0 F/in                 ; short        ; open          ; open            ; open  ; 0 V                 ; -                  ; n/a           ; n/a             ; n/a         ;
; led_display[0]    ; 3.3-V LVCMOS ; 0 in              ; 0 H/in                  ; 0 F/in                  ; short         ; -                   ; open           ; open             ; open   ; 0 in             ; 0 H/in                 ; 0 F/in                 ; short        ; open          ; open            ; open  ; 0 V                 ; -                  ; n/a           ; n/a             ; n/a         ;
; led_display[1]    ; 3.3-V LVCMOS ; 0 in              ; 0 H/in                  ; 0 F/in                  ; short         ; -                   ; open           ; open             ; open   ; 0 in             ; 0 H/in                 ; 0 F/in                 ; short        ; open          ; open            ; open  ; 0 V                 ; -                  ; n/a           ; n/a             ; n/a         ;
; led_display[2]    ; 3.3-V LVCMOS ; 0 in              ; 0 H/in                  ; 0 F/in                  ; short         ; -                   ; open           ; open             ; open   ; 0 in             ; 0 H/in                 ; 0 F/in                 ; short        ; open          ; open            ; open  ; 0 V                 ; -                  ; n/a           ; n/a             ; n/a         ;
; led_display[3]    ; 3.3-V LVCMOS ; 0 in              ; 0 H/in                  ; 0 F/in                  ; short         ; -                   ; open           ; open             ; open   ; 0 in             ; 0 H/in                 ; 0 F/in                 ; short        ; open          ; open            ; open  ; 0 V                 ; -                  ; n/a           ; n/a             ; n/a         ;
; led_display[4]    ; 3.3-V LVCMOS ; 0 in              ; 0 H/in                  ; 0 F/in                  ; short         ; -                   ; open           ; open             ; open   ; 0 in             ; 0 H/in                 ; 0 F/in                 ; short        ; open          ; open            ; open  ; 0 V                 ; -                  ; n/a           ; n/a             ; n/a         ;
; led_display[5]    ; 3.3-V LVCMOS ; 0 in              ; 0 H/in                  ; 0 F/in                  ; short         ; -                   ; open           ; open             ; open   ; 0 in             ; 0 H/in                 ; 0 F/in                 ; short        ; open          ; open            ; open  ; 0 V                 ; -                  ; n/a           ; n/a             ; n/a         ;
; led_display[6]    ; 3.3-V LVCMOS ; 0 in              ; 0 H/in                  ; 0 F/in                  ; short         ; -                   ; open           ; open             ; open   ; 0 in             ; 0 H/in                 ; 0 F/in                 ; short        ; open          ; open            ; open  ; 0 V                 ; -                  ; n/a           ; n/a             ; n/a         ;
; led_display[7]    ; 3.3-V LVCMOS ; 0 in              ; 0 H/in                  ; 0 F/in                  ; short         ; -                   ; open           ; open             ; open   ; 0 in             ; 0 H/in                 ; 0 F/in                 ; short        ; open          ; open            ; open  ; 0 V                 ; -                  ; n/a           ; n/a             ; n/a         ;
; mode_indicator[0] ; 3.3-V LVCMOS ; 0 in              ; 0 H/in                  ; 0 F/in                  ; short         ; -                   ; open           ; open             ; open   ; 0 in             ; 0 H/in                 ; 0 F/in                 ; short        ; open          ; open            ; open  ; 0 V                 ; -                  ; n/a           ; n/a             ; n/a         ;
; mode_indicator[1] ; 3.3-V LVCMOS ; 0 in              ; 0 H/in                  ; 0 F/in                  ; short         ; -                   ; open           ; open             ; open   ; 0 in             ; 0 H/in                 ; 0 F/in                 ; short        ; open          ; open            ; open  ; 0 V                 ; -                  ; n/a           ; n/a             ; n/a         ;
; mode_indicator[2] ; 3.3-V LVCMOS ; 0 in              ; 0 H/in                  ; 0 F/in                  ; short         ; -                   ; open           ; open             ; open   ; 0 in             ; 0 H/in                 ; 0 F/in                 ; short        ; open          ; open            ; open  ; 0 V                 ; -                  ; n/a           ; n/a             ; n/a         ;
; mode_indicator[3] ; 3.3-V LVCMOS ; 0 in              ; 0 H/in                  ; 0 F/in                  ; short         ; -                   ; open           ; open             ; open   ; 0 in             ; 0 H/in                 ; 0 F/in                 ; short        ; open          ; open            ; open  ; 0 V                 ; -                  ; n/a           ; n/a             ; n/a         ;
; ~ALTERA_TDO~      ; 3.3-V LVCMOS ; 0 in              ; 0 H/in                  ; 0 F/in                  ; short         ; -                   ; open           ; open             ; open   ; 0 in             ; 0 H/in                 ; 0 F/in                 ; short        ; open          ; open            ; open  ; 0 V                 ; -                  ; n/a           ; n/a             ; n/a         ;
+-------------------+--------------+-------------------+-------------------------+-------------------------+---------------+---------------------+----------------+------------------+--------+------------------+------------------------+------------------------+--------------+---------------+-----------------+-------+---------------------+--------------------+---------------+-----------------+-------------+


+---------------------------------------------------------------------------------+
; Input Transition Times                                                          ;
+---------------------+-----------------------+-----------------+-----------------+
; Pin                 ; I/O Standard          ; 10-90 Rise Time ; 90-10 Fall Time ;
+---------------------+-----------------------+-----------------+-----------------+
; clk                 ; 3.3-V LVCMOS          ; 2640 ps         ; 2640 ps         ;
; rst_n               ; 3.3-V LVCMOS          ; 2640 ps         ; 2640 ps         ;
; key1                ; 3.3-V LVCMOS          ; 2640 ps         ; 2640 ps         ;
; col[2]              ; 3.3-V LVCMOS          ; 2640 ps         ; 2640 ps         ;
; col[0]              ; 3.3-V LVCMOS          ; 2640 ps         ; 2640 ps         ;
; col[1]              ; 3.3-V LVCMOS          ; 2640 ps         ; 2640 ps         ;
; col[3]              ; 3.3-V LVCMOS          ; 2640 ps         ; 2640 ps         ;
; ~ALTERA_TMS~        ; 3.3 V Schmitt Trigger ; 2640 ps         ; 2640 ps         ;
; ~ALTERA_TCK~        ; 3.3 V Schmitt Trigger ; 2640 ps         ; 2640 ps         ;
; ~ALTERA_TDI~        ; 3.3 V Schmitt Trigger ; 2640 ps         ; 2640 ps         ;
; ~ALTERA_CONFIG_SEL~ ; 3.3-V LVCMOS          ; 2640 ps         ; 2640 ps         ;
; ~ALTERA_nCONFIG~    ; 3.3 V Schmitt Trigger ; 2640 ps         ; 2640 ps         ;
; ~ALTERA_nSTATUS~    ; 3.3 V Schmitt Trigger ; 2640 ps         ; 2640 ps         ;
; ~ALTERA_CONF_DONE~  ; 3.3 V Schmitt Trigger ; 2640 ps         ; 2640 ps         ;
+---------------------+-----------------------+-----------------+-----------------+


+------------------------------------------------------------------------------------------------------------------------------------------------------------------------------------------------------------------------------------------------------------------------------------------------------------------------------------------------------------------------------------------------------------------------------------------------------------------------------------------------------------------------------------------------------------------------------------------------------------------------------------------------------------------------------------------------+
; Signal Integrity Metrics (Slow 1200mv 0c Model)                                                                                                                                                                                                                                                                                                                                                                                                                                                                                                                                                                                                                                                ;
+-------------------+--------------+---------------------+---------------------+------------------------------+------------------------------+---------------------+---------------------+--------------------------------------+--------------------------------------+-----------------------------+-----------------------------+----------------------------+----------------------------+-----------------------------+-----------------------------+--------------------+--------------------+-------------------------------------+-------------------------------------+----------------------------+----------------------------+---------------------------+---------------------------+
; Pin               ; I/O Standard ; Board Delay on Rise ; Board Delay on Fall ; Steady State Voh at FPGA Pin ; Steady State Vol at FPGA Pin ; Voh Max at FPGA Pin ; Vol Min at FPGA Pin ; Ringback Voltage on Rise at FPGA Pin ; Ringback Voltage on Fall at FPGA Pin ; 10-90 Rise Time at FPGA Pin ; 90-10 Fall Time at FPGA Pin ; Monotonic Rise at FPGA Pin ; Monotonic Fall at FPGA Pin ; Steady State Voh at Far-end ; Steady State Vol at Far-end ; Voh Max at Far-end ; Vol Min at Far-end ; Ringback Voltage on Rise at Far-end ; Ringback Voltage on Fall at Far-end ; 10-90 Rise Time at Far-end ; 90-10 Fall Time at Far-end ; Monotonic Rise at Far-end ; Monotonic Fall at Far-end ;
+-------------------+--------------+---------------------+---------------------+------------------------------+------------------------------+---------------------+---------------------+--------------------------------------+--------------------------------------+-----------------------------+-----------------------------+----------------------------+----------------------------+-----------------------------+-----------------------------+--------------------+--------------------+-------------------------------------+-------------------------------------+----------------------------+----------------------------+---------------------------+---------------------------+
; row[0]            ; 3.3-V LVCMOS ; 0 s                 ; 0 s                 ; 3.08 V                       ; 3.68e-08 V                   ; 3.12 V              ; -0.0463 V           ; 0.208 V                              ; 0.277 V                              ; 8.5e-10 s                   ; 8.53e-10 s                  ; No                         ; No                         ; 3.08 V                      ; 3.68e-08 V                  ; 3.12 V             ; -0.0463 V          ; 0.208 V                             ; 0.277 V                             ; 8.5e-10 s                  ; 8.53e-10 s                 ; No                        ; No                        ;
; row[1]            ; 3.3-V LVCMOS ; 0 s                 ; 0 s                 ; 3.08 V                       ; 3.68e-08 V                   ; 3.12 V              ; -0.0464 V           ; 0.207 V                              ; 0.276 V                              ; 8.51e-10 s                  ; 8.52e-10 s                  ; No                         ; No                         ; 3.08 V                      ; 3.68e-08 V                  ; 3.12 V             ; -0.0464 V          ; 0.207 V                             ; 0.276 V                             ; 8.51e-10 s                 ; 8.52e-10 s                 ; No                        ; No                        ;
; row[2]            ; 3.3-V LVCMOS ; 0 s                 ; 0 s                 ; 3.08 V                       ; 3.68e-08 V                   ; 3.12 V              ; -0.0411 V           ; 0.283 V                              ; 0.209 V                              ; 9e-10 s                     ; 1.03e-09 s                  ; No                         ; No                         ; 3.08 V                      ; 3.68e-08 V                  ; 3.12 V             ; -0.0411 V          ; 0.283 V                             ; 0.209 V                             ; 9e-10 s                    ; 1.03e-09 s                 ; No                        ; No                        ;
; row[3]            ; 3.3-V LVCMOS ; 0 s                 ; 0 s                 ; 3.08 V                       ; 3.68e-08 V                   ; 3.12 V              ; -0.0463 V           ; 0.208 V                              ; 0.277 V                              ; 8.5e-10 s                   ; 8.53e-10 s                  ; No                         ; No                         ; 3.08 V                      ; 3.68e-08 V                  ; 3.12 V             ; -0.0463 V          ; 0.208 V                             ; 0.277 V                             ; 8.5e-10 s                  ; 8.53e-10 s                 ; No                        ; No                        ;
; beeper            ; 3.3-V LVCMOS ; 0 s                 ; 0 s                 ; 3.08 V                       ; 3.68e-08 V                   ; 3.12 V              ; -0.0463 V           ; 0.208 V                              ; 0.277 V                              ; 8.5e-10 s                   ; 8.53e-10 s                  ; No                         ; No                         ; 3.08 V                      ; 3.68e-08 V                  ; 3.12 V             ; -0.0463 V          ; 0.208 V                             ; 0.277 V                             ; 8.5e-10 s                  ; 8.53e-10 s                 ; No                        ; No                        ;
; led_display[0]    ; 3.3-V LVCMOS ; 0 s                 ; 0 s                 ; 3.08 V                       ; 3.68e-08 V                   ; 3.12 V              ; -0.0464 V           ; 0.207 V                              ; 0.276 V                              ; 8.51e-10 s                  ; 8.52e-10 s                  ; No                         ; No                         ; 3.08 V                      ; 3.68e-08 V                  ; 3.12 V             ; -0.0464 V          ; 0.207 V                             ; 0.276 V                             ; 8.51e-10 s                 ; 8.52e-10 s                 ; No                        ; No                        ;
; led_display[1]    ; 3.3-V LVCMOS ; 0 s                 ; 0 s                 ; 3.08 V                       ; 3.68e-08 V                   ; 3.12 V              ; -0.0463 V           ; 0.208 V                              ; 0.277 V                              ; 8.5e-10 s                   ; 8.53e-10 s                  ; No                         ; No                         ; 3.08 V                      ; 3.68e-08 V                  ; 3.12 V             ; -0.0463 V          ; 0.208 V                             ; 0.277 V                             ; 8.5e-10 s                  ; 8.53e-10 s                 ; No                        ; No                        ;
; led_display[2]    ; 3.3-V LVCMOS ; 0 s                 ; 0 s                 ; 3.08 V                       ; 3.68e-08 V                   ; 3.12 V              ; -0.0464 V           ; 0.207 V                              ; 0.276 V                              ; 8.51e-10 s                  ; 8.52e-10 s                  ; No                         ; No                         ; 3.08 V                      ; 3.68e-08 V                  ; 3.12 V             ; -0.0464 V          ; 0.207 V                             ; 0.276 V                             ; 8.51e-10 s                 ; 8.52e-10 s                 ; No                        ; No                        ;
; led_display[3]    ; 3.3-V LVCMOS ; 0 s                 ; 0 s                 ; 3.08 V                       ; 3.68e-08 V                   ; 3.12 V              ; -0.0464 V           ; 0.207 V                              ; 0.276 V                              ; 8.51e-10 s                  ; 8.52e-10 s                  ; No                         ; No                         ; 3.08 V                      ; 3.68e-08 V                  ; 3.12 V             ; -0.0464 V          ; 0.207 V                             ; 0.276 V                             ; 8.51e-10 s                 ; 8.52e-10 s                 ; No                        ; No                        ;
; led_display[4]    ; 3.3-V LVCMOS ; 0 s                 ; 0 s                 ; 3.08 V                       ; 3.68e-08 V                   ; 3.08 V              ; -0.000563 V         ; 0.296 V                              ; 0.228 V                              ; 8.56e-09 s                  ; 8.71e-09 s                  ; No                         ; Yes                        ; 3.08 V                      ; 3.68e-08 V                  ; 3.08 V             ; -0.000563 V        ; 0.296 V                             ; 0.228 V                             ; 8.56e-09 s                 ; 8.71e-09 s                 ; No                        ; Yes                       ;
; led_display[5]    ; 3.3-V LVCMOS ; 0 s                 ; 0 s                 ; 3.08 V                       ; 3.68e-08 V                   ; 3.12 V              ; -0.0463 V           ; 0.208 V                              ; 0.277 V                              ; 8.5e-10 s                   ; 8.53e-10 s                  ; No                         ; No                         ; 3.08 V                      ; 3.68e-08 V                  ; 3.12 V             ; -0.0463 V          ; 0.208 V                             ; 0.277 V                             ; 8.5e-10 s                  ; 8.53e-10 s                 ; No                        ; No                        ;
; led_display[6]    ; 3.3-V LVCMOS ; 0 s                 ; 0 s                 ; 3.08 V                       ; 3.68e-08 V                   ; 3.12 V              ; -0.0463 V           ; 0.208 V                              ; 0.277 V                              ; 8.5e-10 s                   ; 8.53e-10 s                  ; No                         ; No                         ; 3.08 V                      ; 3.68e-08 V                  ; 3.12 V             ; -0.0463 V          ; 0.208 V                             ; 0.277 V                             ; 8.5e-10 s                  ; 8.53e-10 s                 ; No                        ; No                        ;
; led_display[7]    ; 3.3-V LVCMOS ; 0 s                 ; 0 s                 ; 3.08 V                       ; 3.68e-08 V                   ; 3.12 V              ; -0.0464 V           ; 0.207 V                              ; 0.276 V                              ; 8.51e-10 s                  ; 8.52e-10 s                  ; No                         ; No                         ; 3.08 V                      ; 3.68e-08 V                  ; 3.12 V             ; -0.0464 V          ; 0.207 V                             ; 0.276 V                             ; 8.51e-10 s                 ; 8.52e-10 s                 ; No                        ; No                        ;
; mode_indicator[0] ; 3.3-V LVCMOS ; 0 s                 ; 0 s                 ; 3.08 V                       ; 3.68e-08 V                   ; 3.12 V              ; -0.0464 V           ; 0.207 V                              ; 0.276 V                              ; 8.51e-10 s                  ; 8.52e-10 s                  ; No                         ; No                         ; 3.08 V                      ; 3.68e-08 V                  ; 3.12 V             ; -0.0464 V          ; 0.207 V                             ; 0.276 V                             ; 8.51e-10 s                 ; 8.52e-10 s                 ; No                        ; No                        ;
; mode_indicator[1] ; 3.3-V LVCMOS ; 0 s                 ; 0 s                 ; 3.08 V                       ; 3.68e-08 V                   ; 3.12 V              ; -0.0463 V           ; 0.208 V                              ; 0.277 V                              ; 8.5e-10 s                   ; 8.53e-10 s                  ; No                         ; No                         ; 3.08 V                      ; 3.68e-08 V                  ; 3.12 V             ; -0.0463 V          ; 0.208 V                             ; 0.277 V                             ; 8.5e-10 s                  ; 8.53e-10 s                 ; No                        ; No                        ;
; mode_indicator[2] ; 3.3-V LVCMOS ; 0 s                 ; 0 s                 ; 3.08 V                       ; 3.68e-08 V                   ; 3.12 V              ; -0.0464 V           ; 0.207 V                              ; 0.276 V                              ; 8.51e-10 s                  ; 8.52e-10 s                  ; No                         ; No                         ; 3.08 V                      ; 3.68e-08 V                  ; 3.12 V             ; -0.0464 V          ; 0.207 V                             ; 0.276 V                             ; 8.51e-10 s                 ; 8.52e-10 s                 ; No                        ; No                        ;
; mode_indicator[3] ; 3.3-V LVCMOS ; 0 s                 ; 0 s                 ; 3.08 V                       ; 3.68e-08 V                   ; 3.12 V              ; -0.0463 V           ; 0.208 V                              ; 0.277 V                              ; 8.5e-10 s                   ; 8.53e-10 s                  ; No                         ; No                         ; 3.08 V                      ; 3.68e-08 V                  ; 3.12 V             ; -0.0463 V          ; 0.208 V                             ; 0.277 V                             ; 8.5e-10 s                  ; 8.53e-10 s                 ; No                        ; No                        ;
; ~ALTERA_TDO~      ; 3.3-V LVCMOS ; 0 s                 ; 0 s                 ; 3.08 V                       ; 2.08e-08 V                   ; 3.19 V              ; -0.126 V            ; 0.218 V                              ; 0.383 V                              ; 4.51e-10 s                  ; 4.73e-10 s                  ; No                         ; No                         ; 3.08 V                      ; 2.08e-08 V                  ; 3.19 V             ; -0.126 V           ; 0.218 V                             ; 0.383 V                             ; 4.51e-10 s                 ; 4.73e-10 s                 ; No                        ; No                        ;
+-------------------+--------------+---------------------+---------------------+------------------------------+------------------------------+---------------------+---------------------+--------------------------------------+--------------------------------------+-----------------------------+-----------------------------+----------------------------+----------------------------+-----------------------------+-----------------------------+--------------------+--------------------+-------------------------------------+-------------------------------------+----------------------------+----------------------------+---------------------------+---------------------------+


+------------------------------------------------------------------------------------------------------------------------------------------------------------------------------------------------------------------------------------------------------------------------------------------------------------------------------------------------------------------------------------------------------------------------------------------------------------------------------------------------------------------------------------------------------------------------------------------------------------------------------------------------------------------------------------------------+
; Signal Integrity Metrics (Slow 1200mv 85c Model)                                                                                                                                                                                                                                                                                                                                                                                                                                                                                                                                                                                                                                               ;
+-------------------+--------------+---------------------+---------------------+------------------------------+------------------------------+---------------------+---------------------+--------------------------------------+--------------------------------------+-----------------------------+-----------------------------+----------------------------+----------------------------+-----------------------------+-----------------------------+--------------------+--------------------+-------------------------------------+-------------------------------------+----------------------------+----------------------------+---------------------------+---------------------------+
; Pin               ; I/O Standard ; Board Delay on Rise ; Board Delay on Fall ; Steady State Voh at FPGA Pin ; Steady State Vol at FPGA Pin ; Voh Max at FPGA Pin ; Vol Min at FPGA Pin ; Ringback Voltage on Rise at FPGA Pin ; Ringback Voltage on Fall at FPGA Pin ; 10-90 Rise Time at FPGA Pin ; 90-10 Fall Time at FPGA Pin ; Monotonic Rise at FPGA Pin ; Monotonic Fall at FPGA Pin ; Steady State Voh at Far-end ; Steady State Vol at Far-end ; Voh Max at Far-end ; Vol Min at Far-end ; Ringback Voltage on Rise at Far-end ; Ringback Voltage on Fall at Far-end ; 10-90 Rise Time at Far-end ; 90-10 Fall Time at Far-end ; Monotonic Rise at Far-end ; Monotonic Fall at Far-end ;
+-------------------+--------------+---------------------+---------------------+------------------------------+------------------------------+---------------------+---------------------+--------------------------------------+--------------------------------------+-----------------------------+-----------------------------+----------------------------+----------------------------+-----------------------------+-----------------------------+--------------------+--------------------+-------------------------------------+-------------------------------------+----------------------------+----------------------------+---------------------------+---------------------------+
; row[0]            ; 3.3-V LVCMOS ; 0 s                 ; 0 s                 ; 3.08 V                       ; 2.3e-06 V                    ; 3.1 V               ; -0.0199 V           ; 0.191 V                              ; 0.262 V                              ; 1.03e-09 s                  ; 1.05e-09 s                  ; Yes                        ; Yes                        ; 3.08 V                      ; 2.3e-06 V                   ; 3.1 V              ; -0.0199 V          ; 0.191 V                             ; 0.262 V                             ; 1.03e-09 s                 ; 1.05e-09 s                 ; Yes                       ; Yes                       ;
; row[1]            ; 3.3-V LVCMOS ; 0 s                 ; 0 s                 ; 3.08 V                       ; 2.3e-06 V                    ; 3.1 V               ; -0.0196 V           ; 0.191 V                              ; 0.261 V                              ; 1.03e-09 s                  ; 1.05e-09 s                  ; Yes                        ; Yes                        ; 3.08 V                      ; 2.3e-06 V                   ; 3.1 V              ; -0.0196 V          ; 0.191 V                             ; 0.261 V                             ; 1.03e-09 s                 ; 1.05e-09 s                 ; Yes                       ; Yes                       ;
; row[2]            ; 3.3-V LVCMOS ; 0 s                 ; 0 s                 ; 3.08 V                       ; 2.3e-06 V                    ; 3.1 V               ; -0.018 V            ; 0.27 V                               ; 0.216 V                              ; 1.11e-09 s                  ; 1.22e-09 s                  ; Yes                        ; Yes                        ; 3.08 V                      ; 2.3e-06 V                   ; 3.1 V              ; -0.018 V           ; 0.27 V                              ; 0.216 V                             ; 1.11e-09 s                 ; 1.22e-09 s                 ; Yes                       ; Yes                       ;
; row[3]            ; 3.3-V LVCMOS ; 0 s                 ; 0 s                 ; 3.08 V                       ; 2.3e-06 V                    ; 3.1 V               ; -0.0199 V           ; 0.191 V                              ; 0.262 V                              ; 1.03e-09 s                  ; 1.05e-09 s                  ; Yes                        ; Yes                        ; 3.08 V                      ; 2.3e-06 V                   ; 3.1 V              ; -0.0199 V          ; 0.191 V                             ; 0.262 V                             ; 1.03e-09 s                 ; 1.05e-09 s                 ; Yes                       ; Yes                       ;
; beeper            ; 3.3-V LVCMOS ; 0 s                 ; 0 s                 ; 3.08 V                       ; 2.3e-06 V                    ; 3.1 V               ; -0.0199 V           ; 0.191 V                              ; 0.262 V                              ; 1.03e-09 s                  ; 1.05e-09 s                  ; Yes                        ; Yes                        ; 3.08 V                      ; 2.3e-06 V                   ; 3.1 V              ; -0.0199 V          ; 0.191 V                             ; 0.262 V                             ; 1.03e-09 s                 ; 1.05e-09 s                 ; Yes                       ; Yes                       ;
; led_display[0]    ; 3.3-V LVCMOS ; 0 s                 ; 0 s                 ; 3.08 V                       ; 2.3e-06 V                    ; 3.1 V               ; -0.0196 V           ; 0.191 V                              ; 0.261 V                              ; 1.03e-09 s                  ; 1.05e-09 s                  ; Yes                        ; Yes                        ; 3.08 V                      ; 2.3e-06 V                   ; 3.1 V              ; -0.0196 V          ; 0.191 V                             ; 0.261 V                             ; 1.03e-09 s                 ; 1.05e-09 s                 ; Yes                       ; Yes                       ;
; led_display[1]    ; 3.3-V LVCMOS ; 0 s                 ; 0 s                 ; 3.08 V                       ; 2.3e-06 V                    ; 3.1 V               ; -0.0199 V           ; 0.191 V                              ; 0.262 V                              ; 1.03e-09 s                  ; 1.05e-09 s                  ; Yes                        ; Yes                        ; 3.08 V                      ; 2.3e-06 V                   ; 3.1 V              ; -0.0199 V          ; 0.191 V                             ; 0.262 V                             ; 1.03e-09 s                 ; 1.05e-09 s                 ; Yes                       ; Yes                       ;
; led_display[2]    ; 3.3-V LVCMOS ; 0 s                 ; 0 s                 ; 3.08 V                       ; 2.3e-06 V                    ; 3.1 V               ; -0.0196 V           ; 0.191 V                              ; 0.261 V                              ; 1.03e-09 s                  ; 1.05e-09 s                  ; Yes                        ; Yes                        ; 3.08 V                      ; 2.3e-06 V                   ; 3.1 V              ; -0.0196 V          ; 0.191 V                             ; 0.261 V                             ; 1.03e-09 s                 ; 1.05e-09 s                 ; Yes                       ; Yes                       ;
; led_display[3]    ; 3.3-V LVCMOS ; 0 s                 ; 0 s                 ; 3.08 V                       ; 2.3e-06 V                    ; 3.1 V               ; -0.0196 V           ; 0.191 V                              ; 0.261 V                              ; 1.03e-09 s                  ; 1.05e-09 s                  ; Yes                        ; Yes                        ; 3.08 V                      ; 2.3e-06 V                   ; 3.1 V              ; -0.0196 V          ; 0.191 V                             ; 0.261 V                             ; 1.03e-09 s                 ; 1.05e-09 s                 ; Yes                       ; Yes                       ;
; led_display[4]    ; 3.3-V LVCMOS ; 0 s                 ; 0 s                 ; 3.08 V                       ; 2.3e-06 V                    ; 3.08 V              ; 2.3e-06 V           ; 0.15 V                               ; 0.118 V                              ; 1.03e-08 s                  ; 1.07e-08 s                  ; Yes                        ; Yes                        ; 3.08 V                      ; 2.3e-06 V                   ; 3.08 V             ; 2.3e-06 V          ; 0.15 V                              ; 0.118 V                             ; 1.03e-08 s                 ; 1.07e-08 s                 ; Yes                       ; Yes                       ;
; led_display[5]    ; 3.3-V LVCMOS ; 0 s                 ; 0 s                 ; 3.08 V                       ; 2.3e-06 V                    ; 3.1 V               ; -0.0199 V           ; 0.191 V                              ; 0.262 V                              ; 1.03e-09 s                  ; 1.05e-09 s                  ; Yes                        ; Yes                        ; 3.08 V                      ; 2.3e-06 V                   ; 3.1 V              ; -0.0199 V          ; 0.191 V                             ; 0.262 V                             ; 1.03e-09 s                 ; 1.05e-09 s                 ; Yes                       ; Yes                       ;
; led_display[6]    ; 3.3-V LVCMOS ; 0 s                 ; 0 s                 ; 3.08 V                       ; 2.3e-06 V                    ; 3.1 V               ; -0.0199 V           ; 0.191 V                              ; 0.262 V                              ; 1.03e-09 s                  ; 1.05e-09 s                  ; Yes                        ; Yes                        ; 3.08 V                      ; 2.3e-06 V                   ; 3.1 V              ; -0.0199 V          ; 0.191 V                             ; 0.262 V                             ; 1.03e-09 s                 ; 1.05e-09 s                 ; Yes                       ; Yes                       ;
; led_display[7]    ; 3.3-V LVCMOS ; 0 s                 ; 0 s                 ; 3.08 V                       ; 2.3e-06 V                    ; 3.1 V               ; -0.0196 V           ; 0.191 V                              ; 0.261 V                              ; 1.03e-09 s                  ; 1.05e-09 s                  ; Yes                        ; Yes                        ; 3.08 V                      ; 2.3e-06 V                   ; 3.1 V              ; -0.0196 V          ; 0.191 V                             ; 0.261 V                             ; 1.03e-09 s                 ; 1.05e-09 s                 ; Yes                       ; Yes                       ;
; mode_indicator[0] ; 3.3-V LVCMOS ; 0 s                 ; 0 s                 ; 3.08 V                       ; 2.3e-06 V                    ; 3.1 V               ; -0.0196 V           ; 0.191 V                              ; 0.261 V                              ; 1.03e-09 s                  ; 1.05e-09 s                  ; Yes                        ; Yes                        ; 3.08 V                      ; 2.3e-06 V                   ; 3.1 V              ; -0.0196 V          ; 0.191 V                             ; 0.261 V                             ; 1.03e-09 s                 ; 1.05e-09 s                 ; Yes                       ; Yes                       ;
; mode_indicator[1] ; 3.3-V LVCMOS ; 0 s                 ; 0 s                 ; 3.08 V                       ; 2.3e-06 V                    ; 3.1 V               ; -0.0199 V           ; 0.191 V                              ; 0.262 V                              ; 1.03e-09 s                  ; 1.05e-09 s                  ; Yes                        ; Yes                        ; 3.08 V                      ; 2.3e-06 V                   ; 3.1 V              ; -0.0199 V          ; 0.191 V                             ; 0.262 V                             ; 1.03e-09 s                 ; 1.05e-09 s                 ; Yes                       ; Yes                       ;
; mode_indicator[2] ; 3.3-V LVCMOS ; 0 s                 ; 0 s                 ; 3.08 V                       ; 2.3e-06 V                    ; 3.1 V               ; -0.0196 V           ; 0.191 V                              ; 0.261 V                              ; 1.03e-09 s                  ; 1.05e-09 s                  ; Yes                        ; Yes                        ; 3.08 V                      ; 2.3e-06 V                   ; 3.1 V              ; -0.0196 V          ; 0.191 V                             ; 0.261 V                             ; 1.03e-09 s                 ; 1.05e-09 s                 ; Yes                       ; Yes                       ;
; mode_indicator[3] ; 3.3-V LVCMOS ; 0 s                 ; 0 s                 ; 3.08 V                       ; 2.3e-06 V                    ; 3.1 V               ; -0.0199 V           ; 0.191 V                              ; 0.262 V                              ; 1.03e-09 s                  ; 1.05e-09 s                  ; Yes                        ; Yes                        ; 3.08 V                      ; 2.3e-06 V                   ; 3.1 V              ; -0.0199 V          ; 0.191 V                             ; 0.262 V                             ; 1.03e-09 s                 ; 1.05e-09 s                 ; Yes                       ; Yes                       ;
; ~ALTERA_TDO~      ; 3.3-V LVCMOS ; 0 s                 ; 0 s                 ; 3.08 V                       ; 1.3e-06 V                    ; 3.15 V              ; -0.0682 V           ; 0.279 V                              ; 0.237 V                              ; 4.81e-10 s                  ; 6.4e-10 s                   ; Yes                        ; No                         ; 3.08 V                      ; 1.3e-06 V                   ; 3.15 V             ; -0.0682 V          ; 0.279 V                             ; 0.237 V                             ; 4.81e-10 s                 ; 6.4e-10 s                  ; Yes                       ; No                        ;
+-------------------+--------------+---------------------+---------------------+------------------------------+------------------------------+---------------------+---------------------+--------------------------------------+--------------------------------------+-----------------------------+-----------------------------+----------------------------+----------------------------+-----------------------------+-----------------------------+--------------------+--------------------+-------------------------------------+-------------------------------------+----------------------------+----------------------------+---------------------------+---------------------------+


+------------------------------------------------------------------------------------------------------------------------------------------------------------------------------------------------------------------------------------------------------------------------------------------------------------------------------------------------------------------------------------------------------------------------------------------------------------------------------------------------------------------------------------------------------------------------------------------------------------------------------------------------------------------------------------------------+
; Signal Integrity Metrics (Fast 1200mv 0c Model)                                                                                                                                                                                                                                                                                                                                                                                                                                                                                                                                                                                                                                                ;
+-------------------+--------------+---------------------+---------------------+------------------------------+------------------------------+---------------------+---------------------+--------------------------------------+--------------------------------------+-----------------------------+-----------------------------+----------------------------+----------------------------+-----------------------------+-----------------------------+--------------------+--------------------+-------------------------------------+-------------------------------------+----------------------------+----------------------------+---------------------------+---------------------------+
; Pin               ; I/O Standard ; Board Delay on Rise ; Board Delay on Fall ; Steady State Voh at FPGA Pin ; Steady State Vol at FPGA Pin ; Voh Max at FPGA Pin ; Vol Min at FPGA Pin ; Ringback Voltage on Rise at FPGA Pin ; Ringback Voltage on Fall at FPGA Pin ; 10-90 Rise Time at FPGA Pin ; 90-10 Fall Time at FPGA Pin ; Monotonic Rise at FPGA Pin ; Monotonic Fall at FPGA Pin ; Steady State Voh at Far-end ; Steady State Vol at Far-end ; Voh Max at Far-end ; Vol Min at Far-end ; Ringback Voltage on Rise at Far-end ; Ringback Voltage on Fall at Far-end ; 10-90 Rise Time at Far-end ; 90-10 Fall Time at Far-end ; Monotonic Rise at Far-end ; Monotonic Fall at Far-end ;
+-------------------+--------------+---------------------+---------------------+------------------------------+------------------------------+---------------------+---------------------+--------------------------------------+--------------------------------------+-----------------------------+-----------------------------+----------------------------+----------------------------+-----------------------------+-----------------------------+--------------------+--------------------+-------------------------------------+-------------------------------------+----------------------------+----------------------------+---------------------------+---------------------------+
; row[0]            ; 3.3-V LVCMOS ; 0 s                 ; 0 s                 ; 3.46 V                       ; 8.93e-07 V                   ; 3.53 V              ; -0.0306 V           ; 0.247 V                              ; 0.251 V                              ; 6.54e-10 s                  ; 6.68e-10 s                  ; No                         ; Yes                        ; 3.46 V                      ; 8.93e-07 V                  ; 3.53 V             ; -0.0306 V          ; 0.247 V                             ; 0.251 V                             ; 6.54e-10 s                 ; 6.68e-10 s                 ; No                        ; Yes                       ;
; row[1]            ; 3.3-V LVCMOS ; 0 s                 ; 0 s                 ; 3.46 V                       ; 8.93e-07 V                   ; 3.53 V              ; -0.0306 V           ; 0.247 V                              ; 0.252 V                              ; 6.55e-10 s                  ; 6.68e-10 s                  ; No                         ; Yes                        ; 3.46 V                      ; 8.93e-07 V                  ; 3.53 V             ; -0.0306 V          ; 0.247 V                             ; 0.252 V                             ; 6.55e-10 s                 ; 6.68e-10 s                 ; No                        ; Yes                       ;
; row[2]            ; 3.3-V LVCMOS ; 0 s                 ; 0 s                 ; 3.46 V                       ; 8.93e-07 V                   ; 3.52 V              ; -0.0321 V           ; 0.324 V                              ; 0.176 V                              ; 6.87e-10 s                  ; 8.14e-10 s                  ; No                         ; Yes                        ; 3.46 V                      ; 8.93e-07 V                  ; 3.52 V             ; -0.0321 V          ; 0.324 V                             ; 0.176 V                             ; 6.87e-10 s                 ; 8.14e-10 s                 ; No                        ; Yes                       ;
; row[3]            ; 3.3-V LVCMOS ; 0 s                 ; 0 s                 ; 3.46 V                       ; 8.93e-07 V                   ; 3.53 V              ; -0.0306 V           ; 0.247 V                              ; 0.251 V                              ; 6.54e-10 s                  ; 6.68e-10 s                  ; No                         ; Yes                        ; 3.46 V                      ; 8.93e-07 V                  ; 3.53 V             ; -0.0306 V          ; 0.247 V                             ; 0.251 V                             ; 6.54e-10 s                 ; 6.68e-10 s                 ; No                        ; Yes                       ;
; beeper            ; 3.3-V LVCMOS ; 0 s                 ; 0 s                 ; 3.46 V                       ; 8.93e-07 V                   ; 3.53 V              ; -0.0306 V           ; 0.247 V                              ; 0.251 V                              ; 6.54e-10 s                  ; 6.68e-10 s                  ; No                         ; Yes                        ; 3.46 V                      ; 8.93e-07 V                  ; 3.53 V             ; -0.0306 V          ; 0.247 V                             ; 0.251 V                             ; 6.54e-10 s                 ; 6.68e-10 s                 ; No                        ; Yes                       ;
; led_display[0]    ; 3.3-V LVCMOS ; 0 s                 ; 0 s                 ; 3.46 V                       ; 8.93e-07 V                   ; 3.53 V              ; -0.0306 V           ; 0.247 V                              ; 0.252 V                              ; 6.55e-10 s                  ; 6.68e-10 s                  ; No                         ; Yes                        ; 3.46 V                      ; 8.93e-07 V                  ; 3.53 V             ; -0.0306 V          ; 0.247 V                             ; 0.252 V                             ; 6.55e-10 s                 ; 6.68e-10 s                 ; No                        ; Yes                       ;
; led_display[1]    ; 3.3-V LVCMOS ; 0 s                 ; 0 s                 ; 3.46 V                       ; 8.93e-07 V                   ; 3.53 V              ; -0.0306 V           ; 0.247 V                              ; 0.251 V                              ; 6.54e-10 s                  ; 6.68e-10 s                  ; No                         ; Yes                        ; 3.46 V                      ; 8.93e-07 V                  ; 3.53 V             ; -0.0306 V          ; 0.247 V                             ; 0.251 V                             ; 6.54e-10 s                 ; 6.68e-10 s                 ; No                        ; Yes                       ;
; led_display[2]    ; 3.3-V LVCMOS ; 0 s                 ; 0 s                 ; 3.46 V                       ; 8.93e-07 V                   ; 3.53 V              ; -0.0306 V           ; 0.247 V                              ; 0.252 V                              ; 6.55e-10 s                  ; 6.68e-10 s                  ; No                         ; Yes                        ; 3.46 V                      ; 8.93e-07 V                  ; 3.53 V             ; -0.0306 V          ; 0.247 V                             ; 0.252 V                             ; 6.55e-10 s                 ; 6.68e-10 s                 ; No                        ; Yes                       ;
; led_display[3]    ; 3.3-V LVCMOS ; 0 s                 ; 0 s                 ; 3.46 V                       ; 8.93e-07 V                   ; 3.53 V              ; -0.0306 V           ; 0.247 V                              ; 0.252 V                              ; 6.55e-10 s                  ; 6.68e-10 s                  ; No                         ; Yes                        ; 3.46 V                      ; 8.93e-07 V                  ; 3.53 V             ; -0.0306 V          ; 0.247 V                             ; 0.252 V                             ; 6.55e-10 s                 ; 6.68e-10 s                 ; No                        ; Yes                       ;
; led_display[4]    ; 3.3-V LVCMOS ; 0 s                 ; 0 s                 ; 3.46 V                       ; 8.93e-07 V                   ; 3.47 V              ; -0.00243 V          ; 0.341 V                              ; 0.276 V                              ; 6.73e-09 s                  ; 7.16e-09 s                  ; No                         ; Yes                        ; 3.46 V                      ; 8.93e-07 V                  ; 3.47 V             ; -0.00243 V         ; 0.341 V                             ; 0.276 V                             ; 6.73e-09 s                 ; 7.16e-09 s                 ; No                        ; Yes                       ;
; led_display[5]    ; 3.3-V LVCMOS ; 0 s                 ; 0 s                 ; 3.46 V                       ; 8.93e-07 V                   ; 3.53 V              ; -0.0306 V           ; 0.247 V                              ; 0.251 V                              ; 6.54e-10 s                  ; 6.68e-10 s                  ; No                         ; Yes                        ; 3.46 V                      ; 8.93e-07 V                  ; 3.53 V             ; -0.0306 V          ; 0.247 V                             ; 0.251 V                             ; 6.54e-10 s                 ; 6.68e-10 s                 ; No                        ; Yes                       ;
; led_display[6]    ; 3.3-V LVCMOS ; 0 s                 ; 0 s                 ; 3.46 V                       ; 8.93e-07 V                   ; 3.53 V              ; -0.0306 V           ; 0.247 V                              ; 0.251 V                              ; 6.54e-10 s                  ; 6.68e-10 s                  ; No                         ; Yes                        ; 3.46 V                      ; 8.93e-07 V                  ; 3.53 V             ; -0.0306 V          ; 0.247 V                             ; 0.251 V                             ; 6.54e-10 s                 ; 6.68e-10 s                 ; No                        ; Yes                       ;
; led_display[7]    ; 3.3-V LVCMOS ; 0 s                 ; 0 s                 ; 3.46 V                       ; 8.93e-07 V                   ; 3.53 V              ; -0.0306 V           ; 0.247 V                              ; 0.252 V                              ; 6.55e-10 s                  ; 6.68e-10 s                  ; No                         ; Yes                        ; 3.46 V                      ; 8.93e-07 V                  ; 3.53 V             ; -0.0306 V          ; 0.247 V                             ; 0.252 V                             ; 6.55e-10 s                 ; 6.68e-10 s                 ; No                        ; Yes                       ;
; mode_indicator[0] ; 3.3-V LVCMOS ; 0 s                 ; 0 s                 ; 3.46 V                       ; 8.93e-07 V                   ; 3.53 V              ; -0.0306 V           ; 0.247 V                              ; 0.252 V                              ; 6.55e-10 s                  ; 6.68e-10 s                  ; No                         ; Yes                        ; 3.46 V                      ; 8.93e-07 V                  ; 3.53 V             ; -0.0306 V          ; 0.247 V                             ; 0.252 V                             ; 6.55e-10 s                 ; 6.68e-10 s                 ; No                        ; Yes                       ;
; mode_indicator[1] ; 3.3-V LVCMOS ; 0 s                 ; 0 s                 ; 3.46 V                       ; 8.93e-07 V                   ; 3.53 V              ; -0.0306 V           ; 0.247 V                              ; 0.251 V                              ; 6.54e-10 s                  ; 6.68e-10 s                  ; No                         ; Yes                        ; 3.46 V                      ; 8.93e-07 V                  ; 3.53 V             ; -0.0306 V          ; 0.247 V                             ; 0.251 V                             ; 6.54e-10 s                 ; 6.68e-10 s                 ; No                        ; Yes                       ;
; mode_indicator[2] ; 3.3-V LVCMOS ; 0 s                 ; 0 s                 ; 3.46 V                       ; 8.93e-07 V                   ; 3.53 V              ; -0.0306 V           ; 0.247 V                              ; 0.252 V                              ; 6.55e-10 s                  ; 6.68e-10 s                  ; No                         ; Yes                        ; 3.46 V                      ; 8.93e-07 V                  ; 3.53 V             ; -0.0306 V          ; 0.247 V                             ; 0.252 V                             ; 6.55e-10 s                 ; 6.68e-10 s                 ; No                        ; Yes                       ;
; mode_indicator[3] ; 3.3-V LVCMOS ; 0 s                 ; 0 s                 ; 3.46 V                       ; 8.93e-07 V                   ; 3.53 V              ; -0.0306 V           ; 0.247 V                              ; 0.251 V                              ; 6.54e-10 s                  ; 6.68e-10 s                  ; No                         ; Yes                        ; 3.46 V                      ; 8.93e-07 V                  ; 3.53 V             ; -0.0306 V          ; 0.247 V                             ; 0.251 V                             ; 6.54e-10 s                 ; 6.68e-10 s                 ; No                        ; Yes                       ;
; ~ALTERA_TDO~      ; 3.3-V LVCMOS ; 0 s                 ; 0 s                 ; 3.46 V                       ; 5.04e-07 V                   ; 3.64 V              ; -0.0201 V           ; 0.391 V                              ; 0.088 V                              ; 2.79e-10 s                  ; 3.95e-10 s                  ; No                         ; Yes                        ; 3.46 V                      ; 5.04e-07 V                  ; 3.64 V             ; -0.0201 V          ; 0.391 V                             ; 0.088 V                             ; 2.79e-10 s                 ; 3.95e-10 s                 ; No                        ; Yes                       ;
+-------------------+--------------+---------------------+---------------------+------------------------------+------------------------------+---------------------+---------------------+--------------------------------------+--------------------------------------+-----------------------------+-----------------------------+----------------------------+----------------------------+-----------------------------+-----------------------------+--------------------+--------------------+-------------------------------------+-------------------------------------+----------------------------+----------------------------+---------------------------+---------------------------+


+-------------------------------------------------------------------+
; Setup Transfers                                                   ;
+------------+----------+----------+----------+----------+----------+
; From Clock ; To Clock ; RR Paths ; FR Paths ; RF Paths ; FF Paths ;
+------------+----------+----------+----------+----------+----------+
; clk        ; clk      ; 501163   ; 0        ; 0        ; 0        ;
+------------+----------+----------+----------+----------+----------+
Entries labeled "false path" only account for clock-to-clock false paths and not path-based false paths. As a result, actual path counts may be lower than reported.


+-------------------------------------------------------------------+
; Hold Transfers                                                    ;
+------------+----------+----------+----------+----------+----------+
; From Clock ; To Clock ; RR Paths ; FR Paths ; RF Paths ; FF Paths ;
+------------+----------+----------+----------+----------+----------+
; clk        ; clk      ; 501163   ; 0        ; 0        ; 0        ;
+------------+----------+----------+----------+----------+----------+
Entries labeled "false path" only account for clock-to-clock false paths and not path-based false paths. As a result, actual path counts may be lower than reported.


+-------------------------------------------------------------------+
; Recovery Transfers                                                ;
+------------+----------+----------+----------+----------+----------+
; From Clock ; To Clock ; RR Paths ; FR Paths ; RF Paths ; FF Paths ;
+------------+----------+----------+----------+----------+----------+
; clk        ; clk      ; 189      ; 0        ; 0        ; 0        ;
+------------+----------+----------+----------+----------+----------+
Entries labeled "false path" only account for clock-to-clock false paths and not path-based false paths. As a result, actual path counts may be lower than reported.


+-------------------------------------------------------------------+
; Removal Transfers                                                 ;
+------------+----------+----------+----------+----------+----------+
; From Clock ; To Clock ; RR Paths ; FR Paths ; RF Paths ; FF Paths ;
+------------+----------+----------+----------+----------+----------+
; clk        ; clk      ; 189      ; 0        ; 0        ; 0        ;
+------------+----------+----------+----------+----------+----------+
Entries labeled "false path" only account for clock-to-clock false paths and not path-based false paths. As a result, actual path counts may be lower than reported.


---------------
; Report TCCS ;
---------------
No dedicated SERDES Transmitter circuitry present in device or used in design


---------------
; Report RSKM ;
---------------
No non-DPA dedicated SERDES Receiver circuitry present in device or used in design


+------------------------------------------------+
; Unconstrained Paths Summary                    ;
+---------------------------------+-------+------+
; Property                        ; Setup ; Hold ;
+---------------------------------+-------+------+
; Illegal Clocks                  ; 0     ; 0    ;
; Unconstrained Clocks            ; 0     ; 0    ;
; Unconstrained Input Ports       ; 0     ; 0    ;
; Unconstrained Input Port Paths  ; 0     ; 0    ;
; Unconstrained Output Ports      ; 0     ; 0    ;
; Unconstrained Output Port Paths ; 0     ; 0    ;
+---------------------------------+-------+------+


+-------------------------------------+
; Clock Status Summary                ;
+--------+-------+------+-------------+
; Target ; Clock ; Type ; Status      ;
+--------+-------+------+-------------+
; clk    ; clk   ; Base ; Constrained ;
+--------+-------+------+-------------+


+--------------------------+
; Timing Analyzer Messages ;
+--------------------------+
Info: *******************************************************************
Info: Running Quartus Prime Timing Analyzer
    Info: Version 18.1.0 Build 625 09/12/2018 SJ Lite Edition
    Info: Processing started: Wed May 28 10:51:15 2025
Info: Command: quartus_sta Electric_Piano -c Electric_Piano
Info: qsta_default_script.tcl version: #1
Warning (18236): Number of processors has not been specified which may cause overloading on shared machines.  Set the global assignment NUM_PARALLEL_PROCESSORS in your QSF to an appropriate value for best performance.
Info (20030): Parallel compilation is enabled and will use 14 of the 14 processors detected
Info (21077): Low junction temperature is 0 degrees C
Info (21077): High junction temperature is 85 degrees C
Info (332104): Reading SDC File: 'Electric_Piano.sdc'
Warning (332174): Ignored filter at Electric_Piano.sdc(8): lcd_sclk could not be matched with a port File: D:/Quartus_Project/Electric_Piano/Electric_Piano.sdc Line: 8
Critical Warning (332049): Ignored create_generated_clock at Electric_Piano.sdc(8): Argument <targets> is an empty collection File: D:/Quartus_Project/Electric_Piano/Electric_Piano.sdc Line: 8
    Info (332050): create_generated_clock -name "lcd_sclk" -source [get_ports {clk}] -divide_by 25 [get_ports {lcd_sclk}] File: D:/Quartus_Project/Electric_Piano/Electric_Piano.sdc Line: 8
Warning (332174): Ignored filter at Electric_Piano.sdc(11): lcd_sclk could not be matched with a clock File: D:/Quartus_Project/Electric_Piano/Electric_Piano.sdc Line: 11
Warning (332054): Assignment set_clock_groups is accepted but has some problems at Electric_Piano.sdc(11): Argument -group with value [get_clocks {lcd_sclk}] contains zero elements File: D:/Quartus_Project/Electric_Piano/Electric_Piano.sdc Line: 11
    Info (332050): set_clock_groups -asynchronous -group [get_clocks {clk}] -group [get_clocks {lcd_sclk}] File: D:/Quartus_Project/Electric_Piano/Electric_Piano.sdc Line: 11
Warning (332174): Ignored filter at Electric_Piano.sdc(37): lcd_mosi could not be matched with a port File: D:/Quartus_Project/Electric_Piano/Electric_Piano.sdc Line: 37
Warning (332049): Ignored set_output_delay at Electric_Piano.sdc(37): Argument <targets> is an empty collection File: D:/Quartus_Project/Electric_Piano/Electric_Piano.sdc Line: 37
    Info (332050): set_output_delay -clock [get_clocks {lcd_sclk}] -max 1.0 [get_ports {lcd_mosi}] File: D:/Quartus_Project/Electric_Piano/Electric_Piano.sdc Line: 37
Warning (332049): Ignored set_output_delay at Electric_Piano.sdc(37): Argument -clock is an empty collection File: D:/Quartus_Project/Electric_Piano/Electric_Piano.sdc Line: 37
Warning (332049): Ignored set_output_delay at Electric_Piano.sdc(38): Argument <targets> is an empty collection File: D:/Quartus_Project/Electric_Piano/Electric_Piano.sdc Line: 38
    Info (332050): set_output_delay -clock [get_clocks {lcd_sclk}] -min 0.2 [get_ports {lcd_mosi}] File: D:/Quartus_Project/Electric_Piano/Electric_Piano.sdc Line: 38
Warning (332049): Ignored set_output_delay at Electric_Piano.sdc(38): Argument -clock is an empty collection File: D:/Quartus_Project/Electric_Piano/Electric_Piano.sdc Line: 38
Warning (332174): Ignored filter at Electric_Piano.sdc(40): lcd_cs could not be matched with a port File: D:/Quartus_Project/Electric_Piano/Electric_Piano.sdc Line: 40
Warning (332049): Ignored set_output_delay at Electric_Piano.sdc(40): Argument <targets> is an empty collection File: D:/Quartus_Project/Electric_Piano/Electric_Piano.sdc Line: 40
    Info (332050): set_output_delay -clock [get_clocks {clk}] -max 2.0 [get_ports {lcd_cs}] File: D:/Quartus_Project/Electric_Piano/Electric_Piano.sdc Line: 40
Warning (332049): Ignored set_output_delay at Electric_Piano.sdc(41): Argument <targets> is an empty collection File: D:/Quartus_Project/Electric_Piano/Electric_Piano.sdc Line: 41
    Info (332050): set_output_delay -clock [get_clocks {clk}] -min 0.5 [get_ports {lcd_cs}] File: D:/Quartus_Project/Electric_Piano/Electric_Piano.sdc Line: 41
Warning (332174): Ignored filter at Electric_Piano.sdc(43): lcd_rst could not be matched with a port File: D:/Quartus_Project/Electric_Piano/Electric_Piano.sdc Line: 43
Warning (332049): Ignored set_output_delay at Electric_Piano.sdc(43): Argument <targets> is an empty collection File: D:/Quartus_Project/Electric_Piano/Electric_Piano.sdc Line: 43
    Info (332050): set_output_delay -clock [get_clocks {clk}] -max 2.0 [get_ports {lcd_rst}] File: D:/Quartus_Project/Electric_Piano/Electric_Piano.sdc Line: 43
Warning (332049): Ignored set_output_delay at Electric_Piano.sdc(44): Argument <targets> is an empty collection File: D:/Quartus_Project/Electric_Piano/Electric_Piano.sdc Line: 44
    Info (332050): set_output_delay -clock [get_clocks {clk}] -min 0.5 [get_ports {lcd_rst}] File: D:/Quartus_Project/Electric_Piano/Electric_Piano.sdc Line: 44
Warning (332174): Ignored filter at Electric_Piano.sdc(46): lcd_dc could not be matched with a port File: D:/Quartus_Project/Electric_Piano/Electric_Piano.sdc Line: 46
Warning (332049): Ignored set_output_delay at Electric_Piano.sdc(46): Argument <targets> is an empty collection File: D:/Quartus_Project/Electric_Piano/Electric_Piano.sdc Line: 46
    Info (332050): set_output_delay -clock [get_clocks {clk}] -max 2.0 [get_ports {lcd_dc}] File: D:/Quartus_Project/Electric_Piano/Electric_Piano.sdc Line: 46
Warning (332049): Ignored set_output_delay at Electric_Piano.sdc(47): Argument <targets> is an empty collection File: D:/Quartus_Project/Electric_Piano/Electric_Piano.sdc Line: 47
    Info (332050): set_output_delay -clock [get_clocks {clk}] -min 0.5 [get_ports {lcd_dc}] File: D:/Quartus_Project/Electric_Piano/Electric_Piano.sdc Line: 47
Warning (332174): Ignored filter at Electric_Piano.sdc(49): lcd_blk could not be matched with a port File: D:/Quartus_Project/Electric_Piano/Electric_Piano.sdc Line: 49
Warning (332049): Ignored set_output_delay at Electric_Piano.sdc(49): Argument <targets> is an empty collection File: D:/Quartus_Project/Electric_Piano/Electric_Piano.sdc Line: 49
    Info (332050): set_output_delay -clock [get_clocks {clk}] -max 2.0 [get_ports {lcd_blk}] File: D:/Quartus_Project/Electric_Piano/Electric_Piano.sdc Line: 49
Warning (332049): Ignored set_output_delay at Electric_Piano.sdc(50): Argument <targets> is an empty collection File: D:/Quartus_Project/Electric_Piano/Electric_Piano.sdc Line: 50
    Info (332050): set_output_delay -clock [get_clocks {clk}] -min 0.5 [get_ports {lcd_blk}] File: D:/Quartus_Project/Electric_Piano/Electric_Piano.sdc Line: 50
Warning (332174): Ignored filter at Electric_Piano.sdc(56): lcd_* could not be matched with a port File: D:/Quartus_Project/Electric_Piano/Electric_Piano.sdc Line: 56
Warning (332049): Ignored set_multicycle_path at Electric_Piano.sdc(56): Argument <to> is an empty collection File: D:/Quartus_Project/Electric_Piano/Electric_Piano.sdc Line: 56
    Info (332050): set_multicycle_path -setup -to [get_ports {lcd_*}] 2 File: D:/Quartus_Project/Electric_Piano/Electric_Piano.sdc Line: 56
Warning (332049): Ignored set_multicycle_path at Electric_Piano.sdc(57): Argument <to> is an empty collection File: D:/Quartus_Project/Electric_Piano/Electric_Piano.sdc Line: 57
    Info (332050): set_multicycle_path -hold -to [get_ports {lcd_*}] 1 File: D:/Quartus_Project/Electric_Piano/Electric_Piano.sdc Line: 57
Critical Warning (332168): The following clock transfers have no clock uncertainty assignment. For more accurate results, apply clock uncertainty assignments or use the derive_clock_uncertainty command.
    Critical Warning (332169): From clk (Rise) to clk (Rise) (setup and hold)
Info: Found TIMING_ANALYZER_REPORT_SCRIPT_INCLUDE_DEFAULT_ANALYSIS = ON
Info: Analyzing Slow 1200mV 85C Model
Info: Can't run Report Timing Closure Recommendations. The current device family is not supported.
Info (332146): Worst-case setup slack is 5.068
    Info (332119):     Slack       End Point TNS Clock 
    Info (332119): ========= =================== =====================
    Info (332119):     5.068               0.000 clk 
Info (332146): Worst-case hold slack is 0.362
    Info (332119):     Slack       End Point TNS Clock 
    Info (332119): ========= =================== =====================
    Info (332119):     0.362               0.000 clk 
Info (332140): No Recovery paths to report
Info (332140): No Removal paths to report
Info (332146): Worst-case minimum pulse width slack is 9.733
    Info (332119):     Slack       End Point TNS Clock 
    Info (332119): ========= =================== =====================
    Info (332119):     9.733               0.000 clk 
Info: Analyzing Slow 1200mV 0C Model
Info (334003): Started post-fitting delay annotation
Info (334004): Delay annotation completed successfully
Critical Warning (332168): The following clock transfers have no clock uncertainty assignment. For more accurate results, apply clock uncertainty assignments or use the derive_clock_uncertainty command.
    Critical Warning (332169): From clk (Rise) to clk (Rise) (setup and hold)
Info (332146): Worst-case setup slack is 6.010
    Info (332119):     Slack       End Point TNS Clock 
    Info (332119): ========= =================== =====================
    Info (332119):     6.010               0.000 clk 
Info (332146): Worst-case hold slack is 0.324
    Info (332119):     Slack       End Point TNS Clock 
    Info (332119): ========= =================== =====================
    Info (332119):     0.324               0.000 clk 
Info (332140): No Recovery paths to report
Info (332140): No Removal paths to report
Info (332146): Worst-case minimum pulse width slack is 9.745
    Info (332119):     Slack       End Point TNS Clock 
    Info (332119): ========= =================== =====================
    Info (332119):     9.745               0.000 clk 
Info: Analyzing Fast 1200mV 0C Model
Critical Warning (332168): The following clock transfers have no clock uncertainty assignment. For more accurate results, apply clock uncertainty assignments or use the derive_clock_uncertainty command.
    Critical Warning (332169): From clk (Rise) to clk (Rise) (setup and hold)
Info (332146): Worst-case setup slack is 14.354
    Info (332119):     Slack       End Point TNS Clock 
    Info (332119): ========= =================== =====================
    Info (332119):    14.354               0.000 clk 
Info (332146): Worst-case hold slack is 0.151
    Info (332119):     Slack       End Point TNS Clock 
    Info (332119): ========= =================== =====================
    Info (332119):     0.151               0.000 clk 
Info (332140): No Recovery paths to report
Info (332140): No Removal paths to report
Info (332146): Worst-case minimum pulse width slack is 9.330
    Info (332119):     Slack       End Point TNS Clock 
    Info (332119): ========= =================== =====================
    Info (332119):     9.330               0.000 clk 
Info (332101): Design is fully constrained for setup requirements
Info (332101): Design is fully constrained for hold requirements
Info: Quartus Prime Timing Analyzer was successful. 0 errors, 31 warnings
    Info: Peak virtual memory: 4919 megabytes
    Info: Processing ended: Wed May 28 10:51:17 2025
    Info: Elapsed time: 00:00:02
    Info: Total CPU time (on all processors): 00:00:02


